# JRE version: Java(TM) SE Runtime Environment (8.0_111-b14) (build 1.8.0_111-b14)
# Java VM: Java HotSpot(TM) 64-Bit Server VM (25.111-b14 mixed mode windows-amd64 compressed oops)
Heap:
 PSYoungGen      total 158208K, used 35721K [0x00000000f5580000, 0x0000000100000000, 0x0000000100000000)
  eden space 148992K, 17% used [0x00000000f5580000,0x00000000f6f95c10,0x00000000fe700000)
  from space 9216K, 97% used [0x00000000fe700000,0x00000000fefcc880,0x00000000ff000000)
  to   space 13312K, 0% used [0x00000000ff300000,0x00000000ff300000,0x0000000100000000)
 ParOldGen       total 114176K, used 67454K [0x00000000e0000000, 0x00000000e6f80000, 0x00000000f5580000)
  object space 114176K, 59% used [0x00000000e0000000,0x00000000e41df940,0x00000000e6f80000)
 Metaspace       used 59495K, capacity 66776K, committed 67072K, reserved 1107968K
  class space    used 7048K, capacity 9150K, committed 9216K, reserved 1048576K
GC Heap History (10 events):
Event: 28.629 GC heap before
{Heap before GC invocations=20 (full 3):
 PSYoungGen      total 164864K, used 155136K [0x00000000f5580000, 0x0000000100000000, 0x0000000100000000)
  eden space 155136K, 100% used [0x00000000f5580000,0x00000000fed00000,0x00000000fed00000)
  from space 9728K, 0% used [0x00000000ff680000,0x00000000ff680000,0x0000000100000000)
  to   space 9728K, 0% used [0x00000000fed00000,0x00000000fed00000,0x00000000ff680000)
 ParOldGen       total 114176K, used 60472K [0x00000000e0000000, 0x00000000e6f80000, 0x00000000f5580000)
  object space 114176K, 52% used [0x00000000e0000000,0x00000000e3b0e138,0x00000000e6f80000)
 Metaspace       used 49863K, capacity 55962K, committed 56064K, reserved 1097728K
  class space    used 6064K, capacity 7926K, committed 7936K, reserved 1048576K
Event: 28.643 GC heap after
Heap after GC invocations=20 (full 3):
 PSYoungGen      total 164864K, used 3346K [0x00000000f5580000, 0x0000000100000000, 0x0000000100000000)
  eden space 155136K, 0% used [0x00000000f5580000,0x00000000f5580000,0x00000000fed00000)
  from space 9728K, 34% used [0x00000000fed00000,0x00000000ff0449f8,0x00000000ff680000)
  to   space 9728K, 0% used [0x00000000ff680000,0x00000000ff680000,0x0000000100000000)
 ParOldGen       total 114176K, used 60480K [0x00000000e0000000, 0x00000000e6f80000, 0x00000000f5580000)
  object space 114176K, 52% used [0x00000000e0000000,0x00000000e3b10138,0x00000000e6f80000)
 Metaspace       used 49863K, capacity 55962K, committed 56064K, reserved 1097728K
  class space    used 6064K, capacity 7926K, committed 7936K, reserved 1048576K
}
Event: 30.549 GC heap before
{Heap before GC invocations=21 (full 3):
 PSYoungGen      total 164864K, used 158482K [0x00000000f5580000, 0x0000000100000000, 0x0000000100000000)
  eden space 155136K, 100% used [0x00000000f5580000,0x00000000fed00000,0x00000000fed00000)
  from space 9728K, 34% used [0x00000000fed00000,0x00000000ff0449f8,0x00000000ff680000)
  to   space 9728K, 0% used [0x00000000ff680000,0x00000000ff680000,0x0000000100000000)
 ParOldGen       total 114176K, used 60480K [0x00000000e0000000, 0x00000000e6f80000, 0x00000000f5580000)
  object space 114176K, 52% used [0x00000000e0000000,0x00000000e3b10138,0x00000000e6f80000)
 Metaspace       used 53936K, capacity 60242K, committed 60416K, reserved 1101824K
  class space    used 6467K, capacity 8404K, committed 8448K, reserved 1048576K
Event: 30.574 GC heap after
Heap after GC invocations=21 (full 3):
 PSYoungGen      total 164864K, used 7059K [0x00000000f5580000, 0x0000000100000000, 0x0000000100000000)
  eden space 155136K, 0% used [0x00000000f5580000,0x00000000f5580000,0x00000000fed00000)
  from space 9728K, 72% used [0x00000000ff680000,0x00000000ffd64c40,0x0000000100000000)
  to   space 9728K, 0% used [0x00000000fed00000,0x00000000fed00000,0x00000000ff680000)
 ParOldGen       total 114176K, used 60480K [0x00000000e0000000, 0x00000000e6f80000, 0x00000000f5580000)
  object space 114176K, 52% used [0x00000000e0000000,0x00000000e3b10138,0x00000000e6f80000)
 Metaspace       used 53936K, capacity 60242K, committed 60416K, reserved 1101824K
  class space    used 6467K, capacity 8404K, committed 8448K, reserved 1048576K
}
Event: 32.249 GC heap before
{Heap before GC invocations=22 (full 3):
 PSYoungGen      total 164864K, used 162195K [0x00000000f5580000, 0x0000000100000000, 0x0000000100000000)
  eden space 155136K, 100% used [0x00000000f5580000,0x00000000fed00000,0x00000000fed00000)
  from space 9728K, 72% used [0x00000000ff680000,0x00000000ffd64c40,0x0000000100000000)
  to   space 9728K, 0% used [0x00000000fed00000,0x00000000fed00000,0x00000000ff680000)
 ParOldGen       total 114176K, used 60480K [0x00000000e0000000, 0x00000000e6f80000, 0x00000000f5580000)
  object space 114176K, 52% used [0x00000000e0000000,0x00000000e3b10138,0x00000000e6f80000)
 Metaspace       used 56250K, capacity 62978K, committed 63104K, reserved 1103872K
  class space    used 6690K, capacity 8708K, committed 8832K, reserved 1048576K
Event: 32.307 GC heap after
Heap after GC invocations=22 (full 3):
 PSYoungGen      total 163328K, used 7915K [0x00000000f5580000, 0x0000000100000000, 0x0000000100000000)
  eden space 155136K, 0% used [0x00000000f5580000,0x00000000f5580000,0x00000000fed00000)
  from space 8192K, 96% used [0x00000000fed00000,0x00000000ff4bafd0,0x00000000ff500000)
  to   space 10240K, 0% used [0x00000000ff600000,0x00000000ff600000,0x0000000100000000)
 ParOldGen       total 114176K, used 60480K [0x00000000e0000000, 0x00000000e6f80000, 0x00000000f5580000)
  object space 114176K, 52% used [0x00000000e0000000,0x00000000e3b10138,0x00000000e6f80000)
 Metaspace       used 56250K, capacity 62978K, committed 63104K, reserved 1103872K
  class space    used 6690K, capacity 8708K, committed 8832K, reserved 1048576K
}
Event: 35.036 GC heap before
{Heap before GC invocations=23 (full 3):
 PSYoungGen      total 163328K, used 163051K [0x00000000f5580000, 0x0000000100000000, 0x0000000100000000)
  eden space 155136K, 100% used [0x00000000f5580000,0x00000000fed00000,0x00000000fed00000)
  from space 8192K, 96% used [0x00000000fed00000,0x00000000ff4bafd0,0x00000000ff500000)
  to   space 10240K, 0% used [0x00000000ff600000,0x00000000ff600000,0x0000000100000000)
 ParOldGen       total 114176K, used 60480K [0x00000000e0000000, 0x00000000e6f80000, 0x00000000f5580000)
  object space 114176K, 52% used [0x00000000e0000000,0x00000000e3b10138,0x00000000e6f80000)
 Metaspace       used 59164K, capacity 66198K, committed 66560K, reserved 1105920K
  class space    used 7031K, capacity 9103K, committed 9216K, reserved 1048576K
Event: 35.074 GC heap after
Heap after GC invocations=23 (full 3):
 PSYoungGen      total 159232K, used 10237K [0x00000000f5580000, 0x0000000100000000, 0x0000000100000000)
  eden space 148992K, 0% used [0x00000000f5580000,0x00000000f5580000,0x00000000fe700000)
  from space 10240K, 99% used [0x00000000ff600000,0x00000000fffff670,0x0000000100000000)
  to   space 12800K, 0% used [0x00000000fe700000,0x00000000fe700000,0x00000000ff380000)
 ParOldGen       total 114176K, used 64204K [0x00000000e0000000, 0x00000000e6f80000, 0x00000000f5580000)
  object space 114176K, 56% used [0x00000000e0000000,0x00000000e3eb3250,0x00000000e6f80000)
 Metaspace       used 59164K, capacity 66198K, committed 66560K, reserved 1105920K
  class space    used 7031K, capacity 9103K, committed 9216K, reserved 1048576K
}
Event: 37.367 GC heap before
{Heap before GC invocations=24 (full 3):
 PSYoungGen      total 159232K, used 159229K [0x00000000f5580000, 0x0000000100000000, 0x0000000100000000)
  eden space 148992K, 100% used [0x00000000f5580000,0x00000000fe700000,0x00000000fe700000)
  from space 10240K, 99% used [0x00000000ff600000,0x00000000fffff670,0x0000000100000000)
  to   space 12800K, 0% used [0x00000000fe700000,0x00000000fe700000,0x00000000ff380000)
 ParOldGen       total 114176K, used 64204K [0x00000000e0000000, 0x00000000e6f80000, 0x00000000f5580000)
  object space 114176K, 56% used [0x00000000e0000000,0x00000000e3eb3250,0x00000000e6f80000)
 Metaspace       used 59477K, capacity 66764K, committed 67072K, reserved 1107968K
  class space    used 7046K, capacity 9148K, committed 9216K, reserved 1048576K
Event: 37.400 GC heap after
Heap after GC invocations=24 (full 3):
 PSYoungGen      total 158208K, used 9010K [0x00000000f5580000, 0x0000000100000000, 0x0000000100000000)
  eden space 148992K, 0% used [0x00000000f5580000,0x00000000f5580000,0x00000000fe700000)
  from space 9216K, 97% used [0x00000000fe700000,0x00000000fefcc880,0x00000000ff000000)
  to   space 13312K, 0% used [0x00000000ff300000,0x00000000ff300000,0x0000000100000000)
 ParOldGen       total 114176K, used 67454K [0x00000000e0000000, 0x00000000e6f80000, 0x00000000f5580000)
  object space 114176K, 59% used [0x00000000e0000000,0x00000000e41df940,0x00000000e6f80000)
 Metaspace       used 59477K, capacity 66764K, committed 67072K, reserved 1107968K
  class space    used 7046K, capacity 9148K, committed 9216K, reserved 1048576K
}

