# JRE version: Java(TM) SE Runtime Environment (8.0_111-b14) (build 1.8.0_111-b14)
# Java VM: Java HotSpot(TM) 64-Bit Server VM (25.111-b14 mixed mode windows-amd64 compressed oops)
Heap:
 PSYoungGen      total 160256K, used 64599K [0x00000000f5580000, 0x0000000100000000, 0x0000000100000000)
  eden space 150016K, 36% used [0x00000000f5580000,0x00000000f8b2d210,0x00000000fe800000)
  from space 10240K, 94% used [0x00000000ff600000,0x00000000fff68af8,0x0000000100000000)
  to   space 12288K, 0% used [0x00000000fe800000,0x00000000fe800000,0x00000000ff400000)
 ParOldGen       total 113664K, used 67409K [0x00000000e0000000, 0x00000000e6f00000, 0x00000000f5580000)
  object space 113664K, 59% used [0x00000000e0000000,0x00000000e41d4540,0x00000000e6f00000)
 Metaspace       used 62678K, capacity 72622K, committed 72704K, reserved 1112064K
  class space    used 7655K, capacity 10196K, committed 10240K, reserved 1048576K
GC Heap History (10 events):
Event: 39.027 GC heap before
{Heap before GC invocations=21 (full 3):
 PSYoungGen      total 163840K, used 158058K [0x00000000f5580000, 0x00000000fff00000, 0x0000000100000000)
  eden space 153600K, 100% used [0x00000000f5580000,0x00000000feb80000,0x00000000feb80000)
  from space 10240K, 43% used [0x00000000feb80000,0x00000000fefdaab0,0x00000000ff580000)
  to   space 9728K, 0% used [0x00000000ff580000,0x00000000ff580000,0x00000000fff00000)
 ParOldGen       total 113664K, used 59711K [0x00000000e0000000, 0x00000000e6f00000, 0x00000000f5580000)
  object space 113664K, 52% used [0x00000000e0000000,0x00000000e3a4fcb0,0x00000000e6f00000)
 Metaspace       used 52798K, capacity 59080K, committed 59264K, reserved 1099776K
  class space    used 6401K, capacity 8311K, committed 8320K, reserved 1048576K
Event: 39.050 GC heap after
Heap after GC invocations=21 (full 3):
 PSYoungGen      total 163840K, used 4405K [0x00000000f5580000, 0x00000000fff80000, 0x0000000100000000)
  eden space 154112K, 0% used [0x00000000f5580000,0x00000000f5580000,0x00000000fec00000)
  from space 9728K, 45% used [0x00000000ff580000,0x00000000ff9cd5b0,0x00000000fff00000)
  to   space 9728K, 0% used [0x00000000fec00000,0x00000000fec00000,0x00000000ff580000)
 ParOldGen       total 113664K, used 62971K [0x00000000e0000000, 0x00000000e6f00000, 0x00000000f5580000)
  object space 113664K, 55% used [0x00000000e0000000,0x00000000e3d7edf0,0x00000000e6f00000)
 Metaspace       used 52798K, capacity 59080K, committed 59264K, reserved 1099776K
  class space    used 6401K, capacity 8311K, committed 8320K, reserved 1048576K
}
Event: 40.427 GC heap before
{Heap before GC invocations=22 (full 3):
 PSYoungGen      total 163840K, used 158517K [0x00000000f5580000, 0x00000000fff80000, 0x0000000100000000)
  eden space 154112K, 100% used [0x00000000f5580000,0x00000000fec00000,0x00000000fec00000)
  from space 9728K, 45% used [0x00000000ff580000,0x00000000ff9cd5b0,0x00000000fff00000)
  to   space 9728K, 0% used [0x00000000fec00000,0x00000000fec00000,0x00000000ff580000)
 ParOldGen       total 113664K, used 62971K [0x00000000e0000000, 0x00000000e6f00000, 0x00000000f5580000)
  object space 113664K, 55% used [0x00000000e0000000,0x00000000e3d7edf0,0x00000000e6f00000)
 Metaspace       used 55801K, capacity 62222K, committed 62464K, reserved 1103872K
  class space    used 6661K, capacity 8608K, committed 8704K, reserved 1048576K
Event: 40.445 GC heap after
Heap after GC invocations=22 (full 3):
 PSYoungGen      total 163840K, used 5337K [0x00000000f5580000, 0x00000000fff00000, 0x0000000100000000)
  eden space 154112K, 0% used [0x00000000f5580000,0x00000000f5580000,0x00000000fec00000)
  from space 9728K, 54% used [0x00000000fec00000,0x00000000ff136558,0x00000000ff580000)
  to   space 9216K, 0% used [0x00000000ff600000,0x00000000ff600000,0x00000000fff00000)
 ParOldGen       total 113664K, used 62971K [0x00000000e0000000, 0x00000000e6f00000, 0x00000000f5580000)
  object space 113664K, 55% used [0x00000000e0000000,0x00000000e3d7edf0,0x00000000e6f00000)
 Metaspace       used 55801K, capacity 62222K, committed 62464K, reserved 1103872K
  class space    used 6661K, capacity 8608K, committed 8704K, reserved 1048576K
}
Event: 42.844 GC heap before
{Heap before GC invocations=23 (full 3):
 PSYoungGen      total 163840K, used 159449K [0x00000000f5580000, 0x00000000fff00000, 0x0000000100000000)
  eden space 154112K, 100% used [0x00000000f5580000,0x00000000fec00000,0x00000000fec00000)
  from space 9728K, 54% used [0x00000000fec00000,0x00000000ff136558,0x00000000ff580000)
  to   space 9216K, 0% used [0x00000000ff600000,0x00000000ff600000,0x00000000fff00000)
 ParOldGen       total 113664K, used 62971K [0x00000000e0000000, 0x00000000e6f00000, 0x00000000f5580000)
  object space 113664K, 55% used [0x00000000e0000000,0x00000000e3d7edf0,0x00000000e6f00000)
 Metaspace       used 57680K, capacity 64754K, committed 64896K, reserved 1105920K
  class space    used 6922K, capacity 8984K, committed 9088K, reserved 1048576K
Event: 42.894 GC heap after
Heap after GC invocations=23 (full 3):
 PSYoungGen      total 163328K, used 9094K [0x00000000f5580000, 0x0000000100000000, 0x0000000100000000)
  eden space 154112K, 0% used [0x00000000f5580000,0x00000000f5580000,0x00000000fec00000)
  from space 9216K, 98% used [0x00000000ff600000,0x00000000ffee18b8,0x00000000fff00000)
  to   space 10240K, 0% used [0x00000000fec00000,0x00000000fec00000,0x00000000ff600000)
 ParOldGen       total 113664K, used 62979K [0x00000000e0000000, 0x00000000e6f00000, 0x00000000f5580000)
  object space 113664K, 55% used [0x00000000e0000000,0x00000000e3d80df0,0x00000000e6f00000)
 Metaspace       used 57680K, capacity 64754K, committed 64896K, reserved 1105920K
  class space    used 6922K, capacity 8984K, committed 9088K, reserved 1048576K
}
Event: 45.850 GC heap before
{Heap before GC invocations=24 (full 3):
 PSYoungGen      total 163328K, used 163206K [0x00000000f5580000, 0x0000000100000000, 0x0000000100000000)
  eden space 154112K, 100% used [0x00000000f5580000,0x00000000fec00000,0x00000000fec00000)
  from space 9216K, 98% used [0x00000000ff600000,0x00000000ffee18b8,0x00000000fff00000)
  to   space 10240K, 0% used [0x00000000fec00000,0x00000000fec00000,0x00000000ff600000)
 ParOldGen       total 113664K, used 62979K [0x00000000e0000000, 0x00000000e6f00000, 0x00000000f5580000)
  object space 113664K, 55% used [0x00000000e0000000,0x00000000e3d80df0,0x00000000e6f00000)
 Metaspace       used 60325K, capacity 69174K, committed 69504K, reserved 1107968K
  class space    used 7506K, capacity 10014K, committed 10112K, reserved 1048576K
Event: 45.886 GC heap after
Heap after GC invocations=24 (full 3):
 PSYoungGen      total 164352K, used 10236K [0x00000000f5580000, 0x0000000100000000, 0x0000000100000000)
  eden space 154112K, 0% used [0x00000000f5580000,0x00000000f5580000,0x00000000fec00000)
  from space 10240K, 99% used [0x00000000fec00000,0x00000000ff5ff0b0,0x00000000ff600000)
  to   space 10240K, 0% used [0x00000000ff600000,0x00000000ff600000,0x0000000100000000)
 ParOldGen       total 113664K, used 63689K [0x00000000e0000000, 0x00000000e6f00000, 0x00000000f5580000)
  object space 113664K, 56% used [0x00000000e0000000,0x00000000e3e324b0,0x00000000e6f00000)
 Metaspace       used 60325K, capacity 69174K, committed 69504K, reserved 1107968K
  class space    used 7506K, capacity 10014K, committed 10112K, reserved 1048576K
}
Event: 53.136 GC heap before
{Heap before GC invocations=25 (full 3):
 PSYoungGen      total 164352K, used 164348K [0x00000000f5580000, 0x0000000100000000, 0x0000000100000000)
  eden space 154112K, 100% used [0x00000000f5580000,0x00000000fec00000,0x00000000fec00000)
  from space 10240K, 99% used [0x00000000fec00000,0x00000000ff5ff0b0,0x00000000ff600000)
  to   space 10240K, 0% used [0x00000000ff600000,0x00000000ff600000,0x0000000100000000)
 ParOldGen       total 113664K, used 63689K [0x00000000e0000000, 0x00000000e6f00000, 0x00000000f5580000)
  object space 113664K, 56% used [0x00000000e0000000,0x00000000e3e324b0,0x00000000e6f00000)
 Metaspace       used 61944K, capacity 71816K, committed 72064K, reserved 1112064K
  class space    used 7568K, capacity 10079K, committed 10112K, reserved 1048576K
Event: 53.187 GC heap after
Heap after GC invocations=25 (full 3):
 PSYoungGen      total 160256K, used 9634K [0x00000000f5580000, 0x0000000100000000, 0x0000000100000000)
  eden space 150016K, 0% used [0x00000000f5580000,0x00000000f5580000,0x00000000fe800000)
  from space 10240K, 94% used [0x00000000ff600000,0x00000000fff68af8,0x0000000100000000)
  to   space 12288K, 0% used [0x00000000fe800000,0x00000000fe800000,0x00000000ff400000)
 ParOldGen       total 113664K, used 67409K [0x00000000e0000000, 0x00000000e6f00000, 0x00000000f5580000)
  object space 113664K, 59% used [0x00000000e0000000,0x00000000e41d4540,0x00000000e6f00000)
 Metaspace       used 61944K, capacity 71816K, committed 72064K, reserved 1112064K
  class space    used 7568K, capacity 10079K, committed 10112K, reserved 1048576K
}

