# JRE version: Java(TM) SE Runtime Environment (8.0_111-b14) (build 1.8.0_111-b14)
# Java VM: Java HotSpot(TM) 64-Bit Server VM (25.111-b14 mixed mode windows-amd64 compressed oops)
Heap:
 PSYoungGen      total 157696K, used 113424K [0x00000000f5580000, 0x0000000100000000, 0x0000000100000000)
  eden space 148992K, 70% used [0x00000000f5580000,0x00000000fbbdd588,0x00000000fe700000)
  from space 8704K, 98% used [0x00000000fe700000,0x00000000fef66b78,0x00000000fef80000)
  to   space 13312K, 0% used [0x00000000ff300000,0x00000000ff300000,0x0000000100000000)
 ParOldGen       total 103424K, used 65751K [0x00000000e0000000, 0x00000000e6500000, 0x00000000f5580000)
  object space 103424K, 63% used [0x00000000e0000000,0x00000000e4035c70,0x00000000e6500000)
 Metaspace       used 59522K, capacity 66812K, committed 67072K, reserved 1107968K
  class space    used 7052K, capacity 9158K, committed 9216K, reserved 1048576K
GC Heap History (10 events):
Event: 48.918 GC heap before
{Heap before GC invocations=24 (full 3):
 PSYoungGen      total 163840K, used 161368K [0x00000000f5580000, 0x0000000100000000, 0x0000000100000000)
  eden space 154624K, 100% used [0x00000000f5580000,0x00000000fec80000,0x00000000fec80000)
  from space 9216K, 73% used [0x00000000ff600000,0x00000000ffc96090,0x00000000fff00000)
  to   space 9728K, 0% used [0x00000000fec80000,0x00000000fec80000,0x00000000ff600000)
 ParOldGen       total 103424K, used 54013K [0x00000000e0000000, 0x00000000e6500000, 0x00000000f5580000)
  object space 103424K, 52% used [0x00000000e0000000,0x00000000e34bf640,0x00000000e6500000)
 Metaspace       used 49452K, capacity 55382K, committed 55552K, reserved 1097728K
  class space    used 6030K, capacity 7884K, committed 7936K, reserved 1048576K
Event: 48.941 GC heap after
Heap after GC invocations=24 (full 3):
 PSYoungGen      total 164352K, used 4813K [0x00000000f5580000, 0x00000000fff80000, 0x0000000100000000)
  eden space 154624K, 0% used [0x00000000f5580000,0x00000000f5580000,0x00000000fec80000)
  from space 9728K, 49% used [0x00000000fec80000,0x00000000ff133690,0x00000000ff600000)
  to   space 9216K, 0% used [0x00000000ff680000,0x00000000ff680000,0x00000000fff80000)
 ParOldGen       total 103424K, used 58603K [0x00000000e0000000, 0x00000000e6500000, 0x00000000f5580000)
  object space 103424K, 56% used [0x00000000e0000000,0x00000000e393ad08,0x00000000e6500000)
 Metaspace       used 49452K, capacity 55382K, committed 55552K, reserved 1097728K
  class space    used 6030K, capacity 7884K, committed 7936K, reserved 1048576K
}
Event: 51.475 GC heap before
{Heap before GC invocations=25 (full 3):
 PSYoungGen      total 164352K, used 159437K [0x00000000f5580000, 0x00000000fff80000, 0x0000000100000000)
  eden space 154624K, 100% used [0x00000000f5580000,0x00000000fec80000,0x00000000fec80000)
  from space 9728K, 49% used [0x00000000fec80000,0x00000000ff133690,0x00000000ff600000)
  to   space 9216K, 0% used [0x00000000ff680000,0x00000000ff680000,0x00000000fff80000)
 ParOldGen       total 103424K, used 58603K [0x00000000e0000000, 0x00000000e6500000, 0x00000000f5580000)
  object space 103424K, 56% used [0x00000000e0000000,0x00000000e393ad08,0x00000000e6500000)
 Metaspace       used 52124K, capacity 58492K, committed 58752K, reserved 1099776K
  class space    used 6335K, capacity 8279K, committed 8320K, reserved 1048576K
Event: 51.493 GC heap after
Heap after GC invocations=25 (full 3):
 PSYoungGen      total 164352K, used 6985K [0x00000000f5580000, 0x0000000100000000, 0x0000000100000000)
  eden space 155136K, 0% used [0x00000000f5580000,0x00000000f5580000,0x00000000fed00000)
  from space 9216K, 75% used [0x00000000ff680000,0x00000000ffd52430,0x00000000fff80000)
  to   space 9728K, 0% used [0x00000000fed00000,0x00000000fed00000,0x00000000ff680000)
 ParOldGen       total 103424K, used 58611K [0x00000000e0000000, 0x00000000e6500000, 0x00000000f5580000)
  object space 103424K, 56% used [0x00000000e0000000,0x00000000e393cd08,0x00000000e6500000)
 Metaspace       used 52124K, capacity 58492K, committed 58752K, reserved 1099776K
  class space    used 6335K, capacity 8279K, committed 8320K, reserved 1048576K
}
Event: 53.217 GC heap before
{Heap before GC invocations=26 (full 3):
 PSYoungGen      total 164352K, used 162121K [0x00000000f5580000, 0x0000000100000000, 0x0000000100000000)
  eden space 155136K, 100% used [0x00000000f5580000,0x00000000fed00000,0x00000000fed00000)
  from space 9216K, 75% used [0x00000000ff680000,0x00000000ffd52430,0x00000000fff80000)
  to   space 9728K, 0% used [0x00000000fed00000,0x00000000fed00000,0x00000000ff680000)
 ParOldGen       total 103424K, used 58611K [0x00000000e0000000, 0x00000000e6500000, 0x00000000f5580000)
  object space 103424K, 56% used [0x00000000e0000000,0x00000000e393cd08,0x00000000e6500000)
 Metaspace       used 55552K, capacity 62000K, committed 62080K, reserved 1103872K
  class space    used 6607K, capacity 8575K, committed 8576K, reserved 1048576K
Event: 53.239 GC heap after
Heap after GC invocations=26 (full 3):
 PSYoungGen      total 164352K, used 8912K [0x00000000f5580000, 0x0000000100000000, 0x0000000100000000)
  eden space 155136K, 0% used [0x00000000f5580000,0x00000000f5580000,0x00000000fed00000)
  from space 9216K, 96% used [0x00000000fed00000,0x00000000ff5b4290,0x00000000ff600000)
  to   space 10240K, 0% used [0x00000000ff600000,0x00000000ff600000,0x0000000100000000)
 ParOldGen       total 103424K, used 58611K [0x00000000e0000000, 0x00000000e6500000, 0x00000000f5580000)
  object space 103424K, 56% used [0x00000000e0000000,0x00000000e393cd08,0x00000000e6500000)
 Metaspace       used 55552K, capacity 62000K, committed 62080K, reserved 1103872K
  class space    used 6607K, capacity 8575K, committed 8576K, reserved 1048576K
}
Event: 56.706 GC heap before
{Heap before GC invocations=27 (full 3):
 PSYoungGen      total 164352K, used 164048K [0x00000000f5580000, 0x0000000100000000, 0x0000000100000000)
  eden space 155136K, 100% used [0x00000000f5580000,0x00000000fed00000,0x00000000fed00000)
  from space 9216K, 96% used [0x00000000fed00000,0x00000000ff5b4290,0x00000000ff600000)
  to   space 10240K, 0% used [0x00000000ff600000,0x00000000ff600000,0x0000000100000000)
 ParOldGen       total 103424K, used 58611K [0x00000000e0000000, 0x00000000e6500000, 0x00000000f5580000)
  object space 103424K, 56% used [0x00000000e0000000,0x00000000e393cd08,0x00000000e6500000)
 Metaspace       used 58096K, capacity 65080K, committed 65408K, reserved 1105920K
  class space    used 6920K, capacity 8990K, committed 9088K, reserved 1048576K
Event: 56.739 GC heap after
Heap after GC invocations=27 (full 3):
 PSYoungGen      total 159232K, used 10216K [0x00000000f5580000, 0x0000000100000000, 0x0000000100000000)
  eden space 148992K, 0% used [0x00000000f5580000,0x00000000f5580000,0x00000000fe700000)
  from space 10240K, 99% used [0x00000000ff600000,0x00000000ffffa230,0x0000000100000000)
  to   space 12800K, 0% used [0x00000000fe700000,0x00000000fe700000,0x00000000ff380000)
 ParOldGen       total 103424K, used 61435K [0x00000000e0000000, 0x00000000e6500000, 0x00000000f5580000)
  object space 103424K, 59% used [0x00000000e0000000,0x00000000e3bfef98,0x00000000e6500000)
 Metaspace       used 58096K, capacity 65080K, committed 65408K, reserved 1105920K
  class space    used 6920K, capacity 8990K, committed 9088K, reserved 1048576K
}
Event: 58.879 GC heap before
{Heap before GC invocations=28 (full 3):
 PSYoungGen      total 159232K, used 159208K [0x00000000f5580000, 0x0000000100000000, 0x0000000100000000)
  eden space 148992K, 100% used [0x00000000f5580000,0x00000000fe700000,0x00000000fe700000)
  from space 10240K, 99% used [0x00000000ff600000,0x00000000ffffa230,0x0000000100000000)
  to   space 12800K, 0% used [0x00000000fe700000,0x00000000fe700000,0x00000000ff380000)
 ParOldGen       total 103424K, used 61435K [0x00000000e0000000, 0x00000000e6500000, 0x00000000f5580000)
  object space 103424K, 59% used [0x00000000e0000000,0x00000000e3bfef98,0x00000000e6500000)
 Metaspace       used 59391K, capacity 66552K, committed 66816K, reserved 1107968K
  class space    used 7044K, capacity 9144K, committed 9216K, reserved 1048576K
Event: 58.960 GC heap after
Heap after GC invocations=28 (full 3):
 PSYoungGen      total 157696K, used 8602K [0x00000000f5580000, 0x0000000100000000, 0x0000000100000000)
  eden space 148992K, 0% used [0x00000000f5580000,0x00000000f5580000,0x00000000fe700000)
  from space 8704K, 98% used [0x00000000fe700000,0x00000000fef66b78,0x00000000fef80000)
  to   space 13312K, 0% used [0x00000000ff300000,0x00000000ff300000,0x0000000100000000)
 ParOldGen       total 103424K, used 65751K [0x00000000e0000000, 0x00000000e6500000, 0x00000000f5580000)
  object space 103424K, 63% used [0x00000000e0000000,0x00000000e4035c70,0x00000000e6500000)
 Metaspace       used 59391K, capacity 66552K, committed 66816K, reserved 1107968K
  class space    used 7044K, capacity 9144K, committed 9216K, reserved 1048576K
}

