# JRE version: Java(TM) SE Runtime Environment (8.0_111-b14) (build 1.8.0_111-b14)
# Java VM: Java HotSpot(TM) 64-Bit Server VM (25.111-b14 mixed mode windows-amd64 compressed oops)
Heap:
 PSYoungGen      total 159232K, used 58621K [0x00000000f5580000, 0x0000000100000000, 0x0000000100000000)
  eden space 148992K, 32% used [0x00000000f5580000,0x00000000f84e2d90,0x00000000fe700000)
  from space 10240K, 98% used [0x00000000fe700000,0x00000000ff0dc880,0x00000000ff100000)
  to   space 13312K, 0% used [0x00000000ff300000,0x00000000ff300000,0x0000000100000000)
 ParOldGen       total 114688K, used 68347K [0x00000000e0000000, 0x00000000e7000000, 0x00000000f5580000)
  object space 114688K, 59% used [0x00000000e0000000,0x00000000e42befc0,0x00000000e7000000)
 Metaspace       used 59577K, capacity 66922K, committed 67072K, reserved 1107968K
  class space    used 7056K, capacity 9161K, committed 9216K, reserved 1048576K
GC Heap History (10 events):
Event: 22.313 GC heap before
{Heap before GC invocations=20 (full 3):
 PSYoungGen      total 165376K, used 156160K [0x00000000f5580000, 0x0000000100000000, 0x0000000100000000)
  eden space 156160K, 100% used [0x00000000f5580000,0x00000000fee00000,0x00000000fee00000)
  from space 9216K, 0% used [0x00000000ff700000,0x00000000ff700000,0x0000000100000000)
  to   space 9216K, 0% used [0x00000000fee00000,0x00000000fee00000,0x00000000ff700000)
 ParOldGen       total 114688K, used 60617K [0x00000000e0000000, 0x00000000e7000000, 0x00000000f5580000)
  object space 114688K, 52% used [0x00000000e0000000,0x00000000e3b327c8,0x00000000e7000000)
 Metaspace       used 50051K, capacity 56150K, committed 56448K, reserved 1097728K
  class space    used 6089K, capacity 7966K, committed 8064K, reserved 1048576K
Event: 22.326 GC heap after
Heap after GC invocations=20 (full 3):
 PSYoungGen      total 165376K, used 3405K [0x00000000f5580000, 0x0000000100000000, 0x0000000100000000)
  eden space 156160K, 0% used [0x00000000f5580000,0x00000000f5580000,0x00000000fee00000)
  from space 9216K, 36% used [0x00000000fee00000,0x00000000ff1537a0,0x00000000ff700000)
  to   space 9216K, 0% used [0x00000000ff700000,0x00000000ff700000,0x0000000100000000)
 ParOldGen       total 114688K, used 60625K [0x00000000e0000000, 0x00000000e7000000, 0x00000000f5580000)
  object space 114688K, 52% used [0x00000000e0000000,0x00000000e3b347c8,0x00000000e7000000)
 Metaspace       used 50051K, capacity 56150K, committed 56448K, reserved 1097728K
  class space    used 6089K, capacity 7966K, committed 8064K, reserved 1048576K
}
Event: 23.687 GC heap before
{Heap before GC invocations=21 (full 3):
 PSYoungGen      total 165376K, used 159565K [0x00000000f5580000, 0x0000000100000000, 0x0000000100000000)
  eden space 156160K, 100% used [0x00000000f5580000,0x00000000fee00000,0x00000000fee00000)
  from space 9216K, 36% used [0x00000000fee00000,0x00000000ff1537a0,0x00000000ff700000)
  to   space 9216K, 0% used [0x00000000ff700000,0x00000000ff700000,0x0000000100000000)
 ParOldGen       total 114688K, used 60625K [0x00000000e0000000, 0x00000000e7000000, 0x00000000f5580000)
  object space 114688K, 52% used [0x00000000e0000000,0x00000000e3b347c8,0x00000000e7000000)
 Metaspace       used 54475K, capacity 60776K, committed 60928K, reserved 1101824K
  class space    used 6506K, capacity 8437K, committed 8448K, reserved 1048576K
Event: 23.722 GC heap after
Heap after GC invocations=21 (full 3):
 PSYoungGen      total 164352K, used 7126K [0x00000000f5580000, 0x0000000100000000, 0x0000000100000000)
  eden space 155136K, 0% used [0x00000000f5580000,0x00000000f5580000,0x00000000fed00000)
  from space 9216K, 77% used [0x00000000ff700000,0x00000000ffdf5aa8,0x0000000100000000)
  to   space 9728K, 0% used [0x00000000fed00000,0x00000000fed00000,0x00000000ff680000)
 ParOldGen       total 114688K, used 60625K [0x00000000e0000000, 0x00000000e7000000, 0x00000000f5580000)
  object space 114688K, 52% used [0x00000000e0000000,0x00000000e3b347c8,0x00000000e7000000)
 Metaspace       used 54475K, capacity 60776K, committed 60928K, reserved 1101824K
  class space    used 6506K, capacity 8437K, committed 8448K, reserved 1048576K
}
Event: 24.928 GC heap before
{Heap before GC invocations=22 (full 3):
 PSYoungGen      total 164352K, used 162262K [0x00000000f5580000, 0x0000000100000000, 0x0000000100000000)
  eden space 155136K, 100% used [0x00000000f5580000,0x00000000fed00000,0x00000000fed00000)
  from space 9216K, 77% used [0x00000000ff700000,0x00000000ffdf5aa8,0x0000000100000000)
  to   space 9728K, 0% used [0x00000000fed00000,0x00000000fed00000,0x00000000ff680000)
 ParOldGen       total 114688K, used 60625K [0x00000000e0000000, 0x00000000e7000000, 0x00000000f5580000)
  object space 114688K, 52% used [0x00000000e0000000,0x00000000e3b347c8,0x00000000e7000000)
 Metaspace       used 56629K, capacity 63456K, committed 63616K, reserved 1103872K
  class space    used 6766K, capacity 8805K, committed 8832K, reserved 1048576K
Event: 24.965 GC heap after
Heap after GC invocations=22 (full 3):
 PSYoungGen      total 163840K, used 8470K [0x00000000f5580000, 0x0000000100000000, 0x0000000100000000)
  eden space 155136K, 0% used [0x00000000f5580000,0x00000000f5580000,0x00000000fed00000)
  from space 8704K, 97% used [0x00000000fed00000,0x00000000ff5458f0,0x00000000ff580000)
  to   space 10240K, 0% used [0x00000000ff600000,0x00000000ff600000,0x0000000100000000)
 ParOldGen       total 114688K, used 60625K [0x00000000e0000000, 0x00000000e7000000, 0x00000000f5580000)
  object space 114688K, 52% used [0x00000000e0000000,0x00000000e3b347c8,0x00000000e7000000)
 Metaspace       used 56629K, capacity 63456K, committed 63616K, reserved 1103872K
  class space    used 6766K, capacity 8805K, committed 8832K, reserved 1048576K
}
Event: 26.260 GC heap before
{Heap before GC invocations=23 (full 3):
 PSYoungGen      total 163840K, used 163606K [0x00000000f5580000, 0x0000000100000000, 0x0000000100000000)
  eden space 155136K, 100% used [0x00000000f5580000,0x00000000fed00000,0x00000000fed00000)
  from space 8704K, 97% used [0x00000000fed00000,0x00000000ff5458f0,0x00000000ff580000)
  to   space 10240K, 0% used [0x00000000ff600000,0x00000000ff600000,0x0000000100000000)
 ParOldGen       total 114688K, used 60625K [0x00000000e0000000, 0x00000000e7000000, 0x00000000f5580000)
  object space 114688K, 52% used [0x00000000e0000000,0x00000000e3b347c8,0x00000000e7000000)
 Metaspace       used 59185K, capacity 66202K, committed 66560K, reserved 1105920K
  class space    used 7034K, capacity 9103K, committed 9216K, reserved 1048576K
Event: 26.297 GC heap after
Heap after GC invocations=23 (full 3):
 PSYoungGen      total 159232K, used 10237K [0x00000000f5580000, 0x0000000100000000, 0x0000000100000000)
  eden space 148992K, 0% used [0x00000000f5580000,0x00000000f5580000,0x00000000fe700000)
  from space 10240K, 99% used [0x00000000ff600000,0x00000000fffff670,0x0000000100000000)
  to   space 12800K, 0% used [0x00000000fe700000,0x00000000fe700000,0x00000000ff380000)
 ParOldGen       total 114688K, used 64412K [0x00000000e0000000, 0x00000000e7000000, 0x00000000f5580000)
  object space 114688K, 56% used [0x00000000e0000000,0x00000000e3ee7100,0x00000000e7000000)
 Metaspace       used 59185K, capacity 66202K, committed 66560K, reserved 1105920K
  class space    used 7034K, capacity 9103K, committed 9216K, reserved 1048576K
}
Event: 27.110 GC heap before
{Heap before GC invocations=24 (full 3):
 PSYoungGen      total 159232K, used 159229K [0x00000000f5580000, 0x0000000100000000, 0x0000000100000000)
  eden space 148992K, 100% used [0x00000000f5580000,0x00000000fe700000,0x00000000fe700000)
  from space 10240K, 99% used [0x00000000ff600000,0x00000000fffff670,0x0000000100000000)
  to   space 12800K, 0% used [0x00000000fe700000,0x00000000fe700000,0x00000000ff380000)
 ParOldGen       total 114688K, used 64412K [0x00000000e0000000, 0x00000000e7000000, 0x00000000f5580000)
  object space 114688K, 56% used [0x00000000e0000000,0x00000000e3ee7100,0x00000000e7000000)
 Metaspace       used 59510K, capacity 66776K, committed 67072K, reserved 1107968K
  class space    used 7050K, capacity 9150K, committed 9216K, reserved 1048576K
Event: 27.135 GC heap after
Heap after GC invocations=24 (full 3):
 PSYoungGen      total 159232K, used 10098K [0x00000000f5580000, 0x0000000100000000, 0x0000000100000000)
  eden space 148992K, 0% used [0x00000000f5580000,0x00000000f5580000,0x00000000fe700000)
  from space 10240K, 98% used [0x00000000fe700000,0x00000000ff0dc880,0x00000000ff100000)
  to   space 13312K, 0% used [0x00000000ff300000,0x00000000ff300000,0x0000000100000000)
 ParOldGen       total 114688K, used 68347K [0x00000000e0000000, 0x00000000e7000000, 0x00000000f5580000)
  object space 114688K, 59% used [0x00000000e0000000,0x00000000e42befc0,0x00000000e7000000)
 Metaspace       used 59510K, capacity 66776K, committed 67072K, reserved 1107968K
  class space    used 7050K, capacity 9150K, committed 9216K, reserved 1048576K
}

