# JRE version: Java(TM) SE Runtime Environment (8.0_111-b14) (build 1.8.0_111-b14)
# Java VM: Java HotSpot(TM) 64-Bit Server VM (25.111-b14 mixed mode windows-amd64 compressed oops)
Heap:
 PSYoungGen      total 163840K, used 110263K [0x00000000f5580000, 0x0000000100000000, 0x0000000100000000)
  eden space 153088K, 67% used [0x00000000f5580000,0x00000000fba8e608,0x00000000feb00000)
  from space 10752K, 63% used [0x00000000feb00000,0x00000000ff19f670,0x00000000ff580000)
  to   space 10752K, 0% used [0x00000000ff580000,0x00000000ff580000,0x0000000100000000)
 ParOldGen       total 111616K, used 68898K [0x00000000e0000000, 0x00000000e6d00000, 0x00000000f5580000)
  object space 111616K, 61% used [0x00000000e0000000,0x00000000e43488f0,0x00000000e6d00000)
 Metaspace       used 59618K, capacity 67132K, committed 67328K, reserved 1107968K
  class space    used 7079K, capacity 9200K, committed 9216K, reserved 1048576K
GC Heap History (10 events):
Event: 24.068 GC heap before
{Heap before GC invocations=20 (full 3):
 PSYoungGen      total 164864K, used 155136K [0x00000000f5580000, 0x0000000100000000, 0x0000000100000000)
  eden space 155136K, 100% used [0x00000000f5580000,0x00000000fed00000,0x00000000fed00000)
  from space 9728K, 0% used [0x00000000ff680000,0x00000000ff680000,0x0000000100000000)
  to   space 9728K, 0% used [0x00000000fed00000,0x00000000fed00000,0x00000000ff680000)
 ParOldGen       total 111616K, used 59589K [0x00000000e0000000, 0x00000000e6d00000, 0x00000000f5580000)
  object space 111616K, 53% used [0x00000000e0000000,0x00000000e3a315d0,0x00000000e6d00000)
 Metaspace       used 49689K, capacity 55772K, committed 55808K, reserved 1097728K
  class space    used 6067K, capacity 7921K, committed 7936K, reserved 1048576K
Event: 24.088 GC heap after
Heap after GC invocations=20 (full 3):
 PSYoungGen      total 160256K, used 5070K [0x00000000f5580000, 0x00000000fff00000, 0x0000000100000000)
  eden space 155136K, 0% used [0x00000000f5580000,0x00000000f5580000,0x00000000fed00000)
  from space 5120K, 99% used [0x00000000fed00000,0x00000000ff1f3a18,0x00000000ff200000)
  to   space 9216K, 0% used [0x00000000ff600000,0x00000000ff600000,0x00000000fff00000)
 ParOldGen       total 111616K, used 59597K [0x00000000e0000000, 0x00000000e6d00000, 0x00000000f5580000)
  object space 111616K, 53% used [0x00000000e0000000,0x00000000e3a335d0,0x00000000e6d00000)
 Metaspace       used 49689K, capacity 55772K, committed 55808K, reserved 1097728K
  class space    used 6067K, capacity 7921K, committed 7936K, reserved 1048576K
}
Event: 25.579 GC heap before
{Heap before GC invocations=21 (full 3):
 PSYoungGen      total 160256K, used 160206K [0x00000000f5580000, 0x00000000fff00000, 0x0000000100000000)
  eden space 155136K, 100% used [0x00000000f5580000,0x00000000fed00000,0x00000000fed00000)
  from space 5120K, 99% used [0x00000000fed00000,0x00000000ff1f3a18,0x00000000ff200000)
  to   space 9216K, 0% used [0x00000000ff600000,0x00000000ff600000,0x00000000fff00000)
 ParOldGen       total 111616K, used 59597K [0x00000000e0000000, 0x00000000e6d00000, 0x00000000f5580000)
  object space 111616K, 53% used [0x00000000e0000000,0x00000000e3a335d0,0x00000000e6d00000)
 Metaspace       used 52748K, capacity 59034K, committed 59264K, reserved 1099776K
  class space    used 6382K, capacity 8280K, committed 8320K, reserved 1048576K
Event: 25.602 GC heap after
Heap after GC invocations=21 (full 3):
 PSYoungGen      total 164352K, used 4255K [0x00000000f5580000, 0x0000000100000000, 0x0000000100000000)
  eden space 155136K, 0% used [0x00000000f5580000,0x00000000f5580000,0x00000000fed00000)
  from space 9216K, 46% used [0x00000000ff600000,0x00000000ffa27ed0,0x00000000fff00000)
  to   space 9216K, 0% used [0x00000000fed00000,0x00000000fed00000,0x00000000ff600000)
 ParOldGen       total 111616K, used 62855K [0x00000000e0000000, 0x00000000e6d00000, 0x00000000f5580000)
  object space 111616K, 56% used [0x00000000e0000000,0x00000000e3d61ee0,0x00000000e6d00000)
 Metaspace       used 52748K, capacity 59034K, committed 59264K, reserved 1099776K
  class space    used 6382K, capacity 8280K, committed 8320K, reserved 1048576K
}
Event: 27.028 GC heap before
{Heap before GC invocations=22 (full 3):
 PSYoungGen      total 164352K, used 159391K [0x00000000f5580000, 0x0000000100000000, 0x0000000100000000)
  eden space 155136K, 100% used [0x00000000f5580000,0x00000000fed00000,0x00000000fed00000)
  from space 9216K, 46% used [0x00000000ff600000,0x00000000ffa27ed0,0x00000000fff00000)
  to   space 9216K, 0% used [0x00000000fed00000,0x00000000fed00000,0x00000000ff600000)
 ParOldGen       total 111616K, used 62855K [0x00000000e0000000, 0x00000000e6d00000, 0x00000000f5580000)
  object space 111616K, 56% used [0x00000000e0000000,0x00000000e3d61ee0,0x00000000e6d00000)
 Metaspace       used 55673K, capacity 62130K, committed 62464K, reserved 1103872K
  class space    used 6635K, capacity 8580K, committed 8704K, reserved 1048576K
Event: 27.059 GC heap after
Heap after GC invocations=22 (full 3):
 PSYoungGen      total 164352K, used 5271K [0x00000000f5580000, 0x00000000fff00000, 0x0000000100000000)
  eden space 155136K, 0% used [0x00000000f5580000,0x00000000f5580000,0x00000000fed00000)
  from space 9216K, 57% used [0x00000000fed00000,0x00000000ff225e88,0x00000000ff600000)
  to   space 8704K, 0% used [0x00000000ff680000,0x00000000ff680000,0x00000000fff00000)
 ParOldGen       total 111616K, used 62855K [0x00000000e0000000, 0x00000000e6d00000, 0x00000000f5580000)
  object space 111616K, 56% used [0x00000000e0000000,0x00000000e3d61ee0,0x00000000e6d00000)
 Metaspace       used 55673K, capacity 62130K, committed 62464K, reserved 1103872K
  class space    used 6635K, capacity 8580K, committed 8704K, reserved 1048576K
}
Event: 29.644 GC heap before
{Heap before GC invocations=23 (full 3):
 PSYoungGen      total 164352K, used 160407K [0x00000000f5580000, 0x00000000fff00000, 0x0000000100000000)
  eden space 155136K, 100% used [0x00000000f5580000,0x00000000fed00000,0x00000000fed00000)
  from space 9216K, 57% used [0x00000000fed00000,0x00000000ff225e88,0x00000000ff600000)
  to   space 8704K, 0% used [0x00000000ff680000,0x00000000ff680000,0x00000000fff00000)
 ParOldGen       total 111616K, used 62855K [0x00000000e0000000, 0x00000000e6d00000, 0x00000000f5580000)
  object space 111616K, 56% used [0x00000000e0000000,0x00000000e3d61ee0,0x00000000e6d00000)
 Metaspace       used 58914K, capacity 66006K, committed 66304K, reserved 1105920K
  class space    used 7032K, capacity 9108K, committed 9216K, reserved 1048576K
Event: 29.706 GC heap after
Heap after GC invocations=23 (full 3):
 PSYoungGen      total 161792K, used 8692K [0x00000000f5580000, 0x0000000100000000, 0x0000000100000000)
  eden space 153088K, 0% used [0x00000000f5580000,0x00000000f5580000,0x00000000feb00000)
  from space 8704K, 99% used [0x00000000ff680000,0x00000000ffefd210,0x00000000fff00000)
  to   space 10752K, 0% used [0x00000000feb00000,0x00000000feb00000,0x00000000ff580000)
 ParOldGen       total 111616K, used 65660K [0x00000000e0000000, 0x00000000e6d00000, 0x00000000f5580000)
  object space 111616K, 58% used [0x00000000e0000000,0x00000000e401f040,0x00000000e6d00000)
 Metaspace       used 58914K, capacity 66006K, committed 66304K, reserved 1105920K
  class space    used 7032K, capacity 9108K, committed 9216K, reserved 1048576K
}
Event: 31.127 GC heap before
{Heap before GC invocations=24 (full 3):
 PSYoungGen      total 161792K, used 161780K [0x00000000f5580000, 0x0000000100000000, 0x0000000100000000)
  eden space 153088K, 100% used [0x00000000f5580000,0x00000000feb00000,0x00000000feb00000)
  from space 8704K, 99% used [0x00000000ff680000,0x00000000ffefd210,0x00000000fff00000)
  to   space 10752K, 0% used [0x00000000feb00000,0x00000000feb00000,0x00000000ff580000)
 ParOldGen       total 111616K, used 65660K [0x00000000e0000000, 0x00000000e6d00000, 0x00000000f5580000)
  object space 111616K, 58% used [0x00000000e0000000,0x00000000e401f040,0x00000000e6d00000)
 Metaspace       used 59461K, capacity 66852K, committed 67072K, reserved 1107968K
  class space    used 7059K, capacity 9187K, committed 9216K, reserved 1048576K
Event: 31.216 GC heap after
Heap after GC invocations=24 (full 3):
 PSYoungGen      total 163840K, used 6781K [0x00000000f5580000, 0x0000000100000000, 0x0000000100000000)
  eden space 153088K, 0% used [0x00000000f5580000,0x00000000f5580000,0x00000000feb00000)
  from space 10752K, 63% used [0x00000000feb00000,0x00000000ff19f670,0x00000000ff580000)
  to   space 10752K, 0% used [0x00000000ff580000,0x00000000ff580000,0x0000000100000000)
 ParOldGen       total 111616K, used 68898K [0x00000000e0000000, 0x00000000e6d00000, 0x00000000f5580000)
  object space 111616K, 61% used [0x00000000e0000000,0x00000000e43488f0,0x00000000e6d00000)
 Metaspace       used 59461K, capacity 66852K, committed 67072K, reserved 1107968K
  class space    used 7059K, capacity 9187K, committed 9216K, reserved 1048576K
}

