# JRE version: Java(TM) SE Runtime Environment (8.0_111-b14) (build 1.8.0_111-b14)
# Java VM: Java HotSpot(TM) 64-Bit Server VM (25.111-b14 mixed mode windows-amd64 compressed oops)
Heap:
 PSYoungGen      total 158720K, used 158696K [0x00000000f5580000, 0x0000000100000000, 0x0000000100000000)
  eden space 146944K, 100% used [0x00000000f5580000,0x00000000fe500000,0x00000000fe500000)
  from space 11776K, 99% used [0x00000000ff480000,0x00000000ffffa220,0x0000000100000000)
  to   space 13824K, 0% used [0x00000000fe500000,0x00000000fe500000,0x00000000ff280000)
 ParOldGen       total 115712K, used 62947K [0x00000000e0000000, 0x00000000e7100000, 0x00000000f5580000)
  object space 115712K, 54% used [0x00000000e0000000,0x00000000e3d78dc0,0x00000000e7100000)
 Metaspace       used 59696K, capacity 67366K, committed 67672K, reserved 1107968K
  class space    used 7084K, capacity 9272K, committed 9344K, reserved 1048576K
GC Heap History (10 events):
Event: 41.905 GC heap before
{Heap before GC invocations=21 (full 3):
 PSYoungGen      total 162304K, used 154112K [0x00000000f5580000, 0x0000000100000000, 0x0000000100000000)
  eden space 154112K, 100% used [0x00000000f5580000,0x00000000fec00000,0x00000000fec00000)
  from space 8192K, 0% used [0x00000000fec00000,0x00000000fec00000,0x00000000ff400000)
  to   space 10752K, 0% used [0x00000000ff580000,0x00000000ff580000,0x0000000100000000)
 ParOldGen       total 115712K, used 57182K [0x00000000e0000000, 0x00000000e7100000, 0x00000000f5580000)
  object space 115712K, 49% used [0x00000000e0000000,0x00000000e37d7868,0x00000000e7100000)
 Metaspace       used 47679K, capacity 53288K, committed 53336K, reserved 1095680K
  class space    used 5818K, capacity 7515K, committed 7552K, reserved 1048576K
Event: 41.924 GC heap after
Heap after GC invocations=21 (full 3):
 PSYoungGen      total 164352K, used 5429K [0x00000000f5580000, 0x0000000100000000, 0x0000000100000000)
  eden space 153600K, 0% used [0x00000000f5580000,0x00000000f5580000,0x00000000feb80000)
  from space 10752K, 50% used [0x00000000ff580000,0x00000000ffacd648,0x0000000100000000)
  to   space 10240K, 0% used [0x00000000feb80000,0x00000000feb80000,0x00000000ff580000)
 ParOldGen       total 115712K, used 57190K [0x00000000e0000000, 0x00000000e7100000, 0x00000000f5580000)
  object space 115712K, 49% used [0x00000000e0000000,0x00000000e37d9868,0x00000000e7100000)
 Metaspace       used 47679K, capacity 53288K, committed 53336K, reserved 1095680K
  class space    used 5818K, capacity 7515K, committed 7552K, reserved 1048576K
}
Event: 43.565 GC heap before
{Heap before GC invocations=22 (full 3):
 PSYoungGen      total 164352K, used 159029K [0x00000000f5580000, 0x0000000100000000, 0x0000000100000000)
  eden space 153600K, 100% used [0x00000000f5580000,0x00000000feb80000,0x00000000feb80000)
  from space 10752K, 50% used [0x00000000ff580000,0x00000000ffacd648,0x0000000100000000)
  to   space 10240K, 0% used [0x00000000feb80000,0x00000000feb80000,0x00000000ff580000)
 ParOldGen       total 115712K, used 57190K [0x00000000e0000000, 0x00000000e7100000, 0x00000000f5580000)
  object space 115712K, 49% used [0x00000000e0000000,0x00000000e37d9868,0x00000000e7100000)
 Metaspace       used 50226K, capacity 56314K, committed 56408K, reserved 1097728K
  class space    used 6134K, capacity 7998K, committed 8064K, reserved 1048576K
Event: 43.593 GC heap after
Heap after GC invocations=22 (full 3):
 PSYoungGen      total 163840K, used 6829K [0x00000000f5580000, 0x00000000fff80000, 0x0000000100000000)
  eden space 153600K, 0% used [0x00000000f5580000,0x00000000f5580000,0x00000000feb80000)
  from space 10240K, 66% used [0x00000000feb80000,0x00000000ff22b498,0x00000000ff580000)
  to   space 10240K, 0% used [0x00000000ff580000,0x00000000ff580000,0x00000000fff80000)
 ParOldGen       total 115712K, used 57198K [0x00000000e0000000, 0x00000000e7100000, 0x00000000f5580000)
  object space 115712K, 49% used [0x00000000e0000000,0x00000000e37db868,0x00000000e7100000)
 Metaspace       used 50226K, capacity 56314K, committed 56408K, reserved 1097728K
  class space    used 6134K, capacity 7998K, committed 8064K, reserved 1048576K
}
Event: 45.970 GC heap before
{Heap before GC invocations=23 (full 3):
 PSYoungGen      total 163840K, used 160429K [0x00000000f5580000, 0x00000000fff80000, 0x0000000100000000)
  eden space 153600K, 100% used [0x00000000f5580000,0x00000000feb80000,0x00000000feb80000)
  from space 10240K, 66% used [0x00000000feb80000,0x00000000ff22b498,0x00000000ff580000)
  to   space 10240K, 0% used [0x00000000ff580000,0x00000000ff580000,0x00000000fff80000)
 ParOldGen       total 115712K, used 57198K [0x00000000e0000000, 0x00000000e7100000, 0x00000000f5580000)
  object space 115712K, 49% used [0x00000000e0000000,0x00000000e37db868,0x00000000e7100000)
 Metaspace       used 54612K, capacity 60940K, committed 61272K, reserved 1101824K
  class space    used 6534K, capacity 8469K, committed 8576K, reserved 1048576K
Event: 45.998 GC heap after
Heap after GC invocations=23 (full 3):
 PSYoungGen      total 161280K, used 10219K [0x00000000f5580000, 0x0000000100000000, 0x0000000100000000)
  eden space 151040K, 0% used [0x00000000f5580000,0x00000000f5580000,0x00000000fe900000)
  from space 10240K, 99% used [0x00000000ff580000,0x00000000fff7ad08,0x00000000fff80000)
  to   space 11776K, 0% used [0x00000000fe900000,0x00000000fe900000,0x00000000ff480000)
 ParOldGen       total 115712K, used 57501K [0x00000000e0000000, 0x00000000e7100000, 0x00000000f5580000)
  object space 115712K, 49% used [0x00000000e0000000,0x00000000e38276b0,0x00000000e7100000)
 Metaspace       used 54612K, capacity 60940K, committed 61272K, reserved 1101824K
  class space    used 6534K, capacity 8469K, committed 8576K, reserved 1048576K
}
Event: 47.790 GC heap before
{Heap before GC invocations=24 (full 3):
 PSYoungGen      total 161280K, used 161259K [0x00000000f5580000, 0x0000000100000000, 0x0000000100000000)
  eden space 151040K, 100% used [0x00000000f5580000,0x00000000fe900000,0x00000000fe900000)
  from space 10240K, 99% used [0x00000000ff580000,0x00000000fff7ad08,0x00000000fff80000)
  to   space 11776K, 0% used [0x00000000fe900000,0x00000000fe900000,0x00000000ff480000)
 ParOldGen       total 115712K, used 57501K [0x00000000e0000000, 0x00000000e7100000, 0x00000000f5580000)
  object space 115712K, 49% used [0x00000000e0000000,0x00000000e38276b0,0x00000000e7100000)
 Metaspace       used 56652K, capacity 63472K, committed 63576K, reserved 1103872K
  class space    used 6775K, capacity 8805K, committed 8832K, reserved 1048576K
Event: 47.855 GC heap after
Heap after GC invocations=24 (full 3):
 PSYoungGen      total 162816K, used 8053K [0x00000000f5580000, 0x0000000100000000, 0x0000000100000000)
  eden space 151040K, 0% used [0x00000000f5580000,0x00000000f5580000,0x00000000fe900000)
  from space 11776K, 68% used [0x00000000fe900000,0x00000000ff0dd4b8,0x00000000ff480000)
  to   space 11776K, 0% used [0x00000000ff480000,0x00000000ff480000,0x0000000100000000)
 ParOldGen       total 115712K, used 61411K [0x00000000e0000000, 0x00000000e7100000, 0x00000000f5580000)
  object space 115712K, 53% used [0x00000000e0000000,0x00000000e3bf8ca8,0x00000000e7100000)
 Metaspace       used 56652K, capacity 63472K, committed 63576K, reserved 1103872K
  class space    used 6775K, capacity 8805K, committed 8832K, reserved 1048576K
}
Event: 50.317 GC heap before
{Heap before GC invocations=25 (full 3):
 PSYoungGen      total 162816K, used 159093K [0x00000000f5580000, 0x0000000100000000, 0x0000000100000000)
  eden space 151040K, 100% used [0x00000000f5580000,0x00000000fe900000,0x00000000fe900000)
  from space 11776K, 68% used [0x00000000fe900000,0x00000000ff0dd4b8,0x00000000ff480000)
  to   space 11776K, 0% used [0x00000000ff480000,0x00000000ff480000,0x0000000100000000)
 ParOldGen       total 115712K, used 61411K [0x00000000e0000000, 0x00000000e7100000, 0x00000000f5580000)
  object space 115712K, 53% used [0x00000000e0000000,0x00000000e3bf8ca8,0x00000000e7100000)
 Metaspace       used 59209K, capacity 66530K, committed 66776K, reserved 1107968K
  class space    used 7051K, capacity 9178K, committed 9216K, reserved 1048576K
Event: 50.350 GC heap after
Heap after GC invocations=25 (full 3):
 PSYoungGen      total 158720K, used 11752K [0x00000000f5580000, 0x0000000100000000, 0x0000000100000000)
  eden space 146944K, 0% used [0x00000000f5580000,0x00000000f5580000,0x00000000fe500000)
  from space 11776K, 99% used [0x00000000ff480000,0x00000000ffffa220,0x0000000100000000)
  to   space 13824K, 0% used [0x00000000fe500000,0x00000000fe500000,0x00000000ff280000)
 ParOldGen       total 115712K, used 62947K [0x00000000e0000000, 0x00000000e7100000, 0x00000000f5580000)
  object space 115712K, 54% used [0x00000000e0000000,0x00000000e3d78dc0,0x00000000e7100000)
 Metaspace       used 59209K, capacity 66530K, committed 66776K, reserved 1107968K
  class space    used 7051K, capacity 9178K, committed 9216K, reserved 1048576K
}

