# JRE version: Java(TM) SE Runtime Environment (8.0_111-b14) (build 1.8.0_111-b14)
# Java VM: Java HotSpot(TM) 64-Bit Server VM (25.111-b14 mixed mode windows-amd64 compressed oops)
Heap:
 PSYoungGen      total 164864K, used 128320K [0x00000000f5580000, 0x0000000100000000, 0x0000000100000000)
  eden space 155136K, 78% used [0x00000000f5580000,0x00000000fcc22570,0x00000000fed00000)
  from space 9728K, 70% used [0x00000000ff680000,0x00000000ffd2dba0,0x0000000100000000)
  to   space 9728K, 0% used [0x00000000fed00000,0x00000000fed00000,0x00000000ff680000)
 ParOldGen       total 119808K, used 65403K [0x00000000e0000000, 0x00000000e7500000, 0x00000000f5580000)
  object space 119808K, 54% used [0x00000000e0000000,0x00000000e3fdece0,0x00000000e7500000)
 Metaspace       used 59944K, capacity 67472K, committed 67712K, reserved 1107968K
  class space    used 7078K, capacity 9236K, committed 9344K, reserved 1048576K
GC Heap History (10 events):
Event: 43.141 GC heap before
{Heap before GC invocations=23 (full 2):
 PSYoungGen      total 164864K, used 31796K [0x00000000f5580000, 0x00000000fff80000, 0x0000000100000000)
  eden space 155648K, 18% used [0x00000000f5580000,0x00000000f70dddf8,0x00000000fed80000)
  from space 9216K, 40% used [0x00000000ff680000,0x00000000ffa2f2c0,0x00000000fff80000)
  to   space 9216K, 0% used [0x00000000fed80000,0x00000000fed80000,0x00000000ff680000)
 ParOldGen       total 101888K, used 63254K [0x00000000e0000000, 0x00000000e6380000, 0x00000000f5580000)
  object space 101888K, 62% used [0x00000000e0000000,0x00000000e3dc5aa8,0x00000000e6380000)
 Metaspace       used 52630K, capacity 58880K, committed 59008K, reserved 1099776K
  class space    used 6353K, capacity 8279K, committed 8320K, reserved 1048576K
Event: 43.152 GC heap after
Heap after GC invocations=23 (full 2):
 PSYoungGen      total 164864K, used 749K [0x00000000f5580000, 0x0000000100000000, 0x0000000100000000)
  eden space 155648K, 0% used [0x00000000f5580000,0x00000000f5580000,0x00000000fed80000)
  from space 9216K, 8% used [0x00000000fed80000,0x00000000fee3b448,0x00000000ff680000)
  to   space 9216K, 0% used [0x00000000ff700000,0x00000000ff700000,0x0000000100000000)
 ParOldGen       total 101888K, used 65195K [0x00000000e0000000, 0x00000000e6380000, 0x00000000f5580000)
  object space 101888K, 63% used [0x00000000e0000000,0x00000000e3faacd8,0x00000000e6380000)
 Metaspace       used 52630K, capacity 58880K, committed 59008K, reserved 1099776K
  class space    used 6353K, capacity 8279K, committed 8320K, reserved 1048576K
}
Event: 43.152 GC heap before
{Heap before GC invocations=24 (full 3):
 PSYoungGen      total 164864K, used 749K [0x00000000f5580000, 0x0000000100000000, 0x0000000100000000)
  eden space 155648K, 0% used [0x00000000f5580000,0x00000000f5580000,0x00000000fed80000)
  from space 9216K, 8% used [0x00000000fed80000,0x00000000fee3b448,0x00000000ff680000)
  to   space 9216K, 0% used [0x00000000ff700000,0x00000000ff700000,0x0000000100000000)
 ParOldGen       total 101888K, used 65195K [0x00000000e0000000, 0x00000000e6380000, 0x00000000f5580000)
  object space 101888K, 63% used [0x00000000e0000000,0x00000000e3faacd8,0x00000000e6380000)
 Metaspace       used 52630K, capacity 58880K, committed 59008K, reserved 1099776K
  class space    used 6353K, capacity 8279K, committed 8320K, reserved 1048576K
Event: 43.591 GC heap after
Heap after GC invocations=24 (full 3):
 PSYoungGen      total 164864K, used 0K [0x00000000f5580000, 0x0000000100000000, 0x0000000100000000)
  eden space 155648K, 0% used [0x00000000f5580000,0x00000000f5580000,0x00000000fed80000)
  from space 9216K, 0% used [0x00000000fed80000,0x00000000fed80000,0x00000000ff680000)
  to   space 9216K, 0% used [0x00000000ff700000,0x00000000ff700000,0x0000000100000000)
 ParOldGen       total 119808K, used 63297K [0x00000000e0000000, 0x00000000e7500000, 0x00000000f5580000)
  object space 119808K, 52% used [0x00000000e0000000,0x00000000e3dd0660,0x00000000e7500000)
 Metaspace       used 52630K, capacity 58880K, committed 59008K, reserved 1099776K
  class space    used 6353K, capacity 8279K, committed 8320K, reserved 1048576K
}
Event: 45.291 GC heap before
{Heap before GC invocations=25 (full 3):
 PSYoungGen      total 164864K, used 155648K [0x00000000f5580000, 0x0000000100000000, 0x0000000100000000)
  eden space 155648K, 100% used [0x00000000f5580000,0x00000000fed80000,0x00000000fed80000)
  from space 9216K, 0% used [0x00000000fed80000,0x00000000fed80000,0x00000000ff680000)
  to   space 9216K, 0% used [0x00000000ff700000,0x00000000ff700000,0x0000000100000000)
 ParOldGen       total 119808K, used 63297K [0x00000000e0000000, 0x00000000e7500000, 0x00000000f5580000)
  object space 119808K, 52% used [0x00000000e0000000,0x00000000e3dd0660,0x00000000e7500000)
 Metaspace       used 55595K, capacity 62088K, committed 62464K, reserved 1103872K
  class space    used 6608K, capacity 8577K, committed 8704K, reserved 1048576K
Event: 45.307 GC heap after
Heap after GC invocations=25 (full 3):
 PSYoungGen      total 165376K, used 3390K [0x00000000f5580000, 0x0000000100000000, 0x0000000100000000)
  eden space 156160K, 0% used [0x00000000f5580000,0x00000000f5580000,0x00000000fee00000)
  from space 9216K, 36% used [0x00000000ff700000,0x00000000ffa4fb90,0x0000000100000000)
  to   space 9216K, 0% used [0x00000000fee00000,0x00000000fee00000,0x00000000ff700000)
 ParOldGen       total 119808K, used 63297K [0x00000000e0000000, 0x00000000e7500000, 0x00000000f5580000)
  object space 119808K, 52% used [0x00000000e0000000,0x00000000e3dd0660,0x00000000e7500000)
 Metaspace       used 55595K, capacity 62088K, committed 62464K, reserved 1103872K
  class space    used 6608K, capacity 8577K, committed 8704K, reserved 1048576K
}
Event: 47.495 GC heap before
{Heap before GC invocations=26 (full 3):
 PSYoungGen      total 165376K, used 159550K [0x00000000f5580000, 0x0000000100000000, 0x0000000100000000)
  eden space 156160K, 100% used [0x00000000f5580000,0x00000000fee00000,0x00000000fee00000)
  from space 9216K, 36% used [0x00000000ff700000,0x00000000ffa4fb90,0x0000000100000000)
  to   space 9216K, 0% used [0x00000000fee00000,0x00000000fee00000,0x00000000ff700000)
 ParOldGen       total 119808K, used 63297K [0x00000000e0000000, 0x00000000e7500000, 0x00000000f5580000)
  object space 119808K, 52% used [0x00000000e0000000,0x00000000e3dd0660,0x00000000e7500000)
 Metaspace       used 58897K, capacity 65820K, committed 65920K, reserved 1105920K
  class space    used 7012K, capacity 9070K, committed 9088K, reserved 1048576K
Event: 47.524 GC heap after
Heap after GC invocations=26 (full 3):
 PSYoungGen      total 162816K, used 6552K [0x00000000f5580000, 0x0000000100000000, 0x0000000100000000)
  eden space 156160K, 0% used [0x00000000f5580000,0x00000000f5580000,0x00000000fee00000)
  from space 6656K, 98% used [0x00000000fee00000,0x00000000ff466128,0x00000000ff480000)
  to   space 9728K, 0% used [0x00000000ff680000,0x00000000ff680000,0x0000000100000000)
 ParOldGen       total 119808K, used 65395K [0x00000000e0000000, 0x00000000e7500000, 0x00000000f5580000)
  object space 119808K, 54% used [0x00000000e0000000,0x00000000e3fdcce0,0x00000000e7500000)
 Metaspace       used 58897K, capacity 65820K, committed 65920K, reserved 1105920K
  class space    used 7012K, capacity 9070K, committed 9088K, reserved 1048576K
}
Event: 49.459 GC heap before
{Heap before GC invocations=27 (full 3):
 PSYoungGen      total 162816K, used 162712K [0x00000000f5580000, 0x0000000100000000, 0x0000000100000000)
  eden space 156160K, 100% used [0x00000000f5580000,0x00000000fee00000,0x00000000fee00000)
  from space 6656K, 98% used [0x00000000fee00000,0x00000000ff466128,0x00000000ff480000)
  to   space 9728K, 0% used [0x00000000ff680000,0x00000000ff680000,0x0000000100000000)
 ParOldGen       total 119808K, used 65395K [0x00000000e0000000, 0x00000000e7500000, 0x00000000f5580000)
  object space 119808K, 54% used [0x00000000e0000000,0x00000000e3fdcce0,0x00000000e7500000)
 Metaspace       used 59804K, capacity 67174K, committed 67328K, reserved 1107968K
  class space    used 7065K, capacity 9216K, committed 9216K, reserved 1048576K
Event: 49.480 GC heap after
Heap after GC invocations=27 (full 3):
 PSYoungGen      total 164864K, used 6838K [0x00000000f5580000, 0x0000000100000000, 0x0000000100000000)
  eden space 155136K, 0% used [0x00000000f5580000,0x00000000f5580000,0x00000000fed00000)
  from space 9728K, 70% used [0x00000000ff680000,0x00000000ffd2dba0,0x0000000100000000)
  to   space 9728K, 0% used [0x00000000fed00000,0x00000000fed00000,0x00000000ff680000)
 ParOldGen       total 119808K, used 65403K [0x00000000e0000000, 0x00000000e7500000, 0x00000000f5580000)
  object space 119808K, 54% used [0x00000000e0000000,0x00000000e3fdece0,0x00000000e7500000)
 Metaspace       used 59804K, capacity 67174K, committed 67328K, reserved 1107968K
  class space    used 7065K, capacity 9216K, committed 9216K, reserved 1048576K
}

