# JRE version: Java(TM) SE Runtime Environment (8.0_111-b14) (build 1.8.0_111-b14)
# Java VM: Java HotSpot(TM) 64-Bit Server VM (25.111-b14 mixed mode windows-amd64 compressed oops)
Heap:
 PSYoungGen      total 157696K, used 116514K [0x00000000f5580000, 0x0000000100000000, 0x0000000100000000)
  eden space 144896K, 71% used [0x00000000f5580000,0x00000000fbac9bd0,0x00000000fe300000)
  from space 12800K, 99% used [0x00000000ff380000,0x00000000ffffece0,0x0000000100000000)
  to   space 14848K, 0% used [0x00000000fe300000,0x00000000fe300000,0x00000000ff180000)
 ParOldGen       total 116224K, used 68097K [0x00000000e0000000, 0x00000000e7180000, 0x00000000f5580000)
  object space 116224K, 58% used [0x00000000e0000000,0x00000000e42804e8,0x00000000e7180000)
 Metaspace       used 60104K, capacity 67782K, committed 67968K, reserved 1107968K
  class space    used 7083K, capacity 9245K, committed 9344K, reserved 1048576K
GC Heap History (10 events):
Event: 21.747 GC heap before
{Heap before GC invocations=21 (full 3):
 PSYoungGen      total 164864K, used 159021K [0x00000000f5580000, 0x0000000100000000, 0x0000000100000000)
  eden space 155648K, 100% used [0x00000000f5580000,0x00000000fed80000,0x00000000fed80000)
  from space 9216K, 36% used [0x00000000fed80000,0x00000000ff0cb7a0,0x00000000ff680000)
  to   space 9728K, 0% used [0x00000000ff680000,0x00000000ff680000,0x0000000100000000)
 ParOldGen       total 116224K, used 60485K [0x00000000e0000000, 0x00000000e7180000, 0x00000000f5580000)
  object space 116224K, 52% used [0x00000000e0000000,0x00000000e3b116c8,0x00000000e7180000)
 Metaspace       used 53928K, capacity 60230K, committed 60416K, reserved 1101824K
  class space    used 6466K, capacity 8404K, committed 8448K, reserved 1048576K
Event: 21.780 GC heap after
Heap after GC invocations=21 (full 3):
 PSYoungGen      total 164864K, used 6933K [0x00000000f5580000, 0x0000000100000000, 0x0000000100000000)
  eden space 155136K, 0% used [0x00000000f5580000,0x00000000f5580000,0x00000000fed00000)
  from space 9728K, 71% used [0x00000000ff680000,0x00000000ffd457b0,0x0000000100000000)
  to   space 9728K, 0% used [0x00000000fed00000,0x00000000fed00000,0x00000000ff680000)
 ParOldGen       total 116224K, used 60485K [0x00000000e0000000, 0x00000000e7180000, 0x00000000f5580000)
  object space 116224K, 52% used [0x00000000e0000000,0x00000000e3b116c8,0x00000000e7180000)
 Metaspace       used 53928K, capacity 60230K, committed 60416K, reserved 1101824K
  class space    used 6466K, capacity 8404K, committed 8448K, reserved 1048576K
}
Event: 23.032 GC heap before
{Heap before GC invocations=22 (full 3):
 PSYoungGen      total 164864K, used 162069K [0x00000000f5580000, 0x0000000100000000, 0x0000000100000000)
  eden space 155136K, 100% used [0x00000000f5580000,0x00000000fed00000,0x00000000fed00000)
  from space 9728K, 71% used [0x00000000ff680000,0x00000000ffd457b0,0x0000000100000000)
  to   space 9728K, 0% used [0x00000000fed00000,0x00000000fed00000,0x00000000ff680000)
 ParOldGen       total 116224K, used 60485K [0x00000000e0000000, 0x00000000e7180000, 0x00000000f5580000)
  object space 116224K, 52% used [0x00000000e0000000,0x00000000e3b116c8,0x00000000e7180000)
 Metaspace       used 56202K, capacity 62920K, committed 63104K, reserved 1103872K
  class space    used 6684K, capacity 8707K, committed 8832K, reserved 1048576K
Event: 23.053 GC heap after
Heap after GC invocations=22 (full 3):
 PSYoungGen      total 163328K, used 7824K [0x00000000f5580000, 0x0000000100000000, 0x0000000100000000)
  eden space 155136K, 0% used [0x00000000f5580000,0x00000000f5580000,0x00000000fed00000)
  from space 8192K, 95% used [0x00000000fed00000,0x00000000ff4a4198,0x00000000ff500000)
  to   space 10240K, 0% used [0x00000000ff600000,0x00000000ff600000,0x0000000100000000)
 ParOldGen       total 116224K, used 60493K [0x00000000e0000000, 0x00000000e7180000, 0x00000000f5580000)
  object space 116224K, 52% used [0x00000000e0000000,0x00000000e3b136c8,0x00000000e7180000)
 Metaspace       used 56202K, capacity 62920K, committed 63104K, reserved 1103872K
  class space    used 6684K, capacity 8707K, committed 8832K, reserved 1048576K
}
Event: 24.640 GC heap before
{Heap before GC invocations=23 (full 3):
 PSYoungGen      total 163328K, used 162960K [0x00000000f5580000, 0x0000000100000000, 0x0000000100000000)
  eden space 155136K, 100% used [0x00000000f5580000,0x00000000fed00000,0x00000000fed00000)
  from space 8192K, 95% used [0x00000000fed00000,0x00000000ff4a4198,0x00000000ff500000)
  to   space 10240K, 0% used [0x00000000ff600000,0x00000000ff600000,0x0000000100000000)
 ParOldGen       total 116224K, used 60493K [0x00000000e0000000, 0x00000000e7180000, 0x00000000f5580000)
  object space 116224K, 52% used [0x00000000e0000000,0x00000000e3b136c8,0x00000000e7180000)
 Metaspace       used 59338K, capacity 66494K, committed 66816K, reserved 1107968K
  class space    used 7039K, capacity 9140K, committed 9216K, reserved 1048576K
Event: 24.697 GC heap after
Heap after GC invocations=23 (full 3):
 PSYoungGen      total 159232K, used 10216K [0x00000000f5580000, 0x0000000100000000, 0x0000000100000000)
  eden space 148992K, 0% used [0x00000000f5580000,0x00000000f5580000,0x00000000fe700000)
  from space 10240K, 99% used [0x00000000ff600000,0x00000000ffffa220,0x0000000100000000)
  to   space 12800K, 0% used [0x00000000fe700000,0x00000000fe700000,0x00000000ff380000)
 ParOldGen       total 116224K, used 64314K [0x00000000e0000000, 0x00000000e7180000, 0x00000000f5580000)
  object space 116224K, 55% used [0x00000000e0000000,0x00000000e3ecebb0,0x00000000e7180000)
 Metaspace       used 59338K, capacity 66494K, committed 66816K, reserved 1107968K
  class space    used 7039K, capacity 9140K, committed 9216K, reserved 1048576K
}
Event: 25.392 GC heap before
{Heap before GC invocations=24 (full 3):
 PSYoungGen      total 159232K, used 159208K [0x00000000f5580000, 0x0000000100000000, 0x0000000100000000)
  eden space 148992K, 100% used [0x00000000f5580000,0x00000000fe700000,0x00000000fe700000)
  from space 10240K, 99% used [0x00000000ff600000,0x00000000ffffa220,0x0000000100000000)
  to   space 12800K, 0% used [0x00000000fe700000,0x00000000fe700000,0x00000000ff380000)
 ParOldGen       total 116224K, used 64314K [0x00000000e0000000, 0x00000000e7180000, 0x00000000f5580000)
  object space 116224K, 55% used [0x00000000e0000000,0x00000000e3ecebb0,0x00000000e7180000)
 Metaspace       used 59840K, capacity 67270K, committed 67456K, reserved 1107968K
  class space    used 7066K, capacity 9218K, committed 9344K, reserved 1048576K
Event: 25.416 GC heap after
Heap after GC invocations=24 (full 3):
 PSYoungGen      total 161792K, used 8635K [0x00000000f5580000, 0x0000000100000000, 0x0000000100000000)
  eden space 148992K, 0% used [0x00000000f5580000,0x00000000f5580000,0x00000000fe700000)
  from space 12800K, 67% used [0x00000000fe700000,0x00000000fef6ece0,0x00000000ff380000)
  to   space 12800K, 0% used [0x00000000ff380000,0x00000000ff380000,0x0000000100000000)
 ParOldGen       total 116224K, used 67572K [0x00000000e0000000, 0x00000000e7180000, 0x00000000f5580000)
  object space 116224K, 58% used [0x00000000e0000000,0x00000000e41fd2a0,0x00000000e7180000)
 Metaspace       used 59840K, capacity 67270K, committed 67456K, reserved 1107968K
  class space    used 7066K, capacity 9218K, committed 9344K, reserved 1048576K
}
Event: 26.814 GC heap before
{Heap before GC invocations=25 (full 3):
 PSYoungGen      total 161792K, used 157627K [0x00000000f5580000, 0x0000000100000000, 0x0000000100000000)
  eden space 148992K, 100% used [0x00000000f5580000,0x00000000fe700000,0x00000000fe700000)
  from space 12800K, 67% used [0x00000000fe700000,0x00000000fef6ece0,0x00000000ff380000)
  to   space 12800K, 0% used [0x00000000ff380000,0x00000000ff380000,0x0000000100000000)
 ParOldGen       total 116224K, used 67572K [0x00000000e0000000, 0x00000000e7180000, 0x00000000f5580000)
  object space 116224K, 58% used [0x00000000e0000000,0x00000000e41fd2a0,0x00000000e7180000)
 Metaspace       used 60034K, capacity 67654K, committed 67968K, reserved 1107968K
  class space    used 7081K, capacity 9241K, committed 9344K, reserved 1048576K
Event: 26.837 GC heap after
Heap after GC invocations=25 (full 3):
 PSYoungGen      total 157696K, used 12795K [0x00000000f5580000, 0x0000000100000000, 0x0000000100000000)
  eden space 144896K, 0% used [0x00000000f5580000,0x00000000f5580000,0x00000000fe300000)
  from space 12800K, 99% used [0x00000000ff380000,0x00000000ffffece0,0x0000000100000000)
  to   space 14848K, 0% used [0x00000000fe300000,0x00000000fe300000,0x00000000ff180000)
 ParOldGen       total 116224K, used 68097K [0x00000000e0000000, 0x00000000e7180000, 0x00000000f5580000)
  object space 116224K, 58% used [0x00000000e0000000,0x00000000e42804e8,0x00000000e7180000)
 Metaspace       used 60034K, capacity 67654K, committed 67968K, reserved 1107968K
  class space    used 7081K, capacity 9241K, committed 9344K, reserved 1048576K
}

