# JRE version: Java(TM) SE Runtime Environment (8.0_111-b14) (build 1.8.0_111-b14)
# Java VM: Java HotSpot(TM) 64-Bit Server VM (25.111-b14 mixed mode windows-amd64 compressed oops)
Heap:
 PSYoungGen      total 160768K, used 158252K [0x00000000f5580000, 0x0000000100000000, 0x0000000100000000)
  eden space 146944K, 98% used [0x00000000f5580000,0x00000000fe2d11c8,0x00000000fe500000)
  from space 13824K, 97% used [0x00000000fe500000,0x00000000ff23a230,0x00000000ff280000)
  to   space 13824K, 0% used [0x00000000ff280000,0x00000000ff280000,0x0000000100000000)
 ParOldGen       total 117760K, used 61606K [0x00000000e0000000, 0x00000000e7300000, 0x00000000f5580000)
  object space 117760K, 52% used [0x00000000e0000000,0x00000000e3c29ba0,0x00000000e7300000)
 Metaspace       used 59603K, capacity 67161K, committed 67416K, reserved 1107968K
  class space    used 7078K, capacity 9235K, committed 9344K, reserved 1048576K
GC Heap History (10 events):
Event: 30.865 GC heap before
{Heap before GC invocations=20 (full 3):
 PSYoungGen      total 161792K, used 151040K [0x00000000f5580000, 0x0000000100000000, 0x0000000100000000)
  eden space 151040K, 100% used [0x00000000f5580000,0x00000000fe900000,0x00000000fe900000)
  from space 10752K, 0% used [0x00000000ff580000,0x00000000ff580000,0x0000000100000000)
  to   space 11776K, 0% used [0x00000000fe900000,0x00000000fe900000,0x00000000ff480000)
 ParOldGen       total 117760K, used 59838K [0x00000000e0000000, 0x00000000e7300000, 0x00000000f5580000)
  object space 117760K, 50% used [0x00000000e0000000,0x00000000e3a6fba0,0x00000000e7300000)
 Metaspace       used 49894K, capacity 55951K, committed 56152K, reserved 1097728K
  class space    used 6093K, capacity 7955K, committed 8064K, reserved 1048576K
Event: 30.884 GC heap after
Heap after GC invocations=20 (full 3):
 PSYoungGen      total 162816K, used 4250K [0x00000000f5580000, 0x0000000100000000, 0x0000000100000000)
  eden space 151040K, 0% used [0x00000000f5580000,0x00000000f5580000,0x00000000fe900000)
  from space 11776K, 36% used [0x00000000fe900000,0x00000000fed26858,0x00000000ff480000)
  to   space 11264K, 0% used [0x00000000ff500000,0x00000000ff500000,0x0000000100000000)
 ParOldGen       total 117760K, used 59846K [0x00000000e0000000, 0x00000000e7300000, 0x00000000f5580000)
  object space 117760K, 50% used [0x00000000e0000000,0x00000000e3a71ba0,0x00000000e7300000)
 Metaspace       used 49894K, capacity 55951K, committed 56152K, reserved 1097728K
  class space    used 6093K, capacity 7955K, committed 8064K, reserved 1048576K
}
Event: 32.687 GC heap before
{Heap before GC invocations=21 (full 3):
 PSYoungGen      total 162816K, used 155290K [0x00000000f5580000, 0x0000000100000000, 0x0000000100000000)
  eden space 151040K, 100% used [0x00000000f5580000,0x00000000fe900000,0x00000000fe900000)
  from space 11776K, 36% used [0x00000000fe900000,0x00000000fed26858,0x00000000ff480000)
  to   space 11264K, 0% used [0x00000000ff500000,0x00000000ff500000,0x0000000100000000)
 ParOldGen       total 117760K, used 59846K [0x00000000e0000000, 0x00000000e7300000, 0x00000000f5580000)
  object space 117760K, 50% used [0x00000000e0000000,0x00000000e3a71ba0,0x00000000e7300000)
 Metaspace       used 53070K, capacity 59333K, committed 59608K, reserved 1099776K
  class space    used 6411K, capacity 8344K, committed 8448K, reserved 1048576K
Event: 32.709 GC heap after
Heap after GC invocations=21 (full 3):
 PSYoungGen      total 162304K, used 7206K [0x00000000f5580000, 0x00000000fff80000, 0x0000000100000000)
  eden space 151552K, 0% used [0x00000000f5580000,0x00000000f5580000,0x00000000fe980000)
  from space 10752K, 67% used [0x00000000ff500000,0x00000000ffc09a20,0x00000000fff80000)
  to   space 11264K, 0% used [0x00000000fe980000,0x00000000fe980000,0x00000000ff480000)
 ParOldGen       total 117760K, used 59854K [0x00000000e0000000, 0x00000000e7300000, 0x00000000f5580000)
  object space 117760K, 50% used [0x00000000e0000000,0x00000000e3a73ba0,0x00000000e7300000)
 Metaspace       used 53070K, capacity 59333K, committed 59608K, reserved 1099776K
  class space    used 6411K, capacity 8344K, committed 8448K, reserved 1048576K
}
Event: 34.198 GC heap before
{Heap before GC invocations=22 (full 3):
 PSYoungGen      total 162304K, used 158758K [0x00000000f5580000, 0x00000000fff80000, 0x0000000100000000)
  eden space 151552K, 100% used [0x00000000f5580000,0x00000000fe980000,0x00000000fe980000)
  from space 10752K, 67% used [0x00000000ff500000,0x00000000ffc09a20,0x00000000fff80000)
  to   space 11264K, 0% used [0x00000000fe980000,0x00000000fe980000,0x00000000ff480000)
 ParOldGen       total 117760K, used 59854K [0x00000000e0000000, 0x00000000e7300000, 0x00000000f5580000)
  object space 117760K, 50% used [0x00000000e0000000,0x00000000e3a73ba0,0x00000000e7300000)
 Metaspace       used 55715K, capacity 62157K, committed 62424K, reserved 1103872K
  class space    used 6644K, capacity 8612K, committed 8704K, reserved 1048576K
Event: 34.222 GC heap after
Heap after GC invocations=22 (full 3):
 PSYoungGen      total 162816K, used 8140K [0x00000000f5580000, 0x0000000100000000, 0x0000000100000000)
  eden space 151552K, 0% used [0x00000000f5580000,0x00000000f5580000,0x00000000fe980000)
  from space 11264K, 72% used [0x00000000fe980000,0x00000000ff173048,0x00000000ff480000)
  to   space 11776K, 0% used [0x00000000ff480000,0x00000000ff480000,0x0000000100000000)
 ParOldGen       total 117760K, used 59862K [0x00000000e0000000, 0x00000000e7300000, 0x00000000f5580000)
  object space 117760K, 50% used [0x00000000e0000000,0x00000000e3a75ba0,0x00000000e7300000)
 Metaspace       used 55715K, capacity 62157K, committed 62424K, reserved 1103872K
  class space    used 6644K, capacity 8612K, committed 8704K, reserved 1048576K
}
Event: 36.846 GC heap before
{Heap before GC invocations=23 (full 3):
 PSYoungGen      total 162816K, used 159692K [0x00000000f5580000, 0x0000000100000000, 0x0000000100000000)
  eden space 151552K, 100% used [0x00000000f5580000,0x00000000fe980000,0x00000000fe980000)
  from space 11264K, 72% used [0x00000000fe980000,0x00000000ff173048,0x00000000ff480000)
  to   space 11776K, 0% used [0x00000000ff480000,0x00000000ff480000,0x0000000100000000)
 ParOldGen       total 117760K, used 59862K [0x00000000e0000000, 0x00000000e7300000, 0x00000000f5580000)
  object space 117760K, 50% used [0x00000000e0000000,0x00000000e3a75ba0,0x00000000e7300000)
 Metaspace       used 58596K, capacity 65585K, committed 65624K, reserved 1105920K
  class space    used 7015K, capacity 9071K, committed 9088K, reserved 1048576K
Event: 36.884 GC heap after
Heap after GC invocations=23 (full 3):
 PSYoungGen      total 158720K, used 11768K [0x00000000f5580000, 0x0000000100000000, 0x0000000100000000)
  eden space 146944K, 0% used [0x00000000f5580000,0x00000000f5580000,0x00000000fe500000)
  from space 11776K, 99% used [0x00000000ff480000,0x00000000ffffe240,0x0000000100000000)
  to   space 13824K, 0% used [0x00000000fe500000,0x00000000fe500000,0x00000000ff280000)
 ParOldGen       total 117760K, used 61598K [0x00000000e0000000, 0x00000000e7300000, 0x00000000f5580000)
  object space 117760K, 52% used [0x00000000e0000000,0x00000000e3c27ba0,0x00000000e7300000)
 Metaspace       used 58596K, capacity 65585K, committed 65624K, reserved 1105920K
  class space    used 7015K, capacity 9071K, committed 9088K, reserved 1048576K
}
Event: 38.227 GC heap before
{Heap before GC invocations=24 (full 3):
 PSYoungGen      total 158720K, used 158712K [0x00000000f5580000, 0x0000000100000000, 0x0000000100000000)
  eden space 146944K, 100% used [0x00000000f5580000,0x00000000fe500000,0x00000000fe500000)
  from space 11776K, 99% used [0x00000000ff480000,0x00000000ffffe240,0x0000000100000000)
  to   space 13824K, 0% used [0x00000000fe500000,0x00000000fe500000,0x00000000ff280000)
 ParOldGen       total 117760K, used 61598K [0x00000000e0000000, 0x00000000e7300000, 0x00000000f5580000)
  object space 117760K, 52% used [0x00000000e0000000,0x00000000e3c27ba0,0x00000000e7300000)
 Metaspace       used 59464K, capacity 66905K, committed 67160K, reserved 1107968K
  class space    used 7066K, capacity 9218K, committed 9344K, reserved 1048576K
Event: 38.263 GC heap after
Heap after GC invocations=24 (full 3):
 PSYoungGen      total 160768K, used 13544K [0x00000000f5580000, 0x0000000100000000, 0x0000000100000000)
  eden space 146944K, 0% used [0x00000000f5580000,0x00000000f5580000,0x00000000fe500000)
  from space 13824K, 97% used [0x00000000fe500000,0x00000000ff23a230,0x00000000ff280000)
  to   space 13824K, 0% used [0x00000000ff280000,0x00000000ff280000,0x0000000100000000)
 ParOldGen       total 117760K, used 61606K [0x00000000e0000000, 0x00000000e7300000, 0x00000000f5580000)
  object space 117760K, 52% used [0x00000000e0000000,0x00000000e3c29ba0,0x00000000e7300000)
 Metaspace       used 59464K, capacity 66905K, committed 67160K, reserved 1107968K
  class space    used 7066K, capacity 9218K, committed 9344K, reserved 1048576K
}

