# JRE version: Java(TM) SE Runtime Environment (8.0_111-b14) (build 1.8.0_111-b14)
# Java VM: Java HotSpot(TM) 64-Bit Server VM (25.111-b14 mixed mode windows-amd64 compressed oops)
Heap:
 PSYoungGen      total 163840K, used 159923K [0x00000000f5580000, 0x00000000fff00000, 0x0000000100000000)
  eden space 155136K, 100% used [0x00000000f5580000,0x00000000fed00000,0x00000000fed00000)
  from space 8704K, 55% used [0x00000000ff680000,0x00000000ffb2cd60,0x00000000fff00000)
  to   space 9216K, 0% used [0x00000000fed00000,0x00000000fed00000,0x00000000ff600000)
 ParOldGen       total 101376K, used 67421K [0x00000000e0000000, 0x00000000e6300000, 0x00000000f5580000)
  object space 101376K, 66% used [0x00000000e0000000,0x00000000e41d7648,0x00000000e6300000)
 Metaspace       used 57786K, capacity 64778K, committed 65072K, reserved 1105920K
  class space    used 6845K, capacity 8886K, committed 9008K, reserved 1048576K
GC Heap History (10 events):
Event: 24.528 GC heap before
{Heap before GC invocations=19 (full 3):
 PSYoungGen      total 162304K, used 151552K [0x00000000f5580000, 0x00000000fff80000, 0x0000000100000000)
  eden space 151552K, 100% used [0x00000000f5580000,0x00000000fe980000,0x00000000fe980000)
  from space 10752K, 0% used [0x00000000fe980000,0x00000000fe980000,0x00000000ff400000)
  to   space 10752K, 0% used [0x00000000ff500000,0x00000000ff500000,0x00000000fff80000)
 ParOldGen       total 101376K, used 51392K [0x00000000e0000000, 0x00000000e6300000, 0x00000000f5580000)
  object space 101376K, 50% used [0x00000000e0000000,0x00000000e3230230,0x00000000e6300000)
 Metaspace       used 44054K, capacity 48930K, committed 49072K, reserved 1091584K
  class space    used 5240K, capacity 6720K, committed 6832K, reserved 1048576K
Event: 24.551 GC heap after
Heap after GC invocations=19 (full 3):
 PSYoungGen      total 163328K, used 7282K [0x00000000f5580000, 0x0000000100000000, 0x0000000100000000)
  eden space 152576K, 0% used [0x00000000f5580000,0x00000000f5580000,0x00000000fea80000)
  from space 10752K, 67% used [0x00000000ff500000,0x00000000ffc1ca68,0x00000000fff80000)
  to   space 10752K, 0% used [0x00000000fea80000,0x00000000fea80000,0x00000000ff500000)
 ParOldGen       total 101376K, used 51400K [0x00000000e0000000, 0x00000000e6300000, 0x00000000f5580000)
  object space 101376K, 50% used [0x00000000e0000000,0x00000000e3232230,0x00000000e6300000)
 Metaspace       used 44054K, capacity 48930K, committed 49072K, reserved 1091584K
  class space    used 5240K, capacity 6720K, committed 6832K, reserved 1048576K
}
Event: 26.670 GC heap before
{Heap before GC invocations=20 (full 3):
 PSYoungGen      total 163328K, used 159858K [0x00000000f5580000, 0x0000000100000000, 0x0000000100000000)
  eden space 152576K, 100% used [0x00000000f5580000,0x00000000fea80000,0x00000000fea80000)
  from space 10752K, 67% used [0x00000000ff500000,0x00000000ffc1ca68,0x00000000fff80000)
  to   space 10752K, 0% used [0x00000000fea80000,0x00000000fea80000,0x00000000ff500000)
 ParOldGen       total 101376K, used 51400K [0x00000000e0000000, 0x00000000e6300000, 0x00000000f5580000)
  object space 101376K, 50% used [0x00000000e0000000,0x00000000e3232230,0x00000000e6300000)
 Metaspace       used 47969K, capacity 53546K, committed 53680K, reserved 1095680K
  class space    used 5848K, capacity 7538K, committed 7600K, reserved 1048576K
Event: 26.703 GC heap after
Heap after GC invocations=20 (full 3):
 PSYoungGen      total 163328K, used 5708K [0x00000000f5580000, 0x00000000fff00000, 0x0000000100000000)
  eden space 152576K, 0% used [0x00000000f5580000,0x00000000f5580000,0x00000000fea80000)
  from space 10752K, 53% used [0x00000000fea80000,0x00000000ff013060,0x00000000ff500000)
  to   space 10240K, 0% used [0x00000000ff500000,0x00000000ff500000,0x00000000fff00000)
 ParOldGen       total 101376K, used 56281K [0x00000000e0000000, 0x00000000e6300000, 0x00000000f5580000)
  object space 101376K, 55% used [0x00000000e0000000,0x00000000e36f6730,0x00000000e6300000)
 Metaspace       used 47969K, capacity 53546K, committed 53680K, reserved 1095680K
  class space    used 5848K, capacity 7538K, committed 7600K, reserved 1048576K
}
Event: 28.691 GC heap before
{Heap before GC invocations=21 (full 3):
 PSYoungGen      total 163328K, used 158284K [0x00000000f5580000, 0x00000000fff00000, 0x0000000100000000)
  eden space 152576K, 100% used [0x00000000f5580000,0x00000000fea80000,0x00000000fea80000)
  from space 10752K, 53% used [0x00000000fea80000,0x00000000ff013060,0x00000000ff500000)
  to   space 10240K, 0% used [0x00000000ff500000,0x00000000ff500000,0x00000000fff00000)
 ParOldGen       total 101376K, used 56281K [0x00000000e0000000, 0x00000000e6300000, 0x00000000f5580000)
  object space 101376K, 55% used [0x00000000e0000000,0x00000000e36f6730,0x00000000e6300000)
 Metaspace       used 50820K, capacity 57050K, committed 57264K, reserved 1097728K
  class space    used 6185K, capacity 8072K, committed 8112K, reserved 1048576K
Event: 28.713 GC heap after
Heap after GC invocations=21 (full 3):
 PSYoungGen      total 163328K, used 5846K [0x00000000f5580000, 0x00000000ffe80000, 0x0000000100000000)
  eden space 153600K, 0% used [0x00000000f5580000,0x00000000f5580000,0x00000000feb80000)
  from space 9728K, 60% used [0x00000000ff500000,0x00000000ffab5998,0x00000000ffe80000)
  to   space 9728K, 0% used [0x00000000feb80000,0x00000000feb80000,0x00000000ff500000)
 ParOldGen       total 101376K, used 60412K [0x00000000e0000000, 0x00000000e6300000, 0x00000000f5580000)
  object space 101376K, 59% used [0x00000000e0000000,0x00000000e3aff310,0x00000000e6300000)
 Metaspace       used 50820K, capacity 57050K, committed 57264K, reserved 1097728K
  class space    used 6185K, capacity 8072K, committed 8112K, reserved 1048576K
}
Event: 31.057 GC heap before
{Heap before GC invocations=22 (full 3):
 PSYoungGen      total 163328K, used 159446K [0x00000000f5580000, 0x00000000ffe80000, 0x0000000100000000)
  eden space 153600K, 100% used [0x00000000f5580000,0x00000000feb80000,0x00000000feb80000)
  from space 9728K, 60% used [0x00000000ff500000,0x00000000ffab5998,0x00000000ffe80000)
  to   space 9728K, 0% used [0x00000000feb80000,0x00000000feb80000,0x00000000ff500000)
 ParOldGen       total 101376K, used 60412K [0x00000000e0000000, 0x00000000e6300000, 0x00000000f5580000)
  object space 101376K, 59% used [0x00000000e0000000,0x00000000e3aff310,0x00000000e6300000)
 Metaspace       used 55079K, capacity 61720K, committed 62000K, reserved 1101824K
  class space    used 6624K, capacity 8635K, committed 8752K, reserved 1048576K
Event: 31.077 GC heap after
Heap after GC invocations=22 (full 3):
 PSYoungGen      total 163328K, used 4951K [0x00000000f5580000, 0x0000000100000000, 0x0000000100000000)
  eden space 153600K, 0% used [0x00000000f5580000,0x00000000f5580000,0x00000000feb80000)
  from space 9728K, 50% used [0x00000000feb80000,0x00000000ff055d58,0x00000000ff500000)
  to   space 9728K, 0% used [0x00000000ff680000,0x00000000ff680000,0x0000000100000000)
 ParOldGen       total 101376K, used 64822K [0x00000000e0000000, 0x00000000e6300000, 0x00000000f5580000)
  object space 101376K, 63% used [0x00000000e0000000,0x00000000e3f4da78,0x00000000e6300000)
 Metaspace       used 55079K, capacity 61720K, committed 62000K, reserved 1101824K
  class space    used 6624K, capacity 8635K, committed 8752K, reserved 1048576K
}
Event: 33.069 GC heap before
{Heap before GC invocations=23 (full 3):
 PSYoungGen      total 163328K, used 158551K [0x00000000f5580000, 0x0000000100000000, 0x0000000100000000)
  eden space 153600K, 100% used [0x00000000f5580000,0x00000000feb80000,0x00000000feb80000)
  from space 9728K, 50% used [0x00000000feb80000,0x00000000ff055d58,0x00000000ff500000)
  to   space 9728K, 0% used [0x00000000ff680000,0x00000000ff680000,0x0000000100000000)
 ParOldGen       total 101376K, used 64822K [0x00000000e0000000, 0x00000000e6300000, 0x00000000f5580000)
  object space 101376K, 63% used [0x00000000e0000000,0x00000000e3f4da78,0x00000000e6300000)
 Metaspace       used 57370K, capacity 64086K, committed 64176K, reserved 1103872K
  class space    used 6824K, capacity 8832K, committed 8880K, reserved 1048576K
Event: 33.090 GC heap after
Heap after GC invocations=23 (full 3):
 PSYoungGen      total 163840K, used 4787K [0x00000000f5580000, 0x00000000fff00000, 0x0000000100000000)
  eden space 155136K, 0% used [0x00000000f5580000,0x00000000f5580000,0x00000000fed00000)
  from space 8704K, 55% used [0x00000000ff680000,0x00000000ffb2cd60,0x00000000fff00000)
  to   space 9216K, 0% used [0x00000000fed00000,0x00000000fed00000,0x00000000ff600000)
 ParOldGen       total 101376K, used 67421K [0x00000000e0000000, 0x00000000e6300000, 0x00000000f5580000)
  object space 101376K, 66% used [0x00000000e0000000,0x00000000e41d7648,0x00000000e6300000)
 Metaspace       used 57370K, capacity 64086K, committed 64176K, reserved 1103872K
  class space    used 6824K, capacity 8832K, committed 8880K, reserved 1048576K
}

