# JRE version: Java(TM) SE Runtime Environment (8.0_111-b14) (build 1.8.0_111-b14)
# Java VM: Java HotSpot(TM) 64-Bit Server VM (25.111-b14 mixed mode windows-amd64 compressed oops)
Heap:
 PSYoungGen      total 166400K, used 141432K [0x00000000f5580000, 0x00000000fff80000, 0x0000000100000000)
  eden space 158720K, 86% used [0x00000000f5580000,0x00000000fdae90b0,0x00000000ff080000)
  from space 7680K, 62% used [0x00000000ff800000,0x00000000ffcb51c0,0x00000000fff80000)
  to   space 7680K, 0% used [0x00000000ff080000,0x00000000ff080000,0x00000000ff800000)
 ParOldGen       total 109568K, used 69415K [0x00000000e0000000, 0x00000000e6b00000, 0x00000000f5580000)
  object space 109568K, 63% used [0x00000000e0000000,0x00000000e43c9c08,0x00000000e6b00000)
 Metaspace       used 59790K, capacity 67254K, committed 67328K, reserved 1107968K
  class space    used 7071K, capacity 9201K, committed 9216K, reserved 1048576K
GC Heap History (10 events):
Event: 32.458 GC heap before
{Heap before GC invocations=21 (full 3):
 PSYoungGen      total 166400K, used 158208K [0x00000000f5580000, 0x0000000100000000, 0x0000000100000000)
  eden space 158208K, 100% used [0x00000000f5580000,0x00000000ff000000,0x00000000ff000000)
  from space 8192K, 0% used [0x00000000ff000000,0x00000000ff000000,0x00000000ff800000)
  to   space 8192K, 0% used [0x00000000ff800000,0x00000000ff800000,0x0000000100000000)
 ParOldGen       total 109568K, used 57333K [0x00000000e0000000, 0x00000000e6b00000, 0x00000000f5580000)
  object space 109568K, 52% used [0x00000000e0000000,0x00000000e37fd518,0x00000000e6b00000)
 Metaspace       used 47725K, capacity 53326K, committed 53376K, reserved 1095680K
  class space    used 5810K, capacity 7538K, committed 7552K, reserved 1048576K
Event: 32.473 GC heap after
Heap after GC invocations=21 (full 3):
 PSYoungGen      total 166400K, used 5843K [0x00000000f5580000, 0x0000000100000000, 0x0000000100000000)
  eden space 158208K, 0% used [0x00000000f5580000,0x00000000f5580000,0x00000000ff000000)
  from space 8192K, 71% used [0x00000000ff800000,0x00000000ffdb4d98,0x0000000100000000)
  to   space 8192K, 0% used [0x00000000ff000000,0x00000000ff000000,0x00000000ff800000)
 ParOldGen       total 109568K, used 57341K [0x00000000e0000000, 0x00000000e6b00000, 0x00000000f5580000)
  object space 109568K, 52% used [0x00000000e0000000,0x00000000e37ff518,0x00000000e6b00000)
 Metaspace       used 47725K, capacity 53326K, committed 53376K, reserved 1095680K
  class space    used 5810K, capacity 7538K, committed 7552K, reserved 1048576K
}
Event: 33.725 GC heap before
{Heap before GC invocations=22 (full 3):
 PSYoungGen      total 166400K, used 164051K [0x00000000f5580000, 0x0000000100000000, 0x0000000100000000)
  eden space 158208K, 100% used [0x00000000f5580000,0x00000000ff000000,0x00000000ff000000)
  from space 8192K, 71% used [0x00000000ff800000,0x00000000ffdb4d98,0x0000000100000000)
  to   space 8192K, 0% used [0x00000000ff000000,0x00000000ff000000,0x00000000ff800000)
 ParOldGen       total 109568K, used 57341K [0x00000000e0000000, 0x00000000e6b00000, 0x00000000f5580000)
  object space 109568K, 52% used [0x00000000e0000000,0x00000000e37ff518,0x00000000e6b00000)
 Metaspace       used 50319K, capacity 56454K, committed 56704K, reserved 1097728K
  class space    used 6135K, capacity 8008K, committed 8064K, reserved 1048576K
Event: 33.758 GC heap after
Heap after GC invocations=22 (full 3):
 PSYoungGen      total 166400K, used 3597K [0x00000000f5580000, 0x0000000100000000, 0x0000000100000000)
  eden space 158208K, 0% used [0x00000000f5580000,0x00000000f5580000,0x00000000ff000000)
  from space 8192K, 43% used [0x00000000ff000000,0x00000000ff383488,0x00000000ff800000)
  to   space 8192K, 0% used [0x00000000ff800000,0x00000000ff800000,0x0000000100000000)
 ParOldGen       total 109568K, used 61368K [0x00000000e0000000, 0x00000000e6b00000, 0x00000000f5580000)
  object space 109568K, 56% used [0x00000000e0000000,0x00000000e3bee0f8,0x00000000e6b00000)
 Metaspace       used 50319K, capacity 56454K, committed 56704K, reserved 1097728K
  class space    used 6135K, capacity 8008K, committed 8064K, reserved 1048576K
}
Event: 35.548 GC heap before
{Heap before GC invocations=23 (full 3):
 PSYoungGen      total 166400K, used 161805K [0x00000000f5580000, 0x0000000100000000, 0x0000000100000000)
  eden space 158208K, 100% used [0x00000000f5580000,0x00000000ff000000,0x00000000ff000000)
  from space 8192K, 43% used [0x00000000ff000000,0x00000000ff383488,0x00000000ff800000)
  to   space 8192K, 0% used [0x00000000ff800000,0x00000000ff800000,0x0000000100000000)
 ParOldGen       total 109568K, used 61368K [0x00000000e0000000, 0x00000000e6b00000, 0x00000000f5580000)
  object space 109568K, 56% used [0x00000000e0000000,0x00000000e3bee0f8,0x00000000e6b00000)
 Metaspace       used 54904K, capacity 61234K, committed 61568K, reserved 1101824K
  class space    used 6544K, capacity 8504K, committed 8576K, reserved 1048576K
Event: 35.571 GC heap after
Heap after GC invocations=23 (full 3):
 PSYoungGen      total 165376K, used 4664K [0x00000000f5580000, 0x00000000fff00000, 0x0000000100000000)
  eden space 158208K, 0% used [0x00000000f5580000,0x00000000f5580000,0x00000000ff000000)
  from space 7168K, 65% used [0x00000000ff800000,0x00000000ffc8e378,0x00000000fff00000)
  to   space 7680K, 0% used [0x00000000ff000000,0x00000000ff000000,0x00000000ff780000)
 ParOldGen       total 109568K, used 63207K [0x00000000e0000000, 0x00000000e6b00000, 0x00000000f5580000)
  object space 109568K, 57% used [0x00000000e0000000,0x00000000e3db9de0,0x00000000e6b00000)
 Metaspace       used 54904K, capacity 61234K, committed 61568K, reserved 1101824K
  class space    used 6544K, capacity 8504K, committed 8576K, reserved 1048576K
}
Event: 37.102 GC heap before
{Heap before GC invocations=24 (full 3):
 PSYoungGen      total 165376K, used 162872K [0x00000000f5580000, 0x00000000fff00000, 0x0000000100000000)
  eden space 158208K, 100% used [0x00000000f5580000,0x00000000ff000000,0x00000000ff000000)
  from space 7168K, 65% used [0x00000000ff800000,0x00000000ffc8e378,0x00000000fff00000)
  to   space 7680K, 0% used [0x00000000ff000000,0x00000000ff000000,0x00000000ff780000)
 ParOldGen       total 109568K, used 63207K [0x00000000e0000000, 0x00000000e6b00000, 0x00000000f5580000)
  object space 109568K, 57% used [0x00000000e0000000,0x00000000e3db9de0,0x00000000e6b00000)
 Metaspace       used 57056K, capacity 63958K, committed 64256K, reserved 1103872K
  class space    used 6814K, capacity 8871K, committed 8960K, reserved 1048576K
Event: 37.137 GC heap after
Heap after GC invocations=24 (full 3):
 PSYoungGen      total 165888K, used 5847K [0x00000000f5580000, 0x0000000100000000, 0x0000000100000000)
  eden space 158208K, 0% used [0x00000000f5580000,0x00000000f5580000,0x00000000ff000000)
  from space 7680K, 76% used [0x00000000ff000000,0x00000000ff5b5eb8,0x00000000ff780000)
  to   space 8192K, 0% used [0x00000000ff800000,0x00000000ff800000,0x0000000100000000)
 ParOldGen       total 109568K, used 65856K [0x00000000e0000000, 0x00000000e6b00000, 0x00000000f5580000)
  object space 109568K, 60% used [0x00000000e0000000,0x00000000e4050010,0x00000000e6b00000)
 Metaspace       used 57056K, capacity 63958K, committed 64256K, reserved 1103872K
  class space    used 6814K, capacity 8871K, committed 8960K, reserved 1048576K
}
Event: 38.546 GC heap before
{Heap before GC invocations=25 (full 3):
 PSYoungGen      total 165888K, used 164055K [0x00000000f5580000, 0x0000000100000000, 0x0000000100000000)
  eden space 158208K, 100% used [0x00000000f5580000,0x00000000ff000000,0x00000000ff000000)
  from space 7680K, 76% used [0x00000000ff000000,0x00000000ff5b5eb8,0x00000000ff780000)
  to   space 8192K, 0% used [0x00000000ff800000,0x00000000ff800000,0x0000000100000000)
 ParOldGen       total 109568K, used 65856K [0x00000000e0000000, 0x00000000e6b00000, 0x00000000f5580000)
  object space 109568K, 60% used [0x00000000e0000000,0x00000000e4050010,0x00000000e6b00000)
 Metaspace       used 59604K, capacity 66848K, committed 67072K, reserved 1107968K
  class space    used 7056K, capacity 9177K, committed 9216K, reserved 1048576K
Event: 38.564 GC heap after
Heap after GC invocations=25 (full 3):
 PSYoungGen      total 166400K, used 4820K [0x00000000f5580000, 0x00000000fff80000, 0x0000000100000000)
  eden space 158720K, 0% used [0x00000000f5580000,0x00000000f5580000,0x00000000ff080000)
  from space 7680K, 62% used [0x00000000ff800000,0x00000000ffcb51c0,0x00000000fff80000)
  to   space 7680K, 0% used [0x00000000ff080000,0x00000000ff080000,0x00000000ff800000)
 ParOldGen       total 109568K, used 69415K [0x00000000e0000000, 0x00000000e6b00000, 0x00000000f5580000)
  object space 109568K, 63% used [0x00000000e0000000,0x00000000e43c9c08,0x00000000e6b00000)
 Metaspace       used 59604K, capacity 66848K, committed 67072K, reserved 1107968K
  class space    used 7056K, capacity 9177K, committed 9216K, reserved 1048576K
}

