# JRE version: Java(TM) SE Runtime Environment (8.0_111-b14) (build 1.8.0_111-b14)
# Java VM: Java HotSpot(TM) 64-Bit Server VM (25.111-b14 mixed mode windows-amd64 compressed oops)
Heap:
 PSYoungGen      total 161792K, used 155308K [0x00000000f5580000, 0x0000000100000000, 0x0000000100000000)
  eden space 148992K, 98% used [0x00000000f5580000,0x00000000fe44ea60,0x00000000fe700000)
  from space 12800K, 70% used [0x00000000fe700000,0x00000000fefdc880,0x00000000ff380000)
  to   space 12800K, 0% used [0x00000000ff380000,0x00000000ff380000,0x0000000100000000)
 ParOldGen       total 113664K, used 67437K [0x00000000e0000000, 0x00000000e6f00000, 0x00000000f5580000)
  object space 113664K, 59% used [0x00000000e0000000,0x00000000e41db4e0,0x00000000e6f00000)
 Metaspace       used 59594K, capacity 66950K, committed 67072K, reserved 1107968K
  class space    used 7058K, capacity 9167K, committed 9216K, reserved 1048576K
GC Heap History (10 events):
Event: 21.875 GC heap before
{Heap before GC invocations=20 (full 3):
 PSYoungGen      total 164864K, used 155648K [0x00000000f5580000, 0x00000000fff80000, 0x0000000100000000)
  eden space 155648K, 100% used [0x00000000f5580000,0x00000000fed80000,0x00000000fed80000)
  from space 9216K, 0% used [0x00000000ff680000,0x00000000ff680000,0x00000000fff80000)
  to   space 9216K, 0% used [0x00000000fed80000,0x00000000fed80000,0x00000000ff680000)
 ParOldGen       total 113664K, used 60461K [0x00000000e0000000, 0x00000000e6f00000, 0x00000000f5580000)
  object space 113664K, 53% used [0x00000000e0000000,0x00000000e3b0b510,0x00000000e6f00000)
 Metaspace       used 49854K, capacity 55894K, committed 56064K, reserved 1097728K
  class space    used 6066K, capacity 7926K, committed 7936K, reserved 1048576K
Event: 21.889 GC heap after
Heap after GC invocations=20 (full 3):
 PSYoungGen      total 164864K, used 3386K [0x00000000f5580000, 0x0000000100000000, 0x0000000100000000)
  eden space 155648K, 0% used [0x00000000f5580000,0x00000000f5580000,0x00000000fed80000)
  from space 9216K, 36% used [0x00000000fed80000,0x00000000ff0ce848,0x00000000ff680000)
  to   space 9216K, 0% used [0x00000000ff700000,0x00000000ff700000,0x0000000100000000)
 ParOldGen       total 113664K, used 60469K [0x00000000e0000000, 0x00000000e6f00000, 0x00000000f5580000)
  object space 113664K, 53% used [0x00000000e0000000,0x00000000e3b0d510,0x00000000e6f00000)
 Metaspace       used 49854K, capacity 55894K, committed 56064K, reserved 1097728K
  class space    used 6066K, capacity 7926K, committed 7936K, reserved 1048576K
}
Event: 23.281 GC heap before
{Heap before GC invocations=21 (full 3):
 PSYoungGen      total 164864K, used 159034K [0x00000000f5580000, 0x0000000100000000, 0x0000000100000000)
  eden space 155648K, 100% used [0x00000000f5580000,0x00000000fed80000,0x00000000fed80000)
  from space 9216K, 36% used [0x00000000fed80000,0x00000000ff0ce848,0x00000000ff680000)
  to   space 9216K, 0% used [0x00000000ff700000,0x00000000ff700000,0x0000000100000000)
 ParOldGen       total 113664K, used 60469K [0x00000000e0000000, 0x00000000e6f00000, 0x00000000f5580000)
  object space 113664K, 53% used [0x00000000e0000000,0x00000000e3b0d510,0x00000000e6f00000)
 Metaspace       used 53928K, capacity 60238K, committed 60416K, reserved 1101824K
  class space    used 6469K, capacity 8404K, committed 8448K, reserved 1048576K
Event: 23.311 GC heap after
Heap after GC invocations=21 (full 3):
 PSYoungGen      total 164352K, used 7104K [0x00000000f5580000, 0x0000000100000000, 0x0000000100000000)
  eden space 155136K, 0% used [0x00000000f5580000,0x00000000f5580000,0x00000000fed00000)
  from space 9216K, 77% used [0x00000000ff700000,0x00000000ffdf0080,0x0000000100000000)
  to   space 9728K, 0% used [0x00000000fed00000,0x00000000fed00000,0x00000000ff680000)
 ParOldGen       total 113664K, used 60469K [0x00000000e0000000, 0x00000000e6f00000, 0x00000000f5580000)
  object space 113664K, 53% used [0x00000000e0000000,0x00000000e3b0d510,0x00000000e6f00000)
 Metaspace       used 53928K, capacity 60238K, committed 60416K, reserved 1101824K
  class space    used 6469K, capacity 8404K, committed 8448K, reserved 1048576K
}
Event: 24.575 GC heap before
{Heap before GC invocations=22 (full 3):
 PSYoungGen      total 164352K, used 162240K [0x00000000f5580000, 0x0000000100000000, 0x0000000100000000)
  eden space 155136K, 100% used [0x00000000f5580000,0x00000000fed00000,0x00000000fed00000)
  from space 9216K, 77% used [0x00000000ff700000,0x00000000ffdf0080,0x0000000100000000)
  to   space 9728K, 0% used [0x00000000fed00000,0x00000000fed00000,0x00000000ff680000)
 ParOldGen       total 113664K, used 60469K [0x00000000e0000000, 0x00000000e6f00000, 0x00000000f5580000)
  object space 113664K, 53% used [0x00000000e0000000,0x00000000e3b0d510,0x00000000e6f00000)
 Metaspace       used 56209K, capacity 63000K, committed 63360K, reserved 1103872K
  class space    used 6688K, capacity 8707K, committed 8832K, reserved 1048576K
Event: 24.607 GC heap after
Heap after GC invocations=22 (full 3):
 PSYoungGen      total 163328K, used 7847K [0x00000000f5580000, 0x0000000100000000, 0x0000000100000000)
  eden space 155136K, 0% used [0x00000000f5580000,0x00000000f5580000,0x00000000fed00000)
  from space 8192K, 95% used [0x00000000fed00000,0x00000000ff4a9e00,0x00000000ff500000)
  to   space 10240K, 0% used [0x00000000ff600000,0x00000000ff600000,0x0000000100000000)
 ParOldGen       total 113664K, used 60477K [0x00000000e0000000, 0x00000000e6f00000, 0x00000000f5580000)
  object space 113664K, 53% used [0x00000000e0000000,0x00000000e3b0f510,0x00000000e6f00000)
 Metaspace       used 56209K, capacity 63000K, committed 63360K, reserved 1103872K
  class space    used 6688K, capacity 8707K, committed 8832K, reserved 1048576K
}
Event: 26.983 GC heap before
{Heap before GC invocations=23 (full 3):
 PSYoungGen      total 163328K, used 162983K [0x00000000f5580000, 0x0000000100000000, 0x0000000100000000)
  eden space 155136K, 100% used [0x00000000f5580000,0x00000000fed00000,0x00000000fed00000)
  from space 8192K, 95% used [0x00000000fed00000,0x00000000ff4a9e00,0x00000000ff500000)
  to   space 10240K, 0% used [0x00000000ff600000,0x00000000ff600000,0x0000000100000000)
 ParOldGen       total 113664K, used 60477K [0x00000000e0000000, 0x00000000e6f00000, 0x00000000f5580000)
  object space 113664K, 53% used [0x00000000e0000000,0x00000000e3b0f510,0x00000000e6f00000)
 Metaspace       used 59186K, capacity 66170K, committed 66304K, reserved 1105920K
  class space    used 7032K, capacity 9103K, committed 9216K, reserved 1048576K
Event: 27.019 GC heap after
Heap after GC invocations=23 (full 3):
 PSYoungGen      total 159232K, used 10228K [0x00000000f5580000, 0x0000000100000000, 0x0000000100000000)
  eden space 148992K, 0% used [0x00000000f5580000,0x00000000f5580000,0x00000000fe700000)
  from space 10240K, 99% used [0x00000000ff600000,0x00000000ffffd210,0x0000000100000000)
  to   space 12800K, 0% used [0x00000000fe700000,0x00000000fe700000,0x00000000ff380000)
 ParOldGen       total 113664K, used 64261K [0x00000000e0000000, 0x00000000e6f00000, 0x00000000f5580000)
  object space 113664K, 56% used [0x00000000e0000000,0x00000000e3ec1620,0x00000000e6f00000)
 Metaspace       used 59186K, capacity 66170K, committed 66304K, reserved 1105920K
  class space    used 7032K, capacity 9103K, committed 9216K, reserved 1048576K
}
Event: 28.053 GC heap before
{Heap before GC invocations=24 (full 3):
 PSYoungGen      total 159232K, used 159220K [0x00000000f5580000, 0x0000000100000000, 0x0000000100000000)
  eden space 148992K, 100% used [0x00000000f5580000,0x00000000fe700000,0x00000000fe700000)
  from space 10240K, 99% used [0x00000000ff600000,0x00000000ffffd210,0x0000000100000000)
  to   space 12800K, 0% used [0x00000000fe700000,0x00000000fe700000,0x00000000ff380000)
 ParOldGen       total 113664K, used 64261K [0x00000000e0000000, 0x00000000e6f00000, 0x00000000f5580000)
  object space 113664K, 56% used [0x00000000e0000000,0x00000000e3ec1620,0x00000000e6f00000)
 Metaspace       used 59482K, capacity 66772K, committed 67072K, reserved 1107968K
  class space    used 7047K, capacity 9148K, committed 9216K, reserved 1048576K
Event: 28.102 GC heap after
Heap after GC invocations=24 (full 3):
 PSYoungGen      total 161792K, used 9074K [0x00000000f5580000, 0x0000000100000000, 0x0000000100000000)
  eden space 148992K, 0% used [0x00000000f5580000,0x00000000f5580000,0x00000000fe700000)
  from space 12800K, 70% used [0x00000000fe700000,0x00000000fefdc880,0x00000000ff380000)
  to   space 12800K, 0% used [0x00000000ff380000,0x00000000ff380000,0x0000000100000000)
 ParOldGen       total 113664K, used 67437K [0x00000000e0000000, 0x00000000e6f00000, 0x00000000f5580000)
  object space 113664K, 59% used [0x00000000e0000000,0x00000000e41db4e0,0x00000000e6f00000)
 Metaspace       used 59482K, capacity 66772K, committed 67072K, reserved 1107968K
  class space    used 7047K, capacity 9148K, committed 9216K, reserved 1048576K
}

