# JRE version: Java(TM) SE Runtime Environment (8.0_111-b14) (build 1.8.0_111-b14)
# Java VM: Java HotSpot(TM) 64-Bit Server VM (25.111-b14 mixed mode windows-amd64 compressed oops)
Heap:
 PSYoungGen      total 162816K, used 107687K [0x00000000f5580000, 0x0000000100000000, 0x0000000100000000)
  eden space 154112K, 64% used [0x00000000f5580000,0x00000000fb67ca70,0x00000000fec00000)
  from space 8704K, 96% used [0x00000000fec00000,0x00000000ff42d210,0x00000000ff480000)
  to   space 11264K, 0% used [0x00000000ff500000,0x00000000ff500000,0x0000000100000000)
 ParOldGen       total 108032K, used 64543K [0x00000000e0000000, 0x00000000e6980000, 0x00000000f5580000)
  object space 108032K, 59% used [0x00000000e0000000,0x00000000e3f07c00,0x00000000e6980000)
 Metaspace       used 59769K, capacity 67234K, committed 67328K, reserved 1107968K
  class space    used 7073K, capacity 9201K, committed 9216K, reserved 1048576K
GC Heap History (10 events):
Event: 38.691 GC heap before
{Heap before GC invocations=22 (full 3):
 PSYoungGen      total 162816K, used 158770K [0x00000000f5580000, 0x00000000fff00000, 0x0000000100000000)
  eden space 153088K, 100% used [0x00000000f5580000,0x00000000feb00000,0x00000000feb00000)
  from space 9728K, 58% used [0x00000000ff580000,0x00000000ffb0ca30,0x00000000fff00000)
  to   space 10240K, 0% used [0x00000000feb00000,0x00000000feb00000,0x00000000ff500000)
 ParOldGen       total 108032K, used 55616K [0x00000000e0000000, 0x00000000e6980000, 0x00000000f5580000)
  object space 108032K, 51% used [0x00000000e0000000,0x00000000e36502a8,0x00000000e6980000)
 Metaspace       used 49790K, capacity 55878K, committed 56064K, reserved 1097728K
  class space    used 6066K, capacity 7924K, committed 7936K, reserved 1048576K
Event: 38.710 GC heap after
Heap after GC invocations=22 (full 3):
 PSYoungGen      total 163328K, used 3866K [0x00000000f5580000, 0x0000000100000000, 0x0000000100000000)
  eden space 153088K, 0% used [0x00000000f5580000,0x00000000f5580000,0x00000000feb00000)
  from space 10240K, 37% used [0x00000000feb00000,0x00000000feec6848,0x00000000ff500000)
  to   space 10240K, 0% used [0x00000000ff600000,0x00000000ff600000,0x0000000100000000)
 ParOldGen       total 108032K, used 59542K [0x00000000e0000000, 0x00000000e6980000, 0x00000000f5580000)
  object space 108032K, 55% used [0x00000000e0000000,0x00000000e3a258a0,0x00000000e6980000)
 Metaspace       used 49790K, capacity 55878K, committed 56064K, reserved 1097728K
  class space    used 6066K, capacity 7924K, committed 7936K, reserved 1048576K
}
Event: 40.332 GC heap before
{Heap before GC invocations=23 (full 3):
 PSYoungGen      total 163328K, used 156954K [0x00000000f5580000, 0x0000000100000000, 0x0000000100000000)
  eden space 153088K, 100% used [0x00000000f5580000,0x00000000feb00000,0x00000000feb00000)
  from space 10240K, 37% used [0x00000000feb00000,0x00000000feec6848,0x00000000ff500000)
  to   space 10240K, 0% used [0x00000000ff600000,0x00000000ff600000,0x0000000100000000)
 ParOldGen       total 108032K, used 59542K [0x00000000e0000000, 0x00000000e6980000, 0x00000000f5580000)
  object space 108032K, 55% used [0x00000000e0000000,0x00000000e3a258a0,0x00000000e6980000)
 Metaspace       used 53324K, capacity 59668K, committed 59904K, reserved 1101824K
  class space    used 6403K, capacity 8343K, committed 8448K, reserved 1048576K
Event: 40.351 GC heap after
Heap after GC invocations=23 (full 3):
 PSYoungGen      total 163328K, used 4243K [0x00000000f5580000, 0x00000000fff00000, 0x0000000100000000)
  eden space 154112K, 0% used [0x00000000f5580000,0x00000000f5580000,0x00000000fec00000)
  from space 9216K, 46% used [0x00000000ff600000,0x00000000ffa24f30,0x00000000fff00000)
  to   space 9728K, 0% used [0x00000000fec00000,0x00000000fec00000,0x00000000ff580000)
 ParOldGen       total 108032K, used 62314K [0x00000000e0000000, 0x00000000e6980000, 0x00000000f5580000)
  object space 108032K, 57% used [0x00000000e0000000,0x00000000e3cda9e0,0x00000000e6980000)
 Metaspace       used 53324K, capacity 59668K, committed 59904K, reserved 1101824K
  class space    used 6403K, capacity 8343K, committed 8448K, reserved 1048576K
}
Event: 41.753 GC heap before
{Heap before GC invocations=24 (full 3):
 PSYoungGen      total 163328K, used 158355K [0x00000000f5580000, 0x00000000fff00000, 0x0000000100000000)
  eden space 154112K, 100% used [0x00000000f5580000,0x00000000fec00000,0x00000000fec00000)
  from space 9216K, 46% used [0x00000000ff600000,0x00000000ffa24f30,0x00000000fff00000)
  to   space 9728K, 0% used [0x00000000fec00000,0x00000000fec00000,0x00000000ff580000)
 ParOldGen       total 108032K, used 62314K [0x00000000e0000000, 0x00000000e6980000, 0x00000000f5580000)
  object space 108032K, 57% used [0x00000000e0000000,0x00000000e3cda9e0,0x00000000e6980000)
 Metaspace       used 55647K, capacity 62246K, committed 62464K, reserved 1103872K
  class space    used 6617K, capacity 8582K, committed 8704K, reserved 1048576K
Event: 41.768 GC heap after
Heap after GC invocations=24 (full 3):
 PSYoungGen      total 163840K, used 3043K [0x00000000f5580000, 0x0000000100000000, 0x0000000100000000)
  eden space 154112K, 0% used [0x00000000f5580000,0x00000000f5580000,0x00000000fec00000)
  from space 9728K, 31% used [0x00000000fec00000,0x00000000feef8e78,0x00000000ff580000)
  to   space 9728K, 0% used [0x00000000ff680000,0x00000000ff680000,0x0000000100000000)
 ParOldGen       total 108032K, used 64543K [0x00000000e0000000, 0x00000000e6980000, 0x00000000f5580000)
  object space 108032K, 59% used [0x00000000e0000000,0x00000000e3f07c00,0x00000000e6980000)
 Metaspace       used 55647K, capacity 62246K, committed 62464K, reserved 1103872K
  class space    used 6617K, capacity 8582K, committed 8704K, reserved 1048576K
}
Event: 45.594 GC heap before
{Heap before GC invocations=25 (full 3):
 PSYoungGen      total 163840K, used 157155K [0x00000000f5580000, 0x0000000100000000, 0x0000000100000000)
  eden space 154112K, 100% used [0x00000000f5580000,0x00000000fec00000,0x00000000fec00000)
  from space 9728K, 31% used [0x00000000fec00000,0x00000000feef8e78,0x00000000ff580000)
  to   space 9728K, 0% used [0x00000000ff680000,0x00000000ff680000,0x0000000100000000)
 ParOldGen       total 108032K, used 64543K [0x00000000e0000000, 0x00000000e6980000, 0x00000000f5580000)
  object space 108032K, 59% used [0x00000000e0000000,0x00000000e3f07c00,0x00000000e6980000)
 Metaspace       used 58941K, capacity 65912K, committed 66176K, reserved 1105920K
  class space    used 7019K, capacity 9070K, committed 9088K, reserved 1048576K
Event: 45.630 GC heap after
Heap after GC invocations=25 (full 3):
 PSYoungGen      total 163840K, used 8148K [0x00000000f5580000, 0x0000000100000000, 0x0000000100000000)
  eden space 154112K, 0% used [0x00000000f5580000,0x00000000f5580000,0x00000000fec00000)
  from space 9728K, 83% used [0x00000000ff680000,0x00000000ffe75090,0x0000000100000000)
  to   space 10240K, 0% used [0x00000000fec00000,0x00000000fec00000,0x00000000ff600000)
 ParOldGen       total 108032K, used 64543K [0x00000000e0000000, 0x00000000e6980000, 0x00000000f5580000)
  object space 108032K, 59% used [0x00000000e0000000,0x00000000e3f07c00,0x00000000e6980000)
 Metaspace       used 58941K, capacity 65912K, committed 66176K, reserved 1105920K
  class space    used 7019K, capacity 9070K, committed 9088K, reserved 1048576K
}
Event: 47.038 GC heap before
{Heap before GC invocations=26 (full 3):
 PSYoungGen      total 163840K, used 162260K [0x00000000f5580000, 0x0000000100000000, 0x0000000100000000)
  eden space 154112K, 100% used [0x00000000f5580000,0x00000000fec00000,0x00000000fec00000)
  from space 9728K, 83% used [0x00000000ff680000,0x00000000ffe75090,0x0000000100000000)
  to   space 10240K, 0% used [0x00000000fec00000,0x00000000fec00000,0x00000000ff600000)
 ParOldGen       total 108032K, used 64543K [0x00000000e0000000, 0x00000000e6980000, 0x00000000f5580000)
  object space 108032K, 59% used [0x00000000e0000000,0x00000000e3f07c00,0x00000000e6980000)
 Metaspace       used 59628K, capacity 66926K, committed 67072K, reserved 1107968K
  class space    used 7062K, capacity 9184K, committed 9216K, reserved 1048576K
Event: 47.059 GC heap after
Heap after GC invocations=26 (full 3):
 PSYoungGen      total 162816K, used 8372K [0x00000000f5580000, 0x0000000100000000, 0x0000000100000000)
  eden space 154112K, 0% used [0x00000000f5580000,0x00000000f5580000,0x00000000fec00000)
  from space 8704K, 96% used [0x00000000fec00000,0x00000000ff42d210,0x00000000ff480000)
  to   space 11264K, 0% used [0x00000000ff500000,0x00000000ff500000,0x0000000100000000)
 ParOldGen       total 108032K, used 64543K [0x00000000e0000000, 0x00000000e6980000, 0x00000000f5580000)
  object space 108032K, 59% used [0x00000000e0000000,0x00000000e3f07c00,0x00000000e6980000)
 Metaspace       used 59628K, capacity 66926K, committed 67072K, reserved 1107968K
  class space    used 7062K, capacity 9184K, committed 9216K, reserved 1048576K
}

