# JRE version: Java(TM) SE Runtime Environment (8.0_111-b14) (build 1.8.0_111-b14)
# Java VM: Java HotSpot(TM) 64-Bit Server VM (25.111-b14 mixed mode windows-amd64 compressed oops)
Heap:
 PSYoungGen      total 162304K, used 89480K [0x00000000f5580000, 0x0000000100000000, 0x0000000100000000)
  eden space 151040K, 53% used [0x00000000f5580000,0x00000000fa4b7e70,0x00000000fe900000)
  from space 11264K, 74% used [0x00000000ff500000,0x00000000ffd2a220,0x0000000100000000)
  to   space 11776K, 0% used [0x00000000fe900000,0x00000000fe900000,0x00000000ff480000)
 ParOldGen       total 115200K, used 63611K [0x00000000e0000000, 0x00000000e7080000, 0x00000000f5580000)
  object space 115200K, 55% used [0x00000000e0000000,0x00000000e3e1ec30,0x00000000e7080000)
 Metaspace       used 59914K, capacity 67416K, committed 67712K, reserved 1107968K
  class space    used 7073K, capacity 9224K, committed 9344K, reserved 1048576K
GC Heap History (10 events):
Event: 20.084 GC heap before
{Heap before GC invocations=21 (full 2):
 PSYoungGen      total 161792K, used 48958K [0x00000000f5580000, 0x0000000100000000, 0x0000000100000000)
  eden space 152064K, 29% used [0x00000000f5580000,0x00000000f81f6018,0x00000000fea00000)
  from space 9728K, 35% used [0x00000000ff680000,0x00000000ff9d9800,0x0000000100000000)
  to   space 11264K, 0% used [0x00000000fea00000,0x00000000fea00000,0x00000000ff500000)
 ParOldGen       total 89088K, used 62091K [0x00000000e0000000, 0x00000000e5700000, 0x00000000f5580000)
  object space 89088K, 69% used [0x00000000e0000000,0x00000000e3ca2f28,0x00000000e5700000)
 Metaspace       used 52845K, capacity 59108K, committed 59160K, reserved 1099776K
  class space    used 6372K, capacity 8311K, committed 8320K, reserved 1048576K
Event: 20.103 GC heap after
Heap after GC invocations=21 (full 2):
 PSYoungGen      total 163328K, used 3091K [0x00000000f5580000, 0x0000000100000000, 0x0000000100000000)
  eden space 152064K, 0% used [0x00000000f5580000,0x00000000f5580000,0x00000000fea00000)
  from space 11264K, 27% used [0x00000000fea00000,0x00000000fed04ca0,0x00000000ff500000)
  to   space 11264K, 0% used [0x00000000ff500000,0x00000000ff500000,0x0000000100000000)
 ParOldGen       total 89088K, used 62091K [0x00000000e0000000, 0x00000000e5700000, 0x00000000f5580000)
  object space 89088K, 69% used [0x00000000e0000000,0x00000000e3ca2f28,0x00000000e5700000)
 Metaspace       used 52845K, capacity 59108K, committed 59160K, reserved 1099776K
  class space    used 6372K, capacity 8311K, committed 8320K, reserved 1048576K
}
Event: 20.103 GC heap before
{Heap before GC invocations=22 (full 3):
 PSYoungGen      total 163328K, used 3091K [0x00000000f5580000, 0x0000000100000000, 0x0000000100000000)
  eden space 152064K, 0% used [0x00000000f5580000,0x00000000f5580000,0x00000000fea00000)
  from space 11264K, 27% used [0x00000000fea00000,0x00000000fed04ca0,0x00000000ff500000)
  to   space 11264K, 0% used [0x00000000ff500000,0x00000000ff500000,0x0000000100000000)
 ParOldGen       total 89088K, used 62091K [0x00000000e0000000, 0x00000000e5700000, 0x00000000f5580000)
  object space 89088K, 69% used [0x00000000e0000000,0x00000000e3ca2f28,0x00000000e5700000)
 Metaspace       used 52845K, capacity 59108K, committed 59160K, reserved 1099776K
  class space    used 6372K, capacity 8311K, committed 8320K, reserved 1048576K
Event: 20.643 GC heap after
Heap after GC invocations=22 (full 3):
 PSYoungGen      total 163328K, used 0K [0x00000000f5580000, 0x0000000100000000, 0x0000000100000000)
  eden space 152064K, 0% used [0x00000000f5580000,0x00000000f5580000,0x00000000fea00000)
  from space 11264K, 0% used [0x00000000fea00000,0x00000000fea00000,0x00000000ff500000)
  to   space 11264K, 0% used [0x00000000ff500000,0x00000000ff500000,0x0000000100000000)
 ParOldGen       total 115200K, used 63595K [0x00000000e0000000, 0x00000000e7080000, 0x00000000f5580000)
  object space 115200K, 55% used [0x00000000e0000000,0x00000000e3e1ac30,0x00000000e7080000)
 Metaspace       used 52845K, capacity 59108K, committed 59160K, reserved 1099776K
  class space    used 6372K, capacity 8311K, committed 8320K, reserved 1048576K
}
Event: 21.771 GC heap before
{Heap before GC invocations=23 (full 3):
 PSYoungGen      total 163328K, used 152064K [0x00000000f5580000, 0x0000000100000000, 0x0000000100000000)
  eden space 152064K, 100% used [0x00000000f5580000,0x00000000fea00000,0x00000000fea00000)
  from space 11264K, 0% used [0x00000000fea00000,0x00000000fea00000,0x00000000ff500000)
  to   space 11264K, 0% used [0x00000000ff500000,0x00000000ff500000,0x0000000100000000)
 ParOldGen       total 115200K, used 63595K [0x00000000e0000000, 0x00000000e7080000, 0x00000000f5580000)
  object space 115200K, 55% used [0x00000000e0000000,0x00000000e3e1ac30,0x00000000e7080000)
 Metaspace       used 55590K, capacity 62060K, committed 62208K, reserved 1103872K
  class space    used 6610K, capacity 8577K, committed 8704K, reserved 1048576K
Event: 21.779 GC heap after
Heap after GC invocations=23 (full 3):
 PSYoungGen      total 162304K, used 3075K [0x00000000f5580000, 0x00000000fff00000, 0x0000000100000000)
  eden space 152064K, 0% used [0x00000000f5580000,0x00000000f5580000,0x00000000fea00000)
  from space 10240K, 30% used [0x00000000ff500000,0x00000000ff800fe0,0x00000000fff00000)
  to   space 10752K, 0% used [0x00000000fea00000,0x00000000fea00000,0x00000000ff480000)
 ParOldGen       total 115200K, used 63595K [0x00000000e0000000, 0x00000000e7080000, 0x00000000f5580000)
  object space 115200K, 55% used [0x00000000e0000000,0x00000000e3e1ac30,0x00000000e7080000)
 Metaspace       used 55590K, capacity 62060K, committed 62208K, reserved 1103872K
  class space    used 6610K, capacity 8577K, committed 8704K, reserved 1048576K
}
Event: 23.691 GC heap before
{Heap before GC invocations=24 (full 3):
 PSYoungGen      total 162304K, used 155139K [0x00000000f5580000, 0x00000000fff00000, 0x0000000100000000)
  eden space 152064K, 100% used [0x00000000f5580000,0x00000000fea00000,0x00000000fea00000)
  from space 10240K, 30% used [0x00000000ff500000,0x00000000ff800fe0,0x00000000fff00000)
  to   space 10752K, 0% used [0x00000000fea00000,0x00000000fea00000,0x00000000ff480000)
 ParOldGen       total 115200K, used 63595K [0x00000000e0000000, 0x00000000e7080000, 0x00000000f5580000)
  object space 115200K, 55% used [0x00000000e0000000,0x00000000e3e1ac30,0x00000000e7080000)
 Metaspace       used 58701K, capacity 65624K, committed 65664K, reserved 1105920K
  class space    used 6994K, capacity 9068K, committed 9088K, reserved 1048576K
Event: 23.722 GC heap after
Heap after GC invocations=24 (full 3):
 PSYoungGen      total 162816K, used 8137K [0x00000000f5580000, 0x0000000100000000, 0x0000000100000000)
  eden space 152064K, 0% used [0x00000000f5580000,0x00000000f5580000,0x00000000fea00000)
  from space 10752K, 75% used [0x00000000fea00000,0x00000000ff1f2740,0x00000000ff480000)
  to   space 11264K, 0% used [0x00000000ff500000,0x00000000ff500000,0x0000000100000000)
 ParOldGen       total 115200K, used 63603K [0x00000000e0000000, 0x00000000e7080000, 0x00000000f5580000)
  object space 115200K, 55% used [0x00000000e0000000,0x00000000e3e1cc30,0x00000000e7080000)
 Metaspace       used 58701K, capacity 65624K, committed 65664K, reserved 1105920K
  class space    used 6994K, capacity 9068K, committed 9088K, reserved 1048576K
}
Event: 24.793 GC heap before
{Heap before GC invocations=25 (full 3):
 PSYoungGen      total 162816K, used 160201K [0x00000000f5580000, 0x0000000100000000, 0x0000000100000000)
  eden space 152064K, 100% used [0x00000000f5580000,0x00000000fea00000,0x00000000fea00000)
  from space 10752K, 75% used [0x00000000fea00000,0x00000000ff1f2740,0x00000000ff480000)
  to   space 11264K, 0% used [0x00000000ff500000,0x00000000ff500000,0x0000000100000000)
 ParOldGen       total 115200K, used 63603K [0x00000000e0000000, 0x00000000e7080000, 0x00000000f5580000)
  object space 115200K, 55% used [0x00000000e0000000,0x00000000e3e1cc30,0x00000000e7080000)
 Metaspace       used 59799K, capacity 67122K, committed 67328K, reserved 1107968K
  class space    used 7066K, capacity 9214K, committed 9216K, reserved 1048576K
Event: 24.811 GC heap after
Heap after GC invocations=25 (full 3):
 PSYoungGen      total 162304K, used 8360K [0x00000000f5580000, 0x0000000100000000, 0x0000000100000000)
  eden space 151040K, 0% used [0x00000000f5580000,0x00000000f5580000,0x00000000fe900000)
  from space 11264K, 74% used [0x00000000ff500000,0x00000000ffd2a220,0x0000000100000000)
  to   space 11776K, 0% used [0x00000000fe900000,0x00000000fe900000,0x00000000ff480000)
 ParOldGen       total 115200K, used 63611K [0x00000000e0000000, 0x00000000e7080000, 0x00000000f5580000)
  object space 115200K, 55% used [0x00000000e0000000,0x00000000e3e1ec30,0x00000000e7080000)
 Metaspace       used 59799K, capacity 67122K, committed 67328K, reserved 1107968K
  class space    used 7066K, capacity 9214K, committed 9216K, reserved 1048576K
}

