# JRE version: Java(TM) SE Runtime Environment (8.0_111-b14) (build 1.8.0_111-b14)
# Java VM: Java HotSpot(TM) 64-Bit Server VM (25.111-b14 mixed mode windows-amd64 compressed oops)
Heap:
 PSYoungGen      total 161280K, used 50312K [0x00000000f5580000, 0x0000000100000000, 0x0000000100000000)
  eden space 147968K, 27% used [0x00000000f5580000,0x00000000f7dcd808,0x00000000fe600000)
  from space 13312K, 67% used [0x00000000fe600000,0x00000000feed4880,0x00000000ff300000)
  to   space 13312K, 0% used [0x00000000ff300000,0x00000000ff300000,0x0000000100000000)
 ParOldGen       total 113664K, used 67317K [0x00000000e0000000, 0x00000000e6f00000, 0x00000000f5580000)
  object space 113664K, 59% used [0x00000000e0000000,0x00000000e41bd580,0x00000000e6f00000)
 Metaspace       used 59527K, capacity 66802K, committed 67072K, reserved 1107968K
  class space    used 7049K, capacity 9153K, committed 9216K, reserved 1048576K
GC Heap History (10 events):
Event: 21.626 GC heap before
{Heap before GC invocations=20 (full 3):
 PSYoungGen      total 164352K, used 154112K [0x00000000f5580000, 0x0000000100000000, 0x0000000100000000)
  eden space 154112K, 100% used [0x00000000f5580000,0x00000000fec00000,0x00000000fec00000)
  from space 10240K, 0% used [0x00000000ff600000,0x00000000ff600000,0x0000000100000000)
  to   space 10240K, 0% used [0x00000000fec00000,0x00000000fec00000,0x00000000ff600000)
 ParOldGen       total 113664K, used 60600K [0x00000000e0000000, 0x00000000e6f00000, 0x00000000f5580000)
  object space 113664K, 53% used [0x00000000e0000000,0x00000000e3b2e1b8,0x00000000e6f00000)
 Metaspace       used 49867K, capacity 55962K, committed 56064K, reserved 1097728K
  class space    used 6065K, capacity 7926K, committed 7936K, reserved 1048576K
Event: 21.637 GC heap after
Heap after GC invocations=20 (full 3):
 PSYoungGen      total 164352K, used 3373K [0x00000000f5580000, 0x0000000100000000, 0x0000000100000000)
  eden space 154112K, 0% used [0x00000000f5580000,0x00000000f5580000,0x00000000fec00000)
  from space 10240K, 32% used [0x00000000fec00000,0x00000000fef4b7a0,0x00000000ff600000)
  to   space 10240K, 0% used [0x00000000ff600000,0x00000000ff600000,0x0000000100000000)
 ParOldGen       total 113664K, used 60608K [0x00000000e0000000, 0x00000000e6f00000, 0x00000000f5580000)
  object space 113664K, 53% used [0x00000000e0000000,0x00000000e3b301b8,0x00000000e6f00000)
 Metaspace       used 49867K, capacity 55962K, committed 56064K, reserved 1097728K
  class space    used 6065K, capacity 7926K, committed 7936K, reserved 1048576K
}
Event: 22.872 GC heap before
{Heap before GC invocations=21 (full 3):
 PSYoungGen      total 164352K, used 157485K [0x00000000f5580000, 0x0000000100000000, 0x0000000100000000)
  eden space 154112K, 100% used [0x00000000f5580000,0x00000000fec00000,0x00000000fec00000)
  from space 10240K, 32% used [0x00000000fec00000,0x00000000fef4b7a0,0x00000000ff600000)
  to   space 10240K, 0% used [0x00000000ff600000,0x00000000ff600000,0x0000000100000000)
 ParOldGen       total 113664K, used 60608K [0x00000000e0000000, 0x00000000e6f00000, 0x00000000f5580000)
  object space 113664K, 53% used [0x00000000e0000000,0x00000000e3b301b8,0x00000000e6f00000)
 Metaspace       used 53868K, capacity 60178K, committed 60416K, reserved 1101824K
  class space    used 6458K, capacity 8404K, committed 8448K, reserved 1048576K
Event: 22.892 GC heap after
Heap after GC invocations=21 (full 3):
 PSYoungGen      total 164352K, used 6839K [0x00000000f5580000, 0x0000000100000000, 0x0000000100000000)
  eden space 154112K, 0% used [0x00000000f5580000,0x00000000f5580000,0x00000000fec00000)
  from space 10240K, 66% used [0x00000000ff600000,0x00000000ffcadd18,0x0000000100000000)
  to   space 10240K, 0% used [0x00000000fec00000,0x00000000fec00000,0x00000000ff600000)
 ParOldGen       total 113664K, used 60616K [0x00000000e0000000, 0x00000000e6f00000, 0x00000000f5580000)
  object space 113664K, 53% used [0x00000000e0000000,0x00000000e3b321b8,0x00000000e6f00000)
 Metaspace       used 53868K, capacity 60178K, committed 60416K, reserved 1101824K
  class space    used 6458K, capacity 8404K, committed 8448K, reserved 1048576K
}
Event: 23.929 GC heap before
{Heap before GC invocations=22 (full 3):
 PSYoungGen      total 164352K, used 160951K [0x00000000f5580000, 0x0000000100000000, 0x0000000100000000)
  eden space 154112K, 100% used [0x00000000f5580000,0x00000000fec00000,0x00000000fec00000)
  from space 10240K, 66% used [0x00000000ff600000,0x00000000ffcadd18,0x0000000100000000)
  to   space 10240K, 0% used [0x00000000fec00000,0x00000000fec00000,0x00000000ff600000)
 ParOldGen       total 113664K, used 60616K [0x00000000e0000000, 0x00000000e6f00000, 0x00000000f5580000)
  object space 113664K, 53% used [0x00000000e0000000,0x00000000e3b321b8,0x00000000e6f00000)
 Metaspace       used 56061K, capacity 62760K, committed 62976K, reserved 1103872K
  class space    used 6679K, capacity 8675K, committed 8704K, reserved 1048576K
Event: 23.951 GC heap after
Heap after GC invocations=22 (full 3):
 PSYoungGen      total 162304K, used 7749K [0x00000000f5580000, 0x0000000100000000, 0x0000000100000000)
  eden space 154112K, 0% used [0x00000000f5580000,0x00000000f5580000,0x00000000fec00000)
  from space 8192K, 94% used [0x00000000fec00000,0x00000000ff391798,0x00000000ff400000)
  to   space 10752K, 0% used [0x00000000ff580000,0x00000000ff580000,0x0000000100000000)
 ParOldGen       total 113664K, used 60624K [0x00000000e0000000, 0x00000000e6f00000, 0x00000000f5580000)
  object space 113664K, 53% used [0x00000000e0000000,0x00000000e3b341b8,0x00000000e6f00000)
 Metaspace       used 56061K, capacity 62760K, committed 62976K, reserved 1103872K
  class space    used 6679K, capacity 8675K, committed 8704K, reserved 1048576K
}
Event: 25.420 GC heap before
{Heap before GC invocations=23 (full 3):
 PSYoungGen      total 162304K, used 161861K [0x00000000f5580000, 0x0000000100000000, 0x0000000100000000)
  eden space 154112K, 100% used [0x00000000f5580000,0x00000000fec00000,0x00000000fec00000)
  from space 8192K, 94% used [0x00000000fec00000,0x00000000ff391798,0x00000000ff400000)
  to   space 10752K, 0% used [0x00000000ff580000,0x00000000ff580000,0x0000000100000000)
 ParOldGen       total 113664K, used 60624K [0x00000000e0000000, 0x00000000e6f00000, 0x00000000f5580000)
  object space 113664K, 53% used [0x00000000e0000000,0x00000000e3b341b8,0x00000000e6f00000)
 Metaspace       used 59192K, capacity 66226K, committed 66560K, reserved 1105920K
  class space    used 7030K, capacity 9103K, committed 9216K, reserved 1048576K
Event: 25.490 GC heap after
Heap after GC invocations=23 (full 3):
 PSYoungGen      total 158720K, used 10737K [0x00000000f5580000, 0x0000000100000000, 0x0000000100000000)
  eden space 147968K, 0% used [0x00000000f5580000,0x00000000f5580000,0x00000000fe600000)
  from space 10752K, 99% used [0x00000000ff580000,0x00000000ffffc680,0x0000000100000000)
  to   space 13312K, 0% used [0x00000000fe600000,0x00000000fe600000,0x00000000ff300000)
 ParOldGen       total 113664K, used 63949K [0x00000000e0000000, 0x00000000e6f00000, 0x00000000f5580000)
  object space 113664K, 56% used [0x00000000e0000000,0x00000000e3e736c0,0x00000000e6f00000)
 Metaspace       used 59192K, capacity 66226K, committed 66560K, reserved 1105920K
  class space    used 7030K, capacity 9103K, committed 9216K, reserved 1048576K
}
Event: 26.179 GC heap before
{Heap before GC invocations=24 (full 3):
 PSYoungGen      total 158720K, used 158705K [0x00000000f5580000, 0x0000000100000000, 0x0000000100000000)
  eden space 147968K, 100% used [0x00000000f5580000,0x00000000fe600000,0x00000000fe600000)
  from space 10752K, 99% used [0x00000000ff580000,0x00000000ffffc680,0x0000000100000000)
  to   space 13312K, 0% used [0x00000000fe600000,0x00000000fe600000,0x00000000ff300000)
 ParOldGen       total 113664K, used 63949K [0x00000000e0000000, 0x00000000e6f00000, 0x00000000f5580000)
  object space 113664K, 56% used [0x00000000e0000000,0x00000000e3e736c0,0x00000000e6f00000)
 Metaspace       used 59467K, capacity 66724K, committed 66816K, reserved 1107968K
  class space    used 7045K, capacity 9148K, committed 9216K, reserved 1048576K
Event: 26.205 GC heap after
Heap after GC invocations=24 (full 3):
 PSYoungGen      total 161280K, used 9042K [0x00000000f5580000, 0x0000000100000000, 0x0000000100000000)
  eden space 147968K, 0% used [0x00000000f5580000,0x00000000f5580000,0x00000000fe600000)
  from space 13312K, 67% used [0x00000000fe600000,0x00000000feed4880,0x00000000ff300000)
  to   space 13312K, 0% used [0x00000000ff300000,0x00000000ff300000,0x0000000100000000)
 ParOldGen       total 113664K, used 67317K [0x00000000e0000000, 0x00000000e6f00000, 0x00000000f5580000)
  object space 113664K, 59% used [0x00000000e0000000,0x00000000e41bd580,0x00000000e6f00000)
 Metaspace       used 59467K, capacity 66724K, committed 66816K, reserved 1107968K
  class space    used 7045K, capacity 9148K, committed 9216K, reserved 1048576K
}

