# JRE version: Java(TM) SE Runtime Environment (8.0_111-b14) (build 1.8.0_111-b14)
# Java VM: Java HotSpot(TM) 64-Bit Server VM (25.111-b14 mixed mode windows-amd64 compressed oops)
Heap:
 PSYoungGen      total 160256K, used 31718K [0x00000000f5580000, 0x0000000100000000, 0x0000000100000000)
  eden space 145920K, 11% used [0x00000000f5580000,0x00000000f667aec8,0x00000000fe400000)
  from space 14336K, 99% used [0x00000000fe400000,0x00000000ff1fece0,0x00000000ff200000)
  to   space 14336K, 0% used [0x00000000ff200000,0x00000000ff200000,0x0000000100000000)
 ParOldGen       total 120320K, used 66297K [0x00000000e0000000, 0x00000000e7580000, 0x00000000f5580000)
  object space 120320K, 55% used [0x00000000e0000000,0x00000000e40be6f8,0x00000000e7580000)
 Metaspace       used 59775K, capacity 67326K, committed 67376K, reserved 1107968K
  class space    used 7103K, capacity 9249K, committed 9264K, reserved 1048576K
GC Heap History (10 events):
Event: 26.515 GC heap before
{Heap before GC invocations=18 (full 3):
 PSYoungGen      total 162304K, used 162298K [0x00000000f5580000, 0x0000000100000000, 0x0000000100000000)
  eden space 152064K, 100% used [0x00000000f5580000,0x00000000fea00000,0x00000000fea00000)
  from space 10240K, 99% used [0x00000000ff600000,0x00000000ffffeb80,0x0000000100000000)
  to   space 11264K, 0% used [0x00000000fea00000,0x00000000fea00000,0x00000000ff500000)
 ParOldGen       total 120320K, used 54013K [0x00000000e0000000, 0x00000000e7580000, 0x00000000f5580000)
  object space 120320K, 44% used [0x00000000e0000000,0x00000000e34bf648,0x00000000e7580000)
 Metaspace       used 50731K, capacity 56910K, committed 57008K, reserved 1097728K
  class space    used 6212K, capacity 8094K, committed 8112K, reserved 1048576K
Event: 26.553 GC heap after
Heap after GC invocations=18 (full 3):
 PSYoungGen      total 163328K, used 7443K [0x00000000f5580000, 0x0000000100000000, 0x0000000100000000)
  eden space 152064K, 0% used [0x00000000f5580000,0x00000000f5580000,0x00000000fea00000)
  from space 11264K, 66% used [0x00000000fea00000,0x00000000ff144eb0,0x00000000ff500000)
  to   space 11264K, 0% used [0x00000000ff500000,0x00000000ff500000,0x0000000100000000)
 ParOldGen       total 120320K, used 58890K [0x00000000e0000000, 0x00000000e7580000, 0x00000000f5580000)
  object space 120320K, 48% used [0x00000000e0000000,0x00000000e3982b38,0x00000000e7580000)
 Metaspace       used 50731K, capacity 56910K, committed 57008K, reserved 1097728K
  class space    used 6212K, capacity 8094K, committed 8112K, reserved 1048576K
}
Event: 28.695 GC heap before
{Heap before GC invocations=19 (full 3):
 PSYoungGen      total 163328K, used 159507K [0x00000000f5580000, 0x0000000100000000, 0x0000000100000000)
  eden space 152064K, 100% used [0x00000000f5580000,0x00000000fea00000,0x00000000fea00000)
  from space 11264K, 66% used [0x00000000fea00000,0x00000000ff144eb0,0x00000000ff500000)
  to   space 11264K, 0% used [0x00000000ff500000,0x00000000ff500000,0x0000000100000000)
 ParOldGen       total 120320K, used 58890K [0x00000000e0000000, 0x00000000e7580000, 0x00000000f5580000)
  object space 120320K, 48% used [0x00000000e0000000,0x00000000e3982b38,0x00000000e7580000)
 Metaspace       used 54979K, capacity 61306K, committed 61616K, reserved 1101824K
  class space    used 6569K, capacity 8504K, committed 8624K, reserved 1048576K
Event: 28.722 GC heap after
Heap after GC invocations=19 (full 3):
 PSYoungGen      total 161280K, used 10233K [0x00000000f5580000, 0x0000000100000000, 0x0000000100000000)
  eden space 150016K, 0% used [0x00000000f5580000,0x00000000f5580000,0x00000000fe800000)
  from space 11264K, 90% used [0x00000000ff500000,0x00000000ffefe418,0x0000000100000000)
  to   space 12288K, 0% used [0x00000000fe800000,0x00000000fe800000,0x00000000ff400000)
 ParOldGen       total 120320K, used 58898K [0x00000000e0000000, 0x00000000e7580000, 0x00000000f5580000)
  object space 120320K, 48% used [0x00000000e0000000,0x00000000e3984b38,0x00000000e7580000)
 Metaspace       used 54979K, capacity 61306K, committed 61616K, reserved 1101824K
  class space    used 6569K, capacity 8504K, committed 8624K, reserved 1048576K
}
Event: 30.844 GC heap before
{Heap before GC invocations=20 (full 3):
 PSYoungGen      total 161280K, used 160249K [0x00000000f5580000, 0x0000000100000000, 0x0000000100000000)
  eden space 150016K, 100% used [0x00000000f5580000,0x00000000fe800000,0x00000000fe800000)
  from space 11264K, 90% used [0x00000000ff500000,0x00000000ffefe418,0x0000000100000000)
  to   space 12288K, 0% used [0x00000000fe800000,0x00000000fe800000,0x00000000ff400000)
 ParOldGen       total 120320K, used 58898K [0x00000000e0000000, 0x00000000e7580000, 0x00000000f5580000)
  object space 120320K, 48% used [0x00000000e0000000,0x00000000e3984b38,0x00000000e7580000)
 Metaspace       used 56999K, capacity 63934K, committed 64176K, reserved 1103872K
  class space    used 6830K, capacity 8871K, committed 8880K, reserved 1048576K
Event: 30.878 GC heap after
Heap after GC invocations=20 (full 3):
 PSYoungGen      total 162304K, used 12264K [0x00000000f5580000, 0x0000000100000000, 0x0000000100000000)
  eden space 150016K, 0% used [0x00000000f5580000,0x00000000f5580000,0x00000000fe800000)
  from space 12288K, 99% used [0x00000000fe800000,0x00000000ff3fa230,0x00000000ff400000)
  to   space 12288K, 0% used [0x00000000ff400000,0x00000000ff400000,0x0000000100000000)
 ParOldGen       total 120320K, used 60412K [0x00000000e0000000, 0x00000000e7580000, 0x00000000f5580000)
  object space 120320K, 50% used [0x00000000e0000000,0x00000000e3aff1b8,0x00000000e7580000)
 Metaspace       used 56999K, capacity 63934K, committed 64176K, reserved 1103872K
  class space    used 6830K, capacity 8871K, committed 8880K, reserved 1048576K
}
Event: 32.760 GC heap before
{Heap before GC invocations=21 (full 3):
 PSYoungGen      total 162304K, used 162280K [0x00000000f5580000, 0x0000000100000000, 0x0000000100000000)
  eden space 150016K, 100% used [0x00000000f5580000,0x00000000fe800000,0x00000000fe800000)
  from space 12288K, 99% used [0x00000000fe800000,0x00000000ff3fa230,0x00000000ff400000)
  to   space 12288K, 0% used [0x00000000ff400000,0x00000000ff400000,0x0000000100000000)
 ParOldGen       total 120320K, used 60412K [0x00000000e0000000, 0x00000000e7580000, 0x00000000f5580000)
  object space 120320K, 50% used [0x00000000e0000000,0x00000000e3aff1b8,0x00000000e7580000)
 Metaspace       used 59209K, capacity 66452K, committed 66608K, reserved 1105920K
  class space    used 7051K, capacity 9179K, committed 9264K, reserved 1048576K
Event: 32.837 GC heap after
Heap after GC invocations=21 (full 3):
 PSYoungGen      total 158208K, used 10230K [0x00000000f5580000, 0x0000000100000000, 0x0000000100000000)
  eden space 145920K, 0% used [0x00000000f5580000,0x00000000f5580000,0x00000000fe400000)
  from space 12288K, 83% used [0x00000000ff400000,0x00000000ffdfdb98,0x0000000100000000)
  to   space 14336K, 0% used [0x00000000fe400000,0x00000000fe400000,0x00000000ff200000)
 ParOldGen       total 120320K, used 65963K [0x00000000e0000000, 0x00000000e7580000, 0x00000000f5580000)
  object space 120320K, 54% used [0x00000000e0000000,0x00000000e406ae68,0x00000000e7580000)
 Metaspace       used 59209K, capacity 66452K, committed 66608K, reserved 1105920K
  class space    used 7051K, capacity 9179K, committed 9264K, reserved 1048576K
}
Event: 34.231 GC heap before
{Heap before GC invocations=22 (full 3):
 PSYoungGen      total 158208K, used 156150K [0x00000000f5580000, 0x0000000100000000, 0x0000000100000000)
  eden space 145920K, 100% used [0x00000000f5580000,0x00000000fe400000,0x00000000fe400000)
  from space 12288K, 83% used [0x00000000ff400000,0x00000000ffdfdb98,0x0000000100000000)
  to   space 14336K, 0% used [0x00000000fe400000,0x00000000fe400000,0x00000000ff200000)
 ParOldGen       total 120320K, used 65963K [0x00000000e0000000, 0x00000000e7580000, 0x00000000f5580000)
  object space 120320K, 54% used [0x00000000e0000000,0x00000000e406ae68,0x00000000e7580000)
 Metaspace       used 59767K, capacity 67310K, committed 67376K, reserved 1107968K
  class space    used 7101K, capacity 9247K, committed 9264K, reserved 1048576K
Event: 34.287 GC heap after
Heap after GC invocations=22 (full 3):
 PSYoungGen      total 160256K, used 14331K [0x00000000f5580000, 0x0000000100000000, 0x0000000100000000)
  eden space 145920K, 0% used [0x00000000f5580000,0x00000000f5580000,0x00000000fe400000)
  from space 14336K, 99% used [0x00000000fe400000,0x00000000ff1fece0,0x00000000ff200000)
  to   space 14336K, 0% used [0x00000000ff200000,0x00000000ff200000,0x0000000100000000)
 ParOldGen       total 120320K, used 66297K [0x00000000e0000000, 0x00000000e7580000, 0x00000000f5580000)
  object space 120320K, 55% used [0x00000000e0000000,0x00000000e40be6f8,0x00000000e7580000)
 Metaspace       used 59767K, capacity 67310K, committed 67376K, reserved 1107968K
  class space    used 7101K, capacity 9247K, committed 9264K, reserved 1048576K
}

