# JRE version: Java(TM) SE Runtime Environment (8.0_111-b14) (build 1.8.0_111-b14)
# Java VM: Java HotSpot(TM) 64-Bit Server VM (25.111-b14 mixed mode windows-amd64 compressed oops)
Heap:
 PSYoungGen      total 162816K, used 129396K [0x00000000f5580000, 0x00000000fff00000, 0x0000000100000000)
  eden space 153088K, 82% used [0x00000000f5580000,0x00000000fd0bc5b8,0x00000000feb00000)
  from space 9728K, 32% used [0x00000000ff580000,0x00000000ff8a0e10,0x00000000fff00000)
  to   space 10240K, 0% used [0x00000000feb00000,0x00000000feb00000,0x00000000ff500000)
 ParOldGen       total 109056K, used 74388K [0x00000000e0000000, 0x00000000e6a80000, 0x00000000f5580000)
  object space 109056K, 68% used [0x00000000e0000000,0x00000000e48a50f0,0x00000000e6a80000)
 Metaspace       used 61934K, capacity 71102K, committed 71424K, reserved 1110016K
  class space    used 7584K, capacity 10134K, committed 10240K, reserved 1048576K
GC Heap History (10 events):
Event: 33.669 GC heap before
{Heap before GC invocations=21 (full 3):
 PSYoungGen      total 163840K, used 158826K [0x00000000f5580000, 0x0000000100000000, 0x0000000100000000)
  eden space 154112K, 100% used [0x00000000f5580000,0x00000000fec00000,0x00000000fec00000)
  from space 9728K, 48% used [0x00000000fec00000,0x00000000ff09aab0,0x00000000ff580000)
  to   space 9728K, 0% used [0x00000000ff680000,0x00000000ff680000,0x0000000100000000)
 ParOldGen       total 109056K, used 59755K [0x00000000e0000000, 0x00000000e6a80000, 0x00000000f5580000)
  object space 109056K, 54% used [0x00000000e0000000,0x00000000e3a5afb0,0x00000000e6a80000)
 Metaspace       used 52701K, capacity 58966K, committed 59264K, reserved 1099776K
  class space    used 6375K, capacity 8280K, committed 8320K, reserved 1048576K
Event: 33.692 GC heap after
Heap after GC invocations=21 (full 3):
 PSYoungGen      total 163840K, used 4230K [0x00000000f5580000, 0x00000000fff00000, 0x0000000100000000)
  eden space 155136K, 0% used [0x00000000f5580000,0x00000000f5580000,0x00000000fed00000)
  from space 8704K, 48% used [0x00000000ff680000,0x00000000ffaa1980,0x00000000fff00000)
  to   space 9216K, 0% used [0x00000000fed00000,0x00000000fed00000,0x00000000ff600000)
 ParOldGen       total 109056K, used 63016K [0x00000000e0000000, 0x00000000e6a80000, 0x00000000f5580000)
  object space 109056K, 57% used [0x00000000e0000000,0x00000000e3d8a2d8,0x00000000e6a80000)
 Metaspace       used 52701K, capacity 58966K, committed 59264K, reserved 1099776K
  class space    used 6375K, capacity 8280K, committed 8320K, reserved 1048576K
}
Event: 35.067 GC heap before
{Heap before GC invocations=22 (full 3):
 PSYoungGen      total 163840K, used 159366K [0x00000000f5580000, 0x00000000fff00000, 0x0000000100000000)
  eden space 155136K, 100% used [0x00000000f5580000,0x00000000fed00000,0x00000000fed00000)
  from space 8704K, 48% used [0x00000000ff680000,0x00000000ffaa1980,0x00000000fff00000)
  to   space 9216K, 0% used [0x00000000fed00000,0x00000000fed00000,0x00000000ff600000)
 ParOldGen       total 109056K, used 63016K [0x00000000e0000000, 0x00000000e6a80000, 0x00000000f5580000)
  object space 109056K, 57% used [0x00000000e0000000,0x00000000e3d8a2d8,0x00000000e6a80000)
 Metaspace       used 55672K, capacity 62126K, committed 62464K, reserved 1103872K
  class space    used 6631K, capacity 8580K, committed 8704K, reserved 1048576K
Event: 35.086 GC heap after
Heap after GC invocations=22 (full 3):
 PSYoungGen      total 164352K, used 3279K [0x00000000f5580000, 0x0000000100000000, 0x0000000100000000)
  eden space 155136K, 0% used [0x00000000f5580000,0x00000000f5580000,0x00000000fed00000)
  from space 9216K, 35% used [0x00000000fed00000,0x00000000ff033fd0,0x00000000ff600000)
  to   space 9216K, 0% used [0x00000000ff700000,0x00000000ff700000,0x0000000100000000)
 ParOldGen       total 109056K, used 65029K [0x00000000e0000000, 0x00000000e6a80000, 0x00000000f5580000)
  object space 109056K, 59% used [0x00000000e0000000,0x00000000e3f81508,0x00000000e6a80000)
 Metaspace       used 55672K, capacity 62126K, committed 62464K, reserved 1103872K
  class space    used 6631K, capacity 8580K, committed 8704K, reserved 1048576K
}
Event: 37.673 GC heap before
{Heap before GC invocations=23 (full 3):
 PSYoungGen      total 164352K, used 158415K [0x00000000f5580000, 0x0000000100000000, 0x0000000100000000)
  eden space 155136K, 100% used [0x00000000f5580000,0x00000000fed00000,0x00000000fed00000)
  from space 9216K, 35% used [0x00000000fed00000,0x00000000ff033fd0,0x00000000ff600000)
  to   space 9216K, 0% used [0x00000000ff700000,0x00000000ff700000,0x0000000100000000)
 ParOldGen       total 109056K, used 65029K [0x00000000e0000000, 0x00000000e6a80000, 0x00000000f5580000)
  object space 109056K, 59% used [0x00000000e0000000,0x00000000e3f81508,0x00000000e6a80000)
 Metaspace       used 58907K, capacity 65982K, committed 66304K, reserved 1105920K
  class space    used 7032K, capacity 9108K, committed 9216K, reserved 1048576K
Event: 37.702 GC heap after
Heap after GC invocations=23 (full 3):
 PSYoungGen      total 162304K, used 9207K [0x00000000f5580000, 0x0000000100000000, 0x0000000100000000)
  eden space 153088K, 0% used [0x00000000f5580000,0x00000000f5580000,0x00000000feb00000)
  from space 9216K, 99% used [0x00000000ff700000,0x00000000ffffddd0,0x0000000100000000)
  to   space 10752K, 0% used [0x00000000feb00000,0x00000000feb00000,0x00000000ff580000)
 ParOldGen       total 109056K, used 65386K [0x00000000e0000000, 0x00000000e6a80000, 0x00000000f5580000)
  object space 109056K, 59% used [0x00000000e0000000,0x00000000e3fdaa38,0x00000000e6a80000)
 Metaspace       used 58907K, capacity 65982K, committed 66304K, reserved 1105920K
  class space    used 7032K, capacity 9108K, committed 9216K, reserved 1048576K
}
Event: 38.522 GC heap before
{Heap before GC invocations=24 (full 3):
 PSYoungGen      total 162304K, used 162295K [0x00000000f5580000, 0x0000000100000000, 0x0000000100000000)
  eden space 153088K, 100% used [0x00000000f5580000,0x00000000feb00000,0x00000000feb00000)
  from space 9216K, 99% used [0x00000000ff700000,0x00000000ffffddd0,0x0000000100000000)
  to   space 10752K, 0% used [0x00000000feb00000,0x00000000feb00000,0x00000000ff580000)
 ParOldGen       total 109056K, used 65386K [0x00000000e0000000, 0x00000000e6a80000, 0x00000000f5580000)
  object space 109056K, 59% used [0x00000000e0000000,0x00000000e3fdaa38,0x00000000e6a80000)
 Metaspace       used 59269K, capacity 66586K, committed 66816K, reserved 1107968K
  class space    used 7051K, capacity 9154K, committed 9216K, reserved 1048576K
Event: 38.547 GC heap after
Heap after GC invocations=24 (full 3):
 PSYoungGen      total 163840K, used 2461K [0x00000000f5580000, 0x0000000100000000, 0x0000000100000000)
  eden space 153088K, 0% used [0x00000000f5580000,0x00000000f5580000,0x00000000feb00000)
  from space 10752K, 22% used [0x00000000feb00000,0x00000000fed67670,0x00000000ff580000)
  to   space 10752K, 0% used [0x00000000ff580000,0x00000000ff580000,0x0000000100000000)
 ParOldGen       total 109056K, used 72150K [0x00000000e0000000, 0x00000000e6a80000, 0x00000000f5580000)
  object space 109056K, 66% used [0x00000000e0000000,0x00000000e4675818,0x00000000e6a80000)
 Metaspace       used 59269K, capacity 66586K, committed 66816K, reserved 1107968K
  class space    used 7051K, capacity 9154K, committed 9216K, reserved 1048576K
}
Event: 39.781 GC heap before
{Heap before GC invocations=25 (full 3):
 PSYoungGen      total 163840K, used 155549K [0x00000000f5580000, 0x0000000100000000, 0x0000000100000000)
  eden space 153088K, 100% used [0x00000000f5580000,0x00000000feb00000,0x00000000feb00000)
  from space 10752K, 22% used [0x00000000feb00000,0x00000000fed67670,0x00000000ff580000)
  to   space 10752K, 0% used [0x00000000ff580000,0x00000000ff580000,0x0000000100000000)
 ParOldGen       total 109056K, used 72150K [0x00000000e0000000, 0x00000000e6a80000, 0x00000000f5580000)
  object space 109056K, 66% used [0x00000000e0000000,0x00000000e4675818,0x00000000e6a80000)
 Metaspace       used 59664K, capacity 67206K, committed 67328K, reserved 1107968K
  class space    used 7081K, capacity 9201K, committed 9216K, reserved 1048576K
Event: 39.797 GC heap after
Heap after GC invocations=25 (full 3):
 PSYoungGen      total 162816K, used 3203K [0x00000000f5580000, 0x00000000fff00000, 0x0000000100000000)
  eden space 153088K, 0% used [0x00000000f5580000,0x00000000f5580000,0x00000000feb00000)
  from space 9728K, 32% used [0x00000000ff580000,0x00000000ff8a0e10,0x00000000fff00000)
  to   space 10240K, 0% used [0x00000000feb00000,0x00000000feb00000,0x00000000ff500000)
 ParOldGen       total 109056K, used 74388K [0x00000000e0000000, 0x00000000e6a80000, 0x00000000f5580000)
  object space 109056K, 68% used [0x00000000e0000000,0x00000000e48a50f0,0x00000000e6a80000)
 Metaspace       used 59664K, capacity 67206K, committed 67328K, reserved 1107968K
  class space    used 7081K, capacity 9201K, committed 9216K, reserved 1048576K
}

