# JRE version: Java(TM) SE Runtime Environment (8.0_111-b14) (build 1.8.0_111-b14)
# Java VM: Java HotSpot(TM) 64-Bit Server VM (25.111-b14 mixed mode windows-amd64 compressed oops)
Heap:
 PSYoungGen      total 161792K, used 74329K [0x00000000f5580000, 0x0000000100000000, 0x0000000100000000)
  eden space 152064K, 42% used [0x00000000f5580000,0x00000000f94b9ee0,0x00000000fea00000)
  from space 9728K, 98% used [0x00000000fea00000,0x00000000ff35c880,0x00000000ff380000)
  to   space 12288K, 0% used [0x00000000ff400000,0x00000000ff400000,0x0000000100000000)
 ParOldGen       total 115712K, used 66635K [0x00000000e0000000, 0x00000000e7100000, 0x00000000f5580000)
  object space 115712K, 57% used [0x00000000e0000000,0x00000000e4112d88,0x00000000e7100000)
 Metaspace       used 59538K, capacity 66818K, committed 67072K, reserved 1107968K
  class space    used 7056K, capacity 9163K, committed 9216K, reserved 1048576K
GC Heap History (10 events):
Event: 60.679 GC heap before
{Heap before GC invocations=22 (full 3):
 PSYoungGen      total 166400K, used 164338K [0x00000000f5580000, 0x0000000100000000, 0x0000000100000000)
  eden space 158208K, 100% used [0x00000000f5580000,0x00000000ff000000,0x00000000ff000000)
  from space 8192K, 74% used [0x00000000ff800000,0x00000000ffdfca30,0x0000000100000000)
  to   space 8192K, 0% used [0x00000000ff000000,0x00000000ff000000,0x00000000ff800000)
 ParOldGen       total 115712K, used 55888K [0x00000000e0000000, 0x00000000e7100000, 0x00000000f5580000)
  object space 115712K, 48% used [0x00000000e0000000,0x00000000e3694170,0x00000000e7100000)
 Metaspace       used 49864K, capacity 55958K, committed 56064K, reserved 1097728K
  class space    used 6065K, capacity 7926K, committed 7936K, reserved 1048576K
Event: 60.700 GC heap after
Heap after GC invocations=22 (full 3):
 PSYoungGen      total 165888K, used 7501K [0x00000000f5580000, 0x0000000100000000, 0x0000000100000000)
  eden space 158208K, 0% used [0x00000000f5580000,0x00000000f5580000,0x00000000ff000000)
  from space 7680K, 97% used [0x00000000ff000000,0x00000000ff7537b0,0x00000000ff780000)
  to   space 8704K, 0% used [0x00000000ff780000,0x00000000ff780000,0x0000000100000000)
 ParOldGen       total 115712K, used 55896K [0x00000000e0000000, 0x00000000e7100000, 0x00000000f5580000)
  object space 115712K, 48% used [0x00000000e0000000,0x00000000e3696170,0x00000000e7100000)
 Metaspace       used 49864K, capacity 55958K, committed 56064K, reserved 1097728K
  class space    used 6065K, capacity 7926K, committed 7936K, reserved 1048576K
}
Event: 65.114 GC heap before
{Heap before GC invocations=23 (full 3):
 PSYoungGen      total 165888K, used 165709K [0x00000000f5580000, 0x0000000100000000, 0x0000000100000000)
  eden space 158208K, 100% used [0x00000000f5580000,0x00000000ff000000,0x00000000ff000000)
  from space 7680K, 97% used [0x00000000ff000000,0x00000000ff7537b0,0x00000000ff780000)
  to   space 8704K, 0% used [0x00000000ff780000,0x00000000ff780000,0x0000000100000000)
 ParOldGen       total 115712K, used 55896K [0x00000000e0000000, 0x00000000e7100000, 0x00000000f5580000)
  object space 115712K, 48% used [0x00000000e0000000,0x00000000e3696170,0x00000000e7100000)
 Metaspace       used 54021K, capacity 60394K, committed 60672K, reserved 1101824K
  class space    used 6475K, capacity 8436K, committed 8448K, reserved 1048576K
Event: 65.140 GC heap after
Heap after GC invocations=23 (full 3):
 PSYoungGen      total 160768K, used 8692K [0x00000000f5580000, 0x0000000100000000, 0x0000000100000000)
  eden space 152064K, 0% used [0x00000000f5580000,0x00000000f5580000,0x00000000fea00000)
  from space 8704K, 99% used [0x00000000ff780000,0x00000000ffffd020,0x0000000100000000)
  to   space 11264K, 0% used [0x00000000fea00000,0x00000000fea00000,0x00000000ff500000)
 ParOldGen       total 115712K, used 58876K [0x00000000e0000000, 0x00000000e7100000, 0x00000000f5580000)
  object space 115712K, 50% used [0x00000000e0000000,0x00000000e397f0a0,0x00000000e7100000)
 Metaspace       used 54021K, capacity 60394K, committed 60672K, reserved 1101824K
  class space    used 6475K, capacity 8436K, committed 8448K, reserved 1048576K
}
Event: 66.692 GC heap before
{Heap before GC invocations=24 (full 3):
 PSYoungGen      total 160768K, used 160756K [0x00000000f5580000, 0x0000000100000000, 0x0000000100000000)
  eden space 152064K, 100% used [0x00000000f5580000,0x00000000fea00000,0x00000000fea00000)
  from space 8704K, 99% used [0x00000000ff780000,0x00000000ffffd020,0x0000000100000000)
  to   space 11264K, 0% used [0x00000000fea00000,0x00000000fea00000,0x00000000ff500000)
 ParOldGen       total 115712K, used 58876K [0x00000000e0000000, 0x00000000e7100000, 0x00000000f5580000)
  object space 115712K, 50% used [0x00000000e0000000,0x00000000e397f0a0,0x00000000e7100000)
 Metaspace       used 56292K, capacity 63058K, committed 63360K, reserved 1103872K
  class space    used 6695K, capacity 8708K, committed 8832K, reserved 1048576K
Event: 66.751 GC heap after
Heap after GC invocations=24 (full 3):
 PSYoungGen      total 163328K, used 5466K [0x00000000f5580000, 0x0000000100000000, 0x0000000100000000)
  eden space 152064K, 0% used [0x00000000f5580000,0x00000000f5580000,0x00000000fea00000)
  from space 11264K, 48% used [0x00000000fea00000,0x00000000fef569b0,0x00000000ff500000)
  to   space 10752K, 0% used [0x00000000ff580000,0x00000000ff580000,0x0000000100000000)
 ParOldGen       total 115712K, used 64458K [0x00000000e0000000, 0x00000000e7100000, 0x00000000f5580000)
  object space 115712K, 55% used [0x00000000e0000000,0x00000000e3ef2b58,0x00000000e7100000)
 Metaspace       used 56292K, capacity 63058K, committed 63360K, reserved 1103872K
  class space    used 6695K, capacity 8708K, committed 8832K, reserved 1048576K
}
Event: 71.750 GC heap before
{Heap before GC invocations=25 (full 3):
 PSYoungGen      total 163328K, used 157530K [0x00000000f5580000, 0x0000000100000000, 0x0000000100000000)
  eden space 152064K, 100% used [0x00000000f5580000,0x00000000fea00000,0x00000000fea00000)
  from space 11264K, 48% used [0x00000000fea00000,0x00000000fef569b0,0x00000000ff500000)
  to   space 10752K, 0% used [0x00000000ff580000,0x00000000ff580000,0x0000000100000000)
 ParOldGen       total 115712K, used 64458K [0x00000000e0000000, 0x00000000e7100000, 0x00000000f5580000)
  object space 115712K, 55% used [0x00000000e0000000,0x00000000e3ef2b58,0x00000000e7100000)
 Metaspace       used 59183K, capacity 66214K, committed 66560K, reserved 1105920K
  class space    used 7031K, capacity 9103K, committed 9216K, reserved 1048576K
Event: 71.780 GC heap after
Heap after GC invocations=25 (full 3):
 PSYoungGen      total 162816K, used 9262K [0x00000000f5580000, 0x0000000100000000, 0x0000000100000000)
  eden space 152064K, 0% used [0x00000000f5580000,0x00000000f5580000,0x00000000fea00000)
  from space 10752K, 86% used [0x00000000ff580000,0x00000000ffe8b818,0x0000000100000000)
  to   space 11264K, 0% used [0x00000000fea00000,0x00000000fea00000,0x00000000ff500000)
 ParOldGen       total 115712K, used 66635K [0x00000000e0000000, 0x00000000e7100000, 0x00000000f5580000)
  object space 115712K, 57% used [0x00000000e0000000,0x00000000e4112d88,0x00000000e7100000)
 Metaspace       used 59183K, capacity 66214K, committed 66560K, reserved 1105920K
  class space    used 7031K, capacity 9103K, committed 9216K, reserved 1048576K
}
Event: 72.704 GC heap before
{Heap before GC invocations=26 (full 3):
 PSYoungGen      total 162816K, used 161326K [0x00000000f5580000, 0x0000000100000000, 0x0000000100000000)
  eden space 152064K, 100% used [0x00000000f5580000,0x00000000fea00000,0x00000000fea00000)
  from space 10752K, 86% used [0x00000000ff580000,0x00000000ffe8b818,0x0000000100000000)
  to   space 11264K, 0% used [0x00000000fea00000,0x00000000fea00000,0x00000000ff500000)
 ParOldGen       total 115712K, used 66635K [0x00000000e0000000, 0x00000000e7100000, 0x00000000f5580000)
  object space 115712K, 57% used [0x00000000e0000000,0x00000000e4112d88,0x00000000e7100000)
 Metaspace       used 59488K, capacity 66758K, committed 67072K, reserved 1107968K
  class space    used 7047K, capacity 9149K, committed 9216K, reserved 1048576K
Event: 72.743 GC heap after
Heap after GC invocations=26 (full 3):
 PSYoungGen      total 161792K, used 9586K [0x00000000f5580000, 0x0000000100000000, 0x0000000100000000)
  eden space 152064K, 0% used [0x00000000f5580000,0x00000000f5580000,0x00000000fea00000)
  from space 9728K, 98% used [0x00000000fea00000,0x00000000ff35c880,0x00000000ff380000)
  to   space 12288K, 0% used [0x00000000ff400000,0x00000000ff400000,0x0000000100000000)
 ParOldGen       total 115712K, used 66635K [0x00000000e0000000, 0x00000000e7100000, 0x00000000f5580000)
  object space 115712K, 57% used [0x00000000e0000000,0x00000000e4112d88,0x00000000e7100000)
 Metaspace       used 59488K, capacity 66758K, committed 67072K, reserved 1107968K
  class space    used 7047K, capacity 9149K, committed 9216K, reserved 1048576K
}

