# JRE version: Java(TM) SE Runtime Environment (8.0_111-b14) (build 1.8.0_111-b14)
# Java VM: Java HotSpot(TM) 64-Bit Server VM (25.111-b14 mixed mode windows-amd64 compressed oops)
Heap:
 PSYoungGen      total 164352K, used 63812K [0x00000000f5580000, 0x0000000100000000, 0x0000000100000000)
  eden space 154112K, 39% used [0x00000000f5580000,0x00000000f9169ab0,0x00000000fec00000)
  from space 10240K, 24% used [0x00000000fec00000,0x00000000fee67670,0x00000000ff600000)
  to   space 10240K, 0% used [0x00000000ff600000,0x00000000ff600000,0x0000000100000000)
 ParOldGen       total 110592K, used 71949K [0x00000000e0000000, 0x00000000e6c00000, 0x00000000f5580000)
  object space 110592K, 65% used [0x00000000e0000000,0x00000000e46435c8,0x00000000e6c00000)
 Metaspace       used 59399K, capacity 66818K, committed 67072K, reserved 1107968K
  class space    used 7060K, capacity 9165K, committed 9216K, reserved 1048576K
GC Heap History (10 events):
Event: 26.811 GC heap before
{Heap before GC invocations=20 (full 3):
 PSYoungGen      total 164864K, used 155136K [0x00000000f5580000, 0x0000000100000000, 0x0000000100000000)
  eden space 155136K, 100% used [0x00000000f5580000,0x00000000fed00000,0x00000000fed00000)
  from space 9728K, 0% used [0x00000000ff680000,0x00000000ff680000,0x0000000100000000)
  to   space 9728K, 0% used [0x00000000fed00000,0x00000000fed00000,0x00000000ff680000)
 ParOldGen       total 110592K, used 59554K [0x00000000e0000000, 0x00000000e6c00000, 0x00000000f5580000)
  object space 110592K, 53% used [0x00000000e0000000,0x00000000e3a28af0,0x00000000e6c00000)
 Metaspace       used 49785K, capacity 55864K, committed 56064K, reserved 1097728K
  class space    used 6081K, capacity 7923K, committed 7936K, reserved 1048576K
Event: 26.832 GC heap after
Heap after GC invocations=20 (full 3):
 PSYoungGen      total 159744K, used 4517K [0x00000000f5580000, 0x00000000fff00000, 0x0000000100000000)
  eden space 155136K, 0% used [0x00000000f5580000,0x00000000f5580000,0x00000000fed00000)
  from space 4608K, 98% used [0x00000000fed00000,0x00000000ff1696b8,0x00000000ff180000)
  to   space 9216K, 0% used [0x00000000ff600000,0x00000000ff600000,0x00000000fff00000)
 ParOldGen       total 110592K, used 59562K [0x00000000e0000000, 0x00000000e6c00000, 0x00000000f5580000)
  object space 110592K, 53% used [0x00000000e0000000,0x00000000e3a2aaf0,0x00000000e6c00000)
 Metaspace       used 49785K, capacity 55864K, committed 56064K, reserved 1097728K
  class space    used 6081K, capacity 7923K, committed 7936K, reserved 1048576K
}
Event: 28.319 GC heap before
{Heap before GC invocations=21 (full 3):
 PSYoungGen      total 159744K, used 159653K [0x00000000f5580000, 0x00000000fff00000, 0x0000000100000000)
  eden space 155136K, 100% used [0x00000000f5580000,0x00000000fed00000,0x00000000fed00000)
  from space 4608K, 98% used [0x00000000fed00000,0x00000000ff1696b8,0x00000000ff180000)
  to   space 9216K, 0% used [0x00000000ff600000,0x00000000ff600000,0x00000000fff00000)
 ParOldGen       total 110592K, used 59562K [0x00000000e0000000, 0x00000000e6c00000, 0x00000000f5580000)
  object space 110592K, 53% used [0x00000000e0000000,0x00000000e3a2aaf0,0x00000000e6c00000)
 Metaspace       used 52735K, capacity 59022K, committed 59264K, reserved 1099776K
  class space    used 6384K, capacity 8280K, committed 8320K, reserved 1048576K
Event: 28.363 GC heap after
Heap after GC invocations=21 (full 3):
 PSYoungGen      total 164352K, used 4160K [0x00000000f5580000, 0x0000000100000000, 0x0000000100000000)
  eden space 155136K, 0% used [0x00000000f5580000,0x00000000f5580000,0x00000000fed00000)
  from space 9216K, 45% used [0x00000000ff600000,0x00000000ffa10120,0x00000000fff00000)
  to   space 9216K, 0% used [0x00000000fed00000,0x00000000fed00000,0x00000000ff600000)
 ParOldGen       total 110592K, used 62885K [0x00000000e0000000, 0x00000000e6c00000, 0x00000000f5580000)
  object space 110592K, 56% used [0x00000000e0000000,0x00000000e3d69400,0x00000000e6c00000)
 Metaspace       used 52735K, capacity 59022K, committed 59264K, reserved 1099776K
  class space    used 6384K, capacity 8280K, committed 8320K, reserved 1048576K
}
Event: 30.288 GC heap before
{Heap before GC invocations=22 (full 3):
 PSYoungGen      total 164352K, used 159296K [0x00000000f5580000, 0x0000000100000000, 0x0000000100000000)
  eden space 155136K, 100% used [0x00000000f5580000,0x00000000fed00000,0x00000000fed00000)
  from space 9216K, 45% used [0x00000000ff600000,0x00000000ffa10120,0x00000000fff00000)
  to   space 9216K, 0% used [0x00000000fed00000,0x00000000fed00000,0x00000000ff600000)
 ParOldGen       total 110592K, used 62885K [0x00000000e0000000, 0x00000000e6c00000, 0x00000000f5580000)
  object space 110592K, 56% used [0x00000000e0000000,0x00000000e3d69400,0x00000000e6c00000)
 Metaspace       used 55675K, capacity 62194K, committed 62464K, reserved 1103872K
  class space    used 6635K, capacity 8580K, committed 8704K, reserved 1048576K
Event: 30.306 GC heap after
Heap after GC invocations=22 (full 3):
 PSYoungGen      total 164352K, used 3247K [0x00000000f5580000, 0x0000000100000000, 0x0000000100000000)
  eden space 155136K, 0% used [0x00000000f5580000,0x00000000f5580000,0x00000000fed00000)
  from space 9216K, 35% used [0x00000000fed00000,0x00000000ff02bfd0,0x00000000ff600000)
  to   space 9216K, 0% used [0x00000000ff700000,0x00000000ff700000,0x0000000100000000)
 ParOldGen       total 110592K, used 64833K [0x00000000e0000000, 0x00000000e6c00000, 0x00000000f5580000)
  object space 110592K, 58% used [0x00000000e0000000,0x00000000e3f50630,0x00000000e6c00000)
 Metaspace       used 55675K, capacity 62194K, committed 62464K, reserved 1103872K
  class space    used 6635K, capacity 8580K, committed 8704K, reserved 1048576K
}
Event: 33.246 GC heap before
{Heap before GC invocations=23 (full 3):
 PSYoungGen      total 164352K, used 158383K [0x00000000f5580000, 0x0000000100000000, 0x0000000100000000)
  eden space 155136K, 100% used [0x00000000f5580000,0x00000000fed00000,0x00000000fed00000)
  from space 9216K, 35% used [0x00000000fed00000,0x00000000ff02bfd0,0x00000000ff600000)
  to   space 9216K, 0% used [0x00000000ff700000,0x00000000ff700000,0x0000000100000000)
 ParOldGen       total 110592K, used 64833K [0x00000000e0000000, 0x00000000e6c00000, 0x00000000f5580000)
  object space 110592K, 58% used [0x00000000e0000000,0x00000000e3f50630,0x00000000e6c00000)
 Metaspace       used 58910K, capacity 66002K, committed 66304K, reserved 1105920K
  class space    used 7034K, capacity 9108K, committed 9216K, reserved 1048576K
Event: 33.299 GC heap after
Heap after GC invocations=23 (full 3):
 PSYoungGen      total 163328K, used 9202K [0x00000000f5580000, 0x0000000100000000, 0x0000000100000000)
  eden space 154112K, 0% used [0x00000000f5580000,0x00000000f5580000,0x00000000fec00000)
  from space 9216K, 99% used [0x00000000ff700000,0x00000000ffffc868,0x0000000100000000)
  to   space 10240K, 0% used [0x00000000fec00000,0x00000000fec00000,0x00000000ff600000)
 ParOldGen       total 110592K, used 65175K [0x00000000e0000000, 0x00000000e6c00000, 0x00000000f5580000)
  object space 110592K, 58% used [0x00000000e0000000,0x00000000e3fa5c18,0x00000000e6c00000)
 Metaspace       used 58910K, capacity 66002K, committed 66304K, reserved 1105920K
  class space    used 7034K, capacity 9108K, committed 9216K, reserved 1048576K
}
Event: 34.408 GC heap before
{Heap before GC invocations=24 (full 3):
 PSYoungGen      total 163328K, used 163314K [0x00000000f5580000, 0x0000000100000000, 0x0000000100000000)
  eden space 154112K, 100% used [0x00000000f5580000,0x00000000fec00000,0x00000000fec00000)
  from space 9216K, 99% used [0x00000000ff700000,0x00000000ffffc868,0x0000000100000000)
  to   space 10240K, 0% used [0x00000000fec00000,0x00000000fec00000,0x00000000ff600000)
 ParOldGen       total 110592K, used 65175K [0x00000000e0000000, 0x00000000e6c00000, 0x00000000f5580000)
  object space 110592K, 58% used [0x00000000e0000000,0x00000000e3fa5c18,0x00000000e6c00000)
 Metaspace       used 59288K, capacity 66614K, committed 66816K, reserved 1107968K
  class space    used 7052K, capacity 9154K, committed 9216K, reserved 1048576K
Event: 34.433 GC heap after
Heap after GC invocations=24 (full 3):
 PSYoungGen      total 164352K, used 2461K [0x00000000f5580000, 0x0000000100000000, 0x0000000100000000)
  eden space 154112K, 0% used [0x00000000f5580000,0x00000000f5580000,0x00000000fec00000)
  from space 10240K, 24% used [0x00000000fec00000,0x00000000fee67670,0x00000000ff600000)
  to   space 10240K, 0% used [0x00000000ff600000,0x00000000ff600000,0x0000000100000000)
 ParOldGen       total 110592K, used 71949K [0x00000000e0000000, 0x00000000e6c00000, 0x00000000f5580000)
  object space 110592K, 65% used [0x00000000e0000000,0x00000000e46435c8,0x00000000e6c00000)
 Metaspace       used 59288K, capacity 66614K, committed 66816K, reserved 1107968K
  class space    used 7052K, capacity 9154K, committed 9216K, reserved 1048576K
}

