# JRE version: Java(TM) SE Runtime Environment (8.0_111-b14) (build 1.8.0_111-b14)
# Java VM: Java HotSpot(TM) 64-Bit Server VM (25.111-b14 mixed mode windows-amd64 compressed oops)
Heap:
 PSYoungGen      total 159232K, used 42892K [0x00000000f5580000, 0x0000000100000000, 0x0000000100000000)
  eden space 148992K, 21% used [0x00000000f5580000,0x00000000f757b890,0x00000000fe700000)
  from space 10240K, 99% used [0x00000000ff600000,0x00000000fffe7808,0x0000000100000000)
  to   space 12800K, 0% used [0x00000000fe700000,0x00000000fe700000,0x00000000ff380000)
 ParOldGen       total 112640K, used 67740K [0x00000000e0000000, 0x00000000e6e00000, 0x00000000f5580000)
  object space 112640K, 60% used [0x00000000e0000000,0x00000000e42271b8,0x00000000e6e00000)
 Metaspace       used 62445K, capacity 72402K, committed 72704K, reserved 1112064K
  class space    used 7622K, capacity 10138K, committed 10240K, reserved 1048576K
GC Heap History (10 events):
Event: 31.536 GC heap before
{Heap before GC invocations=21 (full 3):
 PSYoungGen      total 163840K, used 158596K [0x00000000f5580000, 0x0000000100000000, 0x0000000100000000)
  eden space 154112K, 100% used [0x00000000f5580000,0x00000000fec00000,0x00000000fec00000)
  from space 9728K, 46% used [0x00000000fec00000,0x00000000ff061340,0x00000000ff580000)
  to   space 9728K, 0% used [0x00000000ff680000,0x00000000ff680000,0x0000000100000000)
 ParOldGen       total 112640K, used 59732K [0x00000000e0000000, 0x00000000e6e00000, 0x00000000f5580000)
  object space 112640K, 53% used [0x00000000e0000000,0x00000000e3a55208,0x00000000e6e00000)
 Metaspace       used 52810K, capacity 59088K, committed 59392K, reserved 1099776K
  class space    used 6404K, capacity 8343K, committed 8448K, reserved 1048576K
Event: 31.555 GC heap after
Heap after GC invocations=21 (full 3):
 PSYoungGen      total 164864K, used 4032K [0x00000000f5580000, 0x0000000100000000, 0x0000000100000000)
  eden space 155136K, 0% used [0x00000000f5580000,0x00000000f5580000,0x00000000fed00000)
  from space 9728K, 41% used [0x00000000ff680000,0x00000000ffa703f8,0x0000000100000000)
  to   space 9728K, 0% used [0x00000000fed00000,0x00000000fed00000,0x00000000ff680000)
 ParOldGen       total 112640K, used 62985K [0x00000000e0000000, 0x00000000e6e00000, 0x00000000f5580000)
  object space 112640K, 55% used [0x00000000e0000000,0x00000000e3d82530,0x00000000e6e00000)
 Metaspace       used 52810K, capacity 59088K, committed 59392K, reserved 1099776K
  class space    used 6404K, capacity 8343K, committed 8448K, reserved 1048576K
}
Event: 32.748 GC heap before
{Heap before GC invocations=22 (full 3):
 PSYoungGen      total 164864K, used 159168K [0x00000000f5580000, 0x0000000100000000, 0x0000000100000000)
  eden space 155136K, 100% used [0x00000000f5580000,0x00000000fed00000,0x00000000fed00000)
  from space 9728K, 41% used [0x00000000ff680000,0x00000000ffa703f8,0x0000000100000000)
  to   space 9728K, 0% used [0x00000000fed00000,0x00000000fed00000,0x00000000ff680000)
 ParOldGen       total 112640K, used 62985K [0x00000000e0000000, 0x00000000e6e00000, 0x00000000f5580000)
  object space 112640K, 55% used [0x00000000e0000000,0x00000000e3d82530,0x00000000e6e00000)
 Metaspace       used 55797K, capacity 62218K, committed 62464K, reserved 1103872K
  class space    used 6660K, capacity 8608K, committed 8704K, reserved 1048576K
Event: 32.761 GC heap after
Heap after GC invocations=22 (full 3):
 PSYoungGen      total 160768K, used 5317K [0x00000000f5580000, 0x00000000fff00000, 0x0000000100000000)
  eden space 155136K, 0% used [0x00000000f5580000,0x00000000f5580000,0x00000000fed00000)
  from space 5632K, 94% used [0x00000000fed00000,0x00000000ff231548,0x00000000ff280000)
  to   space 9216K, 0% used [0x00000000ff600000,0x00000000ff600000,0x00000000fff00000)
 ParOldGen       total 112640K, used 62985K [0x00000000e0000000, 0x00000000e6e00000, 0x00000000f5580000)
  object space 112640K, 55% used [0x00000000e0000000,0x00000000e3d82530,0x00000000e6e00000)
 Metaspace       used 55797K, capacity 62218K, committed 62464K, reserved 1103872K
  class space    used 6660K, capacity 8608K, committed 8704K, reserved 1048576K
}
Event: 34.909 GC heap before
{Heap before GC invocations=23 (full 3):
 PSYoungGen      total 160768K, used 160453K [0x00000000f5580000, 0x00000000fff00000, 0x0000000100000000)
  eden space 155136K, 100% used [0x00000000f5580000,0x00000000fed00000,0x00000000fed00000)
  from space 5632K, 94% used [0x00000000fed00000,0x00000000ff231548,0x00000000ff280000)
  to   space 9216K, 0% used [0x00000000ff600000,0x00000000ff600000,0x00000000fff00000)
 ParOldGen       total 112640K, used 62985K [0x00000000e0000000, 0x00000000e6e00000, 0x00000000f5580000)
  object space 112640K, 55% used [0x00000000e0000000,0x00000000e3d82530,0x00000000e6e00000)
 Metaspace       used 57674K, capacity 64754K, committed 64896K, reserved 1105920K
  class space    used 6922K, capacity 8984K, committed 9088K, reserved 1048576K
Event: 34.936 GC heap after
Heap after GC invocations=23 (full 3):
 PSYoungGen      total 163328K, used 9053K [0x00000000f5580000, 0x0000000100000000, 0x0000000100000000)
  eden space 154112K, 0% used [0x00000000f5580000,0x00000000f5580000,0x00000000fec00000)
  from space 9216K, 98% used [0x00000000ff600000,0x00000000ffed7458,0x00000000fff00000)
  to   space 10240K, 0% used [0x00000000fec00000,0x00000000fec00000,0x00000000ff600000)
 ParOldGen       total 112640K, used 62985K [0x00000000e0000000, 0x00000000e6e00000, 0x00000000f5580000)
  object space 112640K, 55% used [0x00000000e0000000,0x00000000e3d82530,0x00000000e6e00000)
 Metaspace       used 57674K, capacity 64754K, committed 64896K, reserved 1105920K
  class space    used 6922K, capacity 8984K, committed 9088K, reserved 1048576K
}
Event: 37.231 GC heap before
{Heap before GC invocations=24 (full 3):
 PSYoungGen      total 163328K, used 163165K [0x00000000f5580000, 0x0000000100000000, 0x0000000100000000)
  eden space 154112K, 100% used [0x00000000f5580000,0x00000000fec00000,0x00000000fec00000)
  from space 9216K, 98% used [0x00000000ff600000,0x00000000ffed7458,0x00000000fff00000)
  to   space 10240K, 0% used [0x00000000fec00000,0x00000000fec00000,0x00000000ff600000)
 ParOldGen       total 112640K, used 62985K [0x00000000e0000000, 0x00000000e6e00000, 0x00000000f5580000)
  object space 112640K, 55% used [0x00000000e0000000,0x00000000e3d82530,0x00000000e6e00000)
 Metaspace       used 60416K, capacity 69354K, committed 69504K, reserved 1107968K
  class space    used 7511K, capacity 10014K, committed 10112K, reserved 1048576K
Event: 37.261 GC heap after
Heap after GC invocations=24 (full 3):
 PSYoungGen      total 164352K, used 10236K [0x00000000f5580000, 0x0000000100000000, 0x0000000100000000)
  eden space 154112K, 0% used [0x00000000f5580000,0x00000000f5580000,0x00000000fec00000)
  from space 10240K, 99% used [0x00000000fec00000,0x00000000ff5ff0b0,0x00000000ff600000)
  to   space 10240K, 0% used [0x00000000ff600000,0x00000000ff600000,0x0000000100000000)
 ParOldGen       total 112640K, used 63852K [0x00000000e0000000, 0x00000000e6e00000, 0x00000000f5580000)
  object space 112640K, 56% used [0x00000000e0000000,0x00000000e3e5b128,0x00000000e6e00000)
 Metaspace       used 60416K, capacity 69354K, committed 69504K, reserved 1107968K
  class space    used 7511K, capacity 10014K, committed 10112K, reserved 1048576K
}
Event: 44.377 GC heap before
{Heap before GC invocations=25 (full 3):
 PSYoungGen      total 164352K, used 164348K [0x00000000f5580000, 0x0000000100000000, 0x0000000100000000)
  eden space 154112K, 100% used [0x00000000f5580000,0x00000000fec00000,0x00000000fec00000)
  from space 10240K, 99% used [0x00000000fec00000,0x00000000ff5ff0b0,0x00000000ff600000)
  to   space 10240K, 0% used [0x00000000ff600000,0x00000000ff600000,0x0000000100000000)
 ParOldGen       total 112640K, used 63852K [0x00000000e0000000, 0x00000000e6e00000, 0x00000000f5580000)
  object space 112640K, 56% used [0x00000000e0000000,0x00000000e3e5b128,0x00000000e6e00000)
 Metaspace       used 62040K, capacity 71924K, committed 72064K, reserved 1112064K
  class space    used 7574K, capacity 10079K, committed 10112K, reserved 1048576K
Event: 44.422 GC heap after
Heap after GC invocations=25 (full 3):
 PSYoungGen      total 159232K, used 10142K [0x00000000f5580000, 0x0000000100000000, 0x0000000100000000)
  eden space 148992K, 0% used [0x00000000f5580000,0x00000000f5580000,0x00000000fe700000)
  from space 10240K, 99% used [0x00000000ff600000,0x00000000fffe7808,0x0000000100000000)
  to   space 12800K, 0% used [0x00000000fe700000,0x00000000fe700000,0x00000000ff380000)
 ParOldGen       total 112640K, used 67740K [0x00000000e0000000, 0x00000000e6e00000, 0x00000000f5580000)
  object space 112640K, 60% used [0x00000000e0000000,0x00000000e42271b8,0x00000000e6e00000)
 Metaspace       used 62040K, capacity 71924K, committed 72064K, reserved 1112064K
  class space    used 7574K, capacity 10079K, committed 10112K, reserved 1048576K
}

