# JRE version: Java(TM) SE Runtime Environment (8.0_111-b14) (build 1.8.0_111-b14)
# Java VM: Java HotSpot(TM) 64-Bit Server VM (25.111-b14 mixed mode windows-amd64 compressed oops)
Heap:
 PSYoungGen      total 164864K, used 42131K [0x00000000f5580000, 0x00000000fff80000, 0x0000000100000000)
  eden space 156160K, 24% used [0x00000000f5580000,0x00000000f7b1a1d0,0x00000000fee00000)
  from space 8704K, 41% used [0x00000000fee00000,0x00000000ff18aa98,0x00000000ff680000)
  to   space 8192K, 0% used [0x00000000ff780000,0x00000000ff780000,0x00000000fff80000)
 ParOldGen       total 105984K, used 72763K [0x00000000e0000000, 0x00000000e6780000, 0x00000000f5580000)
  object space 105984K, 68% used [0x00000000e0000000,0x00000000e470ee60,0x00000000e6780000)
 Metaspace       used 64971K, capacity 74864K, committed 75008K, reserved 1114112K
  class space    used 7956K, capacity 10494K, committed 10496K, reserved 1048576K
GC Heap History (10 events):
Event: 64.569 GC heap before
{Heap before GC invocations=26 (full 3):
 PSYoungGen      total 164864K, used 159577K [0x00000000f5580000, 0x0000000100000000, 0x0000000100000000)
  eden space 154624K, 100% used [0x00000000f5580000,0x00000000fec80000,0x00000000fec80000)
  from space 10240K, 48% used [0x00000000ff600000,0x00000000ffad6588,0x0000000100000000)
  to   space 9728K, 0% used [0x00000000fec80000,0x00000000fec80000,0x00000000ff600000)
 ParOldGen       total 105984K, used 59014K [0x00000000e0000000, 0x00000000e6780000, 0x00000000f5580000)
  object space 105984K, 55% used [0x00000000e0000000,0x00000000e39a1b28,0x00000000e6780000)
 Metaspace       used 55375K, capacity 61714K, committed 61952K, reserved 1101824K
  class space    used 6728K, capacity 8665K, committed 8704K, reserved 1048576K
Event: 64.594 GC heap after
Heap after GC invocations=26 (full 3):
 PSYoungGen      total 159232K, used 4424K [0x00000000f5580000, 0x00000000ffe80000, 0x0000000100000000)
  eden space 154624K, 0% used [0x00000000f5580000,0x00000000f5580000,0x00000000fec80000)
  from space 4608K, 96% used [0x00000000fec80000,0x00000000ff0d20e8,0x00000000ff100000)
  to   space 9216K, 0% used [0x00000000ff580000,0x00000000ff580000,0x00000000ffe80000)
 ParOldGen       total 105984K, used 62283K [0x00000000e0000000, 0x00000000e6780000, 0x00000000f5580000)
  object space 105984K, 58% used [0x00000000e0000000,0x00000000e3cd2e50,0x00000000e6780000)
 Metaspace       used 55375K, capacity 61714K, committed 61952K, reserved 1101824K
  class space    used 6728K, capacity 8665K, committed 8704K, reserved 1048576K
}
Event: 66.711 GC heap before
{Heap before GC invocations=27 (full 3):
 PSYoungGen      total 159232K, used 159048K [0x00000000f5580000, 0x00000000ffe80000, 0x0000000100000000)
  eden space 154624K, 100% used [0x00000000f5580000,0x00000000fec80000,0x00000000fec80000)
  from space 4608K, 96% used [0x00000000fec80000,0x00000000ff0d20e8,0x00000000ff100000)
  to   space 9216K, 0% used [0x00000000ff580000,0x00000000ff580000,0x00000000ffe80000)
 ParOldGen       total 105984K, used 62283K [0x00000000e0000000, 0x00000000e6780000, 0x00000000f5580000)
  object space 105984K, 58% used [0x00000000e0000000,0x00000000e3cd2e50,0x00000000e6780000)
 Metaspace       used 58340K, capacity 64878K, committed 65024K, reserved 1105920K
  class space    used 6987K, capacity 8933K, committed 8960K, reserved 1048576K
Event: 66.731 GC heap after
Heap after GC invocations=27 (full 3):
 PSYoungGen      total 163840K, used 3250K [0x00000000f5580000, 0x0000000100000000, 0x0000000100000000)
  eden space 154624K, 0% used [0x00000000f5580000,0x00000000f5580000,0x00000000fec80000)
  from space 9216K, 35% used [0x00000000ff580000,0x00000000ff8acba0,0x00000000ffe80000)
  to   space 9216K, 0% used [0x00000000fec80000,0x00000000fec80000,0x00000000ff580000)
 ParOldGen       total 105984K, used 64296K [0x00000000e0000000, 0x00000000e6780000, 0x00000000f5580000)
  object space 105984K, 60% used [0x00000000e0000000,0x00000000e3eca080,0x00000000e6780000)
 Metaspace       used 58340K, capacity 64878K, committed 65024K, reserved 1105920K
  class space    used 6987K, capacity 8933K, committed 8960K, reserved 1048576K
}
Event: 70.828 GC heap before
{Heap before GC invocations=28 (full 3):
 PSYoungGen      total 163840K, used 157874K [0x00000000f5580000, 0x0000000100000000, 0x0000000100000000)
  eden space 154624K, 100% used [0x00000000f5580000,0x00000000fec80000,0x00000000fec80000)
  from space 9216K, 35% used [0x00000000ff580000,0x00000000ff8acba0,0x00000000ffe80000)
  to   space 9216K, 0% used [0x00000000fec80000,0x00000000fec80000,0x00000000ff580000)
 ParOldGen       total 105984K, used 64296K [0x00000000e0000000, 0x00000000e6780000, 0x00000000f5580000)
  object space 105984K, 60% used [0x00000000e0000000,0x00000000e3eca080,0x00000000e6780000)
 Metaspace       used 60217K, capacity 67316K, committed 67456K, reserved 1107968K
  class space    used 7248K, capacity 9306K, committed 9344K, reserved 1048576K
Event: 70.850 GC heap after
Heap after GC invocations=28 (full 3):
 PSYoungGen      total 163840K, used 5175K [0x00000000f5580000, 0x0000000100000000, 0x0000000100000000)
  eden space 154624K, 0% used [0x00000000f5580000,0x00000000f5580000,0x00000000fec80000)
  from space 9216K, 56% used [0x00000000fec80000,0x00000000ff18df80,0x00000000ff580000)
  to   space 9216K, 0% used [0x00000000ff700000,0x00000000ff700000,0x0000000100000000)
 ParOldGen       total 105984K, used 66273K [0x00000000e0000000, 0x00000000e6780000, 0x00000000f5580000)
  object space 105984K, 62% used [0x00000000e0000000,0x00000000e40b8700,0x00000000e6780000)
 Metaspace       used 60217K, capacity 67316K, committed 67456K, reserved 1107968K
  class space    used 7248K, capacity 9306K, committed 9344K, reserved 1048576K
}
Event: 73.780 GC heap before
{Heap before GC invocations=29 (full 3):
 PSYoungGen      total 163840K, used 159799K [0x00000000f5580000, 0x0000000100000000, 0x0000000100000000)
  eden space 154624K, 100% used [0x00000000f5580000,0x00000000fec80000,0x00000000fec80000)
  from space 9216K, 56% used [0x00000000fec80000,0x00000000ff18df80,0x00000000ff580000)
  to   space 9216K, 0% used [0x00000000ff700000,0x00000000ff700000,0x0000000100000000)
 ParOldGen       total 105984K, used 66273K [0x00000000e0000000, 0x00000000e6780000, 0x00000000f5580000)
  object space 105984K, 62% used [0x00000000e0000000,0x00000000e40b8700,0x00000000e6780000)
 Metaspace       used 62969K, capacity 71980K, committed 72064K, reserved 1112064K
  class space    used 7839K, capacity 10336K, committed 10368K, reserved 1048576K
Event: 73.812 GC heap after
Heap after GC invocations=29 (full 3):
 PSYoungGen      total 164352K, used 4154K [0x00000000f5580000, 0x00000000fff00000, 0x0000000100000000)
  eden space 156160K, 0% used [0x00000000f5580000,0x00000000f5580000,0x00000000fee00000)
  from space 8192K, 50% used [0x00000000ff700000,0x00000000ffb0ebb8,0x00000000fff00000)
  to   space 8704K, 0% used [0x00000000fee00000,0x00000000fee00000,0x00000000ff680000)
 ParOldGen       total 105984K, used 69507K [0x00000000e0000000, 0x00000000e6780000, 0x00000000f5580000)
  object space 105984K, 65% used [0x00000000e0000000,0x00000000e43e0c10,0x00000000e6780000)
 Metaspace       used 62969K, capacity 71980K, committed 72064K, reserved 1112064K
  class space    used 7839K, capacity 10336K, committed 10368K, reserved 1048576K
}
Event: 83.378 GC heap before
{Heap before GC invocations=30 (full 3):
 PSYoungGen      total 164352K, used 160314K [0x00000000f5580000, 0x00000000fff00000, 0x0000000100000000)
  eden space 156160K, 100% used [0x00000000f5580000,0x00000000fee00000,0x00000000fee00000)
  from space 8192K, 50% used [0x00000000ff700000,0x00000000ffb0ebb8,0x00000000fff00000)
  to   space 8704K, 0% used [0x00000000fee00000,0x00000000fee00000,0x00000000ff680000)
 ParOldGen       total 105984K, used 69507K [0x00000000e0000000, 0x00000000e6780000, 0x00000000f5580000)
  object space 105984K, 65% used [0x00000000e0000000,0x00000000e43e0c10,0x00000000e6780000)
 Metaspace       used 64546K, capacity 74406K, committed 74752K, reserved 1114112K
  class space    used 7901K, capacity 10401K, committed 10496K, reserved 1048576K
Event: 83.414 GC heap after
Heap after GC invocations=30 (full 3):
 PSYoungGen      total 164864K, used 3626K [0x00000000f5580000, 0x00000000fff80000, 0x0000000100000000)
  eden space 156160K, 0% used [0x00000000f5580000,0x00000000f5580000,0x00000000fee00000)
  from space 8704K, 41% used [0x00000000fee00000,0x00000000ff18aa98,0x00000000ff680000)
  to   space 8192K, 0% used [0x00000000ff780000,0x00000000ff780000,0x00000000fff80000)
 ParOldGen       total 105984K, used 72763K [0x00000000e0000000, 0x00000000e6780000, 0x00000000f5580000)
  object space 105984K, 68% used [0x00000000e0000000,0x00000000e470ee60,0x00000000e6780000)
 Metaspace       used 64546K, capacity 74406K, committed 74752K, reserved 1114112K
  class space    used 7901K, capacity 10401K, committed 10496K, reserved 1048576K
}

