# JRE version: Java(TM) SE Runtime Environment (8.0_111-b14) (build 1.8.0_111-b14)
# Java VM: Java HotSpot(TM) 64-Bit Server VM (25.111-b14 mixed mode windows-amd64 compressed oops)
Heap:
 PSYoungGen      total 161792K, used 161791K [0x00000000f5580000, 0x0000000100000000, 0x0000000100000000)
  eden space 148992K, 100% used [0x00000000f5580000,0x00000000fe700000,0x00000000fe700000)
  from space 12800K, 99% used [0x00000000fe700000,0x00000000ff37fe50,0x00000000ff380000)
  to   space 12800K, 0% used [0x00000000ff380000,0x00000000ff380000,0x0000000100000000)
 ParOldGen       total 111616K, used 70742K [0x00000000e0000000, 0x00000000e6d00000, 0x00000000f5580000)
  object space 111616K, 63% used [0x00000000e0000000,0x00000000e4515870,0x00000000e6d00000)
 Metaspace       used 63716K, capacity 73704K, committed 73856K, reserved 1112064K
  class space    used 7770K, capacity 10303K, committed 10368K, reserved 1048576K
GC Heap History (10 events):
Event: 33.357 GC heap before
{Heap before GC invocations=22 (full 3):
 PSYoungGen      total 163840K, used 159595K [0x00000000f5580000, 0x00000000fff00000, 0x0000000100000000)
  eden space 155136K, 100% used [0x00000000f5580000,0x00000000fed00000,0x00000000fed00000)
  from space 8704K, 51% used [0x00000000ff680000,0x00000000ffadae48,0x00000000fff00000)
  to   space 9216K, 0% used [0x00000000fed00000,0x00000000fed00000,0x00000000ff600000)
 ParOldGen       total 111616K, used 63016K [0x00000000e0000000, 0x00000000e6d00000, 0x00000000f5580000)
  object space 111616K, 56% used [0x00000000e0000000,0x00000000e3d8a300,0x00000000e6d00000)
 Metaspace       used 55816K, capacity 62270K, committed 62464K, reserved 1103872K
  class space    used 6664K, capacity 8612K, committed 8704K, reserved 1048576K
Event: 33.375 GC heap after
Heap after GC invocations=22 (full 3):
 PSYoungGen      total 164352K, used 5315K [0x00000000f5580000, 0x0000000100000000, 0x0000000100000000)
  eden space 155136K, 0% used [0x00000000f5580000,0x00000000f5580000,0x00000000fed00000)
  from space 9216K, 57% used [0x00000000fed00000,0x00000000ff230fe0,0x00000000ff600000)
  to   space 9216K, 0% used [0x00000000ff700000,0x00000000ff700000,0x0000000100000000)
 ParOldGen       total 111616K, used 63016K [0x00000000e0000000, 0x00000000e6d00000, 0x00000000f5580000)
  object space 111616K, 56% used [0x00000000e0000000,0x00000000e3d8a300,0x00000000e6d00000)
 Metaspace       used 55816K, capacity 62270K, committed 62464K, reserved 1103872K
  class space    used 6664K, capacity 8612K, committed 8704K, reserved 1048576K
}
Event: 35.204 GC heap before
{Heap before GC invocations=23 (full 3):
 PSYoungGen      total 164352K, used 160451K [0x00000000f5580000, 0x0000000100000000, 0x0000000100000000)
  eden space 155136K, 100% used [0x00000000f5580000,0x00000000fed00000,0x00000000fed00000)
  from space 9216K, 57% used [0x00000000fed00000,0x00000000ff230fe0,0x00000000ff600000)
  to   space 9216K, 0% used [0x00000000ff700000,0x00000000ff700000,0x0000000100000000)
 ParOldGen       total 111616K, used 63016K [0x00000000e0000000, 0x00000000e6d00000, 0x00000000f5580000)
  object space 111616K, 56% used [0x00000000e0000000,0x00000000e3d8a300,0x00000000e6d00000)
 Metaspace       used 57679K, capacity 64764K, committed 64896K, reserved 1105920K
  class space    used 6921K, capacity 8985K, committed 9088K, reserved 1048576K
Event: 35.232 GC heap after
Heap after GC invocations=23 (full 3):
 PSYoungGen      total 163328K, used 9079K [0x00000000f5580000, 0x0000000100000000, 0x0000000100000000)
  eden space 154112K, 0% used [0x00000000f5580000,0x00000000f5580000,0x00000000fec00000)
  from space 9216K, 98% used [0x00000000ff700000,0x00000000fffddda0,0x0000000100000000)
  to   space 10240K, 0% used [0x00000000fec00000,0x00000000fec00000,0x00000000ff600000)
 ParOldGen       total 111616K, used 63024K [0x00000000e0000000, 0x00000000e6d00000, 0x00000000f5580000)
  object space 111616K, 56% used [0x00000000e0000000,0x00000000e3d8c300,0x00000000e6d00000)
 Metaspace       used 57679K, capacity 64764K, committed 64896K, reserved 1105920K
  class space    used 6921K, capacity 8985K, committed 9088K, reserved 1048576K
}
Event: 37.499 GC heap before
{Heap before GC invocations=24 (full 3):
 PSYoungGen      total 163328K, used 163191K [0x00000000f5580000, 0x0000000100000000, 0x0000000100000000)
  eden space 154112K, 100% used [0x00000000f5580000,0x00000000fec00000,0x00000000fec00000)
  from space 9216K, 98% used [0x00000000ff700000,0x00000000fffddda0,0x0000000100000000)
  to   space 10240K, 0% used [0x00000000fec00000,0x00000000fec00000,0x00000000ff600000)
 ParOldGen       total 111616K, used 63024K [0x00000000e0000000, 0x00000000e6d00000, 0x00000000f5580000)
  object space 111616K, 56% used [0x00000000e0000000,0x00000000e3d8c300,0x00000000e6d00000)
 Metaspace       used 60423K, capacity 69348K, committed 69504K, reserved 1107968K
  class space    used 7513K, capacity 10015K, committed 10112K, reserved 1048576K
Event: 37.540 GC heap after
Heap after GC invocations=24 (full 3):
 PSYoungGen      total 164352K, used 10216K [0x00000000f5580000, 0x0000000100000000, 0x0000000100000000)
  eden space 154112K, 0% used [0x00000000f5580000,0x00000000f5580000,0x00000000fec00000)
  from space 10240K, 99% used [0x00000000fec00000,0x00000000ff5fa0a0,0x00000000ff600000)
  to   space 10240K, 0% used [0x00000000ff600000,0x00000000ff600000,0x0000000100000000)
 ParOldGen       total 111616K, used 64256K [0x00000000e0000000, 0x00000000e6d00000, 0x00000000f5580000)
  object space 111616K, 57% used [0x00000000e0000000,0x00000000e3ec02c0,0x00000000e6d00000)
 Metaspace       used 60423K, capacity 69348K, committed 69504K, reserved 1107968K
  class space    used 7513K, capacity 10015K, committed 10112K, reserved 1048576K
}
Event: 43.940 GC heap before
{Heap before GC invocations=25 (full 3):
 PSYoungGen      total 164352K, used 164328K [0x00000000f5580000, 0x0000000100000000, 0x0000000100000000)
  eden space 154112K, 100% used [0x00000000f5580000,0x00000000fec00000,0x00000000fec00000)
  from space 10240K, 99% used [0x00000000fec00000,0x00000000ff5fa0a0,0x00000000ff600000)
  to   space 10240K, 0% used [0x00000000ff600000,0x00000000ff600000,0x0000000100000000)
 ParOldGen       total 111616K, used 64256K [0x00000000e0000000, 0x00000000e6d00000, 0x00000000f5580000)
  object space 111616K, 57% used [0x00000000e0000000,0x00000000e3ec02c0,0x00000000e6d00000)
 Metaspace       used 62033K, capacity 71870K, committed 72064K, reserved 1112064K
  class space    used 7575K, capacity 10080K, committed 10112K, reserved 1048576K
Event: 43.983 GC heap after
Heap after GC invocations=25 (full 3):
 PSYoungGen      total 159232K, used 10042K [0x00000000f5580000, 0x0000000100000000, 0x0000000100000000)
  eden space 148992K, 0% used [0x00000000f5580000,0x00000000f5580000,0x00000000fe700000)
  from space 10240K, 98% used [0x00000000ff600000,0x00000000fffce990,0x0000000100000000)
  to   space 12800K, 0% used [0x00000000fe700000,0x00000000fe700000,0x00000000ff380000)
 ParOldGen       total 111616K, used 67608K [0x00000000e0000000, 0x00000000e6d00000, 0x00000000f5580000)
  object space 111616K, 60% used [0x00000000e0000000,0x00000000e4206350,0x00000000e6d00000)
 Metaspace       used 62033K, capacity 71870K, committed 72064K, reserved 1112064K
  class space    used 7575K, capacity 10080K, committed 10112K, reserved 1048576K
}
Event: 46.461 GC heap before
{Heap before GC invocations=26 (full 3):
 PSYoungGen      total 159232K, used 159034K [0x00000000f5580000, 0x0000000100000000, 0x0000000100000000)
  eden space 148992K, 100% used [0x00000000f5580000,0x00000000fe700000,0x00000000fe700000)
  from space 10240K, 98% used [0x00000000ff600000,0x00000000fffce990,0x0000000100000000)
  to   space 12800K, 0% used [0x00000000fe700000,0x00000000fe700000,0x00000000ff380000)
 ParOldGen       total 111616K, used 67608K [0x00000000e0000000, 0x00000000e6d00000, 0x00000000f5580000)
  object space 111616K, 60% used [0x00000000e0000000,0x00000000e4206350,0x00000000e6d00000)
 Metaspace       used 63664K, capacity 73646K, committed 73856K, reserved 1112064K
  class space    used 7761K, capacity 10288K, committed 10368K, reserved 1048576K
Event: 46.503 GC heap after
Heap after GC invocations=26 (full 3):
 PSYoungGen      total 161792K, used 12799K [0x00000000f5580000, 0x0000000100000000, 0x0000000100000000)
  eden space 148992K, 0% used [0x00000000f5580000,0x00000000f5580000,0x00000000fe700000)
  from space 12800K, 99% used [0x00000000fe700000,0x00000000ff37fe50,0x00000000ff380000)
  to   space 12800K, 0% used [0x00000000ff380000,0x00000000ff380000,0x0000000100000000)
 ParOldGen       total 111616K, used 70742K [0x00000000e0000000, 0x00000000e6d00000, 0x00000000f5580000)
  object space 111616K, 63% used [0x00000000e0000000,0x00000000e4515870,0x00000000e6d00000)
 Metaspace       used 63664K, capacity 73646K, committed 73856K, reserved 1112064K
  class space    used 7761K, capacity 10288K, committed 10368K, reserved 1048576K
}

